#
# There is insufficient memory for the Java Runtime Environment to continue.
# Native memory allocation (mmap) failed to map 536870912 bytes for Failed to commit area from 0x00000000c0000000 to 0x00000000e0000000 of length 536870912.
# Possible reasons:
#   The system is out of physical RAM or swap space
#   The process is running with CompressedOops enabled, and the Java Heap may be blocking the growth of the native heap
# Possible solutions:
#   Reduce memory load on the system
#   Increase physical memory or swap space
#   Check if swap backing store is full
#   Decrease Java heap size (-Xmx/-Xms)
#   Decrease number of Java threads
#   Decrease Java thread stack sizes (-Xss)
#   Set larger code cache with -XX:ReservedCodeCacheSize=
# This output file may be truncated or incomplete.
#
#  Out of Memory Error (./src/hotspot/os/windows/os_windows.cpp:3386), pid=13928, tid=16132
#
# JRE version:  (11.0.17+8) (build )
# Java VM: OpenJDK 64-Bit Server VM (11.0.17+8-LTS, mixed mode, sharing, tiered, compressed oops, g1 gc, windows-amd64)
# No core dump will be written. Minidumps are not enabled by default on client versions of Windows
#

---------------  S U M M A R Y ------------

Command Line: -Xms512M -Xmx1024M -Xss1M -XX:+CMSClassUnloadingEnabled -javaagent:D:\IntelliJ IDEA 2022.2.2\lib\idea_rt.jar=55734:D:\IntelliJ IDEA 2022.2.2\bin -Dfile.encoding=windows-1252 xsbt.boot.Boot run

Host: AMD Ryzen 5 3500U with Radeon Vega Mobile Gfx  , 8 cores, 9G,  Windows 11 , 64 bit Build 22621 (10.0.22621.963)
Time: Mon Dec 19 10:35:15 2022 Hora padrão de GMT elapsed time: 0.018916 seconds (0d 0h 0m 0s)

---------------  T H R E A D  ---------------

Current thread (0x000002ad55616800):  JavaThread "Unknown thread" [_thread_in_vm, id=16132, stack(0x000000e295700000,0x000000e295800000)]

Stack: [0x000000e295700000,0x000000e295800000]
Native frames: (J=compiled Java code, j=interpreted, Vv=VM code, C=native code)
V  [jvm.dll+0x627a3a]
V  [jvm.dll+0x7b4799]
V  [jvm.dll+0x7b5e88]
V  [jvm.dll+0x7b6563]
V  [jvm.dll+0x24ff38]
V  [jvm.dll+0x624d4a]
V  [jvm.dll+0x6194d5]
V  [jvm.dll+0x308d0c]
V  [jvm.dll+0x308b92]
V  [jvm.dll+0x30d8a6]
V  [jvm.dll+0x353cef]
V  [jvm.dll+0x353720]
V  [jvm.dll+0x2e5d18]
V  [jvm.dll+0x2e6e76]
V  [jvm.dll+0x78e5d7]
V  [jvm.dll+0x78fd5f]
V  [jvm.dll+0x360a69]
V  [jvm.dll+0x771540]
V  [jvm.dll+0x3ce58f]
V  [jvm.dll+0x3d0921]
C  [jli.dll+0x5207]
C  [ucrtbase.dll+0x29363]
C  [KERNEL32.DLL+0x126bd]
C  [ntdll.dll+0x5dfb8]


---------------  P R O C E S S  ---------------

Threads class SMR info:
_java_thread_list=0x000002ad554e3b60, length=0, elements={
}

Java Threads: ( => current thread )

Other Threads:
  0x000002ad55631800 GCTaskThread "GC Thread#0" [stack: 0x000000e295800000,0x000000e295900000] [id=4300]
  0x000002ad5564d800 ConcurrentGCThread "G1 Main Marker" [stack: 0x000000e295900000,0x000000e295a00000] [id=5504]
  0x000002ad5564f800 ConcurrentGCThread "G1 Conc#0" [stack: 0x000000e295a00000,0x000000e295b00000] [id=7008]

[error occurred during error reporting (printing all threads), id 0xc0000005, EXCEPTION_ACCESS_VIOLATION (0xc0000005) at pc=0x00007ffac03954e7]

VM state:not at safepoint (not fully initialized)

VM Mutex/Monitor currently owned by a thread:  ([mutex/lock_event])
[0x000002ad55613080] Heap_lock - owner thread: 0x000002ad55616800

Heap address: 0x00000000c0000000, size: 1024 MB, Compressed Oops mode: Non-zero based: 0x00000000c0000000
Narrow klass base: 0x0000000000000000, Narrow klass shift: 0

GC Heap History (0 events):
No events

Deoptimization events (0 events):
No events

Classes redefined (0 events):
No events

Internal exceptions (0 events):
No events

Events (1 events):
Event: 0.014 Loaded shared library C:\Program Files\Microsoft\jdk-11.0.17.8-hotspot\bin\zip.dll


Dynamic libraries:
0x00007ff74e100000 - 0x00007ff74e10d000 	C:\Program Files\Microsoft\jdk-11.0.17.8-hotspot\bin\java.exe
0x00007ffb21330000 - 0x00007ffb21544000 	C:\WINDOWS\SYSTEM32\ntdll.dll
0x00007ffb20470000 - 0x00007ffb20533000 	C:\WINDOWS\System32\KERNEL32.DLL
0x00007ffb1ed80000 - 0x00007ffb1f11d000 	C:\WINDOWS\System32\KERNELBASE.dll
0x00007ffb1e780000 - 0x00007ffb1e891000 	C:\WINDOWS\System32\ucrtbase.dll
0x00007ffb037a0000 - 0x00007ffb037b7000 	C:\Program Files\Microsoft\jdk-11.0.17.8-hotspot\bin\jli.dll
0x00007ffb02ac0000 - 0x00007ffb02ad5000 	C:\Program Files\Microsoft\jdk-11.0.17.8-hotspot\bin\VCRUNTIME140.dll
0x00007ffb20740000 - 0x00007ffb208ed000 	C:\WINDOWS\System32\USER32.dll
0x00007ffb0d510000 - 0x00007ffb0d79e000 	C:\WINDOWS\WinSxS\amd64_microsoft.windows.common-controls_6595b64144ccf1df_6.0.22621.608_none_a9444ca7c10bb01d\COMCTL32.dll
0x00007ffb1e750000 - 0x00007ffb1e776000 	C:\WINDOWS\System32\win32u.dll
0x00007ffb20bb0000 - 0x00007ffb20c57000 	C:\WINDOWS\System32\msvcrt.dll
0x00007ffb20440000 - 0x00007ffb20469000 	C:\WINDOWS\System32\GDI32.dll
0x00007ffb1e990000 - 0x00007ffb1eaa2000 	C:\WINDOWS\System32\gdi32full.dll
0x00007ffb1ec20000 - 0x00007ffb1ecba000 	C:\WINDOWS\System32\msvcp_win.dll
0x00007ffb20af0000 - 0x00007ffb20b22000 	C:\WINDOWS\System32\IMM32.DLL
0x00007ffaf0340000 - 0x00007ffaf03db000 	C:\Program Files\Microsoft\jdk-11.0.17.8-hotspot\bin\msvcp140.dll
0x00007ffac00a0000 - 0x00007ffac0c2b000 	C:\Program Files\Microsoft\jdk-11.0.17.8-hotspot\bin\server\jvm.dll
0x00007ffb20a40000 - 0x00007ffb20aee000 	C:\WINDOWS\System32\ADVAPI32.dll
0x00007ffb1fb20000 - 0x00007ffb1fbc4000 	C:\WINDOWS\System32\sechost.dll
0x00007ffb20c70000 - 0x00007ffb20d85000 	C:\WINDOWS\System32\RPCRT4.dll
0x00007ffb20730000 - 0x00007ffb20738000 	C:\WINDOWS\System32\PSAPI.DLL
0x00007ffb18320000 - 0x00007ffb18354000 	C:\WINDOWS\SYSTEM32\WINMM.dll
0x00007ffb11400000 - 0x00007ffb11409000 	C:\WINDOWS\SYSTEM32\WSOCK32.dll
0x00007ffb15f50000 - 0x00007ffb15f5a000 	C:\WINDOWS\SYSTEM32\VERSION.dll
0x00007ffb20b30000 - 0x00007ffb20ba1000 	C:\WINDOWS\System32\WS2_32.dll
0x00007ffb1d7b0000 - 0x00007ffb1d7c8000 	C:\WINDOWS\SYSTEM32\kernel.appcore.dll
0x00007ffb12360000 - 0x00007ffb12370000 	C:\Program Files\Microsoft\jdk-11.0.17.8-hotspot\bin\verify.dll
0x00007ffb16c80000 - 0x00007ffb16eae000 	C:\WINDOWS\SYSTEM32\DBGHELP.DLL
0x00007ffb20ed0000 - 0x00007ffb2125a000 	C:\WINDOWS\System32\combase.dll
0x00007ffb20d90000 - 0x00007ffb20e67000 	C:\WINDOWS\System32\OLEAUT32.dll
0x00007ffb0d860000 - 0x00007ffb0d892000 	C:\WINDOWS\SYSTEM32\dbgcore.DLL
0x00007ffb1e8a0000 - 0x00007ffb1e91b000 	C:\WINDOWS\System32\bcryptPrimitives.dll
0x00007ffaf0310000 - 0x00007ffaf0338000 	C:\Program Files\Microsoft\jdk-11.0.17.8-hotspot\bin\java.dll
0x00007ffb03790000 - 0x00007ffb0379a000 	C:\Program Files\Microsoft\jdk-11.0.17.8-hotspot\bin\jimage.dll
0x00007ffb08f30000 - 0x00007ffb08f3e000 	C:\Program Files\Microsoft\jdk-11.0.17.8-hotspot\bin\instrument.dll
0x00007ffaf02f0000 - 0x00007ffaf0308000 	C:\Program Files\Microsoft\jdk-11.0.17.8-hotspot\bin\zip.dll

dbghelp: loaded successfully - version: 4.0.5 - missing functions: none
symbol engine: initialized successfully - sym options: 0x614 - pdb path: .;C:\Program Files\Microsoft\jdk-11.0.17.8-hotspot\bin;C:\WINDOWS\SYSTEM32;C:\WINDOWS\WinSxS\amd64_microsoft.windows.common-controls_6595b64144ccf1df_6.0.22621.608_none_a9444ca7c10bb01d;C:\Program Files\Microsoft\jdk-11.0.17.8-hotspot\bin\server

VM Arguments:
jvm_args: -Xms512M -Xmx1024M -Xss1M -XX:+CMSClassUnloadingEnabled -javaagent:D:\IntelliJ IDEA 2022.2.2\lib\idea_rt.jar=55734:D:\IntelliJ IDEA 2022.2.2\bin -Dfile.encoding=windows-1252 
java_command: xsbt.boot.Boot run
java_class_path (initial): C:\Users\André ISCTE\AppData\Roaming\JetBrains\IntelliJIdea2022.2\plugins\Scala\launcher\sbt-launch.jar
Launcher Type: SUN_STANDARD

[Global flags]
     intx CICompilerCount                          = 4                                         {product} {ergonomic}
     bool CMSClassUnloadingEnabled                 = true                                      {product} {command line}
     uint ConcGCThreads                            = 2                                         {product} {ergonomic}
     uint G1ConcRefinementThreads                  = 8                                         {product} {ergonomic}
   size_t G1HeapRegionSize                         = 1048576                                   {product} {ergonomic}
    uintx GCDrainStackTargetSize                   = 64                                        {product} {ergonomic}
   size_t InitialHeapSize                          = 536870912                                 {product} {command line}
   size_t MarkStackSize                            = 4194304                                   {product} {ergonomic}
   size_t MaxHeapSize                              = 1073741824                                {product} {command line}
   size_t MinHeapDeltaBytes                        = 1048576                                   {product} {ergonomic}
    uintx NonNMethodCodeHeapSize                   = 5836300                                {pd product} {ergonomic}
    uintx NonProfiledCodeHeapSize                  = 122910970                              {pd product} {ergonomic}
    uintx ProfiledCodeHeapSize                     = 122910970                              {pd product} {ergonomic}
    uintx ReservedCodeCacheSize                    = 251658240                              {pd product} {ergonomic}
     bool SegmentedCodeCache                       = true                                      {product} {ergonomic}
     intx ThreadStackSize                          = 1024                                   {pd product} {command line}
     bool UseCompressedClassPointers               = true                                 {lp64_product} {ergonomic}
     bool UseCompressedOops                        = true                                 {lp64_product} {ergonomic}
     bool UseG1GC                                  = true                                      {product} {ergonomic}
     bool UseLargePagesIndividualAllocation        = false                                  {pd product} {ergonomic}

Logging:
Log output configuration:
 #0: stdout all=warning uptime,level,tags
 #1: stderr all=off uptime,level,tags

Environment Variables:
PATH=C:\Program Files\Microsoft\jdk-11.0.17.8-hotspot\bin;C:\WINDOWS\system32;C:\WINDOWS;C:\WINDOWS\System32\Wbem;C:\WINDOWS\System32\WindowsPowerShell\v1.0\;C:\WINDOWS\System32\OpenSSH\;C:\Program Files (x86)\sbt\bin;C:\Users\André ISCTE\AppData\Local\Microsoft\WindowsApps;C:\Users\André ISCTE\AppData\Local\GitHubDesktop\bin;C:\Users\André ISCTE\AppData\Local\Programs\Git\cmd
USERNAME=André ISCTE
OS=Windows_NT
PROCESSOR_IDENTIFIER=AMD64 Family 23 Model 24 Stepping 1, AuthenticAMD
TMP=C:\Users\ANDRIS~1\AppData\Local\Temp
TEMP=C:\Users\ANDRIS~1\AppData\Local\Temp



---------------  S Y S T E M  ---------------

OS: Windows 11 , 64 bit Build 22621 (10.0.22621.963)
OS uptime: 2 days 13:06 hours

CPU:total 8 (initial active 8) (8 cores per cpu, 2 threads per core) family 23 model 24 stepping 1 microcode 0x0, cmov, cx8, fxsr, mmx, sse, sse2, sse3, ssse3, sse4.1, sse4.2, popcnt, avx, avx2, aes, clmul, mmxext, 3dnowpref, lzcnt, sse4a, ht, tsc, tscinvbit, tscinv, bmi1, bmi2, adx, sha, fma

Memory: 4k page, system-wide physical 10186M (1163M free)
TotalPageFile size 14282M (AvailPageFile size 480M)
current process WorkingSet (physical memory assigned to process): 11M, peak: 11M
current process commit charge ("private bytes"): 60M, peak: 572M

vm_info: OpenJDK 64-Bit Server VM (11.0.17+8-LTS) for windows-amd64 JRE (11.0.17+8-LTS), built on Oct 18 2022 21:53:01 by "" with MS VC++ 15.9 (VS2017)

END.
