#
# There is insufficient memory for the Java Runtime Environment to continue.
# Native memory allocation (mmap) failed to map 536870912 bytes for Failed to commit area from 0x00000000c0000000 to 0x00000000e0000000 of length 536870912.
# Possible reasons:
#   The system is out of physical RAM or swap space
#   The process is running with CompressedOops enabled, and the Java Heap may be blocking the growth of the native heap
# Possible solutions:
#   Reduce memory load on the system
#   Increase physical memory or swap space
#   Check if swap backing store is full
#   Decrease Java heap size (-Xmx/-Xms)
#   Decrease number of Java threads
#   Decrease Java thread stack sizes (-Xss)
#   Set larger code cache with -XX:ReservedCodeCacheSize=
# This output file may be truncated or incomplete.
#
#  Out of Memory Error (./src/hotspot/os/windows/os_windows.cpp:3386), pid=1156, tid=2908
#
# JRE version:  (11.0.17+8) (build )
# Java VM: OpenJDK 64-Bit Server VM (11.0.17+8-LTS, mixed mode, sharing, tiered, compressed oops, g1 gc, windows-amd64)
# No core dump will be written. Minidumps are not enabled by default on client versions of Windows
#

---------------  S U M M A R Y ------------

Command Line: -Xms512M -Xmx1024M -Xss1M -XX:+CMSClassUnloadingEnabled -javaagent:D:\IntelliJ IDEA 2022.2.2\lib\idea_rt.jar=55781:D:\IntelliJ IDEA 2022.2.2\bin -Dfile.encoding=windows-1252 xsbt.boot.Boot run

Host: AMD Ryzen 5 3500U with Radeon Vega Mobile Gfx  , 8 cores, 9G,  Windows 11 , 64 bit Build 22621 (10.0.22621.755)
Time: Mon Nov 28 09:37:30 2022 Hora padrão de GMT elapsed time: 0.026435 seconds (0d 0h 0m 0s)

---------------  T H R E A D  ---------------

Current thread (0x000001f13c765800):  JavaThread "Unknown thread" [_thread_in_vm, id=2908, stack(0x000000ec5aa00000,0x000000ec5ab00000)]

Stack: [0x000000ec5aa00000,0x000000ec5ab00000]
Native frames: (J=compiled Java code, j=interpreted, Vv=VM code, C=native code)
V  [jvm.dll+0x627a3a]
V  [jvm.dll+0x7b4799]
V  [jvm.dll+0x7b5e88]
V  [jvm.dll+0x7b6563]
V  [jvm.dll+0x24ff38]
V  [jvm.dll+0x624d4a]
V  [jvm.dll+0x6194d5]
V  [jvm.dll+0x308d0c]
V  [jvm.dll+0x308b92]
V  [jvm.dll+0x30d8a6]
V  [jvm.dll+0x353cef]
V  [jvm.dll+0x353720]
V  [jvm.dll+0x2e5d18]
V  [jvm.dll+0x2e6e76]
V  [jvm.dll+0x78e5d7]
V  [jvm.dll+0x78fd5f]
V  [jvm.dll+0x360a69]
V  [jvm.dll+0x771540]
V  [jvm.dll+0x3ce58f]
V  [jvm.dll+0x3d0921]
C  [jli.dll+0x5207]
C  [ucrtbase.dll+0x29363]
C  [KERNEL32.DLL+0x1244d]
C  [ntdll.dll+0x5dfb8]


---------------  P R O C E S S  ---------------

Threads class SMR info:
_java_thread_list=0x000001f13c645cc0, length=0, elements={
}

Java Threads: ( => current thread )

Other Threads:
  0x000001f13c77e800 GCTaskThread "GC Thread#0" [stack: 0x000000ec5ab00000,0x000000ec5ac00000] [id=9388]
  0x000001f13c79d800 ConcurrentGCThread "G1 Main Marker" [stack: 0x000000ec5ac00000,0x000000ec5ad00000] [id=10656]
  0x000001f13c79f000 ConcurrentGCThread "G1 Conc#0" [stack: 0x000000ec5ad00000,0x000000ec5ae00000] [id=12124]

[error occurred during error reporting (printing all threads), id 0xc0000005, EXCEPTION_ACCESS_VIOLATION (0xc0000005) at pc=0x00007ffd972d54e7]

VM state:not at safepoint (not fully initialized)

VM Mutex/Monitor currently owned by a thread:  ([mutex/lock_event])
[0x000001f13c761b90] Heap_lock - owner thread: 0x000001f13c765800

Heap address: 0x00000000c0000000, size: 1024 MB, Compressed Oops mode: Non-zero based: 0x00000000c0000000
Narrow klass base: 0x0000000000000000, Narrow klass shift: 0

GC Heap History (0 events):
No events

Deoptimization events (0 events):
No events

Classes redefined (0 events):
No events

Internal exceptions (0 events):
No events

Events (1 events):
Event: 0.018 Loaded shared library C:\Program Files\Microsoft\jdk-11.0.17.8-hotspot\bin\zip.dll


Dynamic libraries:
0x00007ff7aa7a0000 - 0x00007ff7aa7ad000 	C:\Program Files\Microsoft\jdk-11.0.17.8-hotspot\bin\java.exe
0x00007ffdcad90000 - 0x00007ffdcafa4000 	C:\WINDOWS\SYSTEM32\ntdll.dll
0x00007ffdc9880000 - 0x00007ffdc9942000 	C:\WINDOWS\System32\KERNEL32.DLL
0x00007ffdc81c0000 - 0x00007ffdc855d000 	C:\WINDOWS\System32\KERNELBASE.dll
0x00007ffdc8930000 - 0x00007ffdc8a41000 	C:\WINDOWS\System32\ucrtbase.dll
0x00007ffdc0c60000 - 0x00007ffdc0c75000 	C:\Program Files\Microsoft\jdk-11.0.17.8-hotspot\bin\VCRUNTIME140.dll
0x00007ffdba900000 - 0x00007ffdba917000 	C:\Program Files\Microsoft\jdk-11.0.17.8-hotspot\bin\jli.dll
0x00007ffdc9f40000 - 0x00007ffdca0ea000 	C:\WINDOWS\System32\USER32.dll
0x00007ffdb64a0000 - 0x00007ffdb672e000 	C:\WINDOWS\WinSxS\amd64_microsoft.windows.common-controls_6595b64144ccf1df_6.0.22621.608_none_a9444ca7c10bb01d\COMCTL32.dll
0x00007ffdc87f0000 - 0x00007ffdc8816000 	C:\WINDOWS\System32\win32u.dll
0x00007ffdcab20000 - 0x00007ffdcabc7000 	C:\WINDOWS\System32\msvcrt.dll
0x00007ffdc9d10000 - 0x00007ffdc9d39000 	C:\WINDOWS\System32\GDI32.dll
0x00007ffdc8560000 - 0x00007ffdc8672000 	C:\WINDOWS\System32\gdi32full.dll
0x00007ffdc8890000 - 0x00007ffdc892a000 	C:\WINDOWS\System32\msvcp_win.dll
0x00007ffdc9d90000 - 0x00007ffdc9dc2000 	C:\WINDOWS\System32\IMM32.DLL
0x00007ffda0000000 - 0x00007ffda009b000 	C:\Program Files\Microsoft\jdk-11.0.17.8-hotspot\bin\msvcp140.dll
0x00007ffd96fe0000 - 0x00007ffd97b6b000 	C:\Program Files\Microsoft\jdk-11.0.17.8-hotspot\bin\server\jvm.dll
0x00007ffdca170000 - 0x00007ffdca21e000 	C:\WINDOWS\System32\ADVAPI32.dll
0x00007ffdc8fa0000 - 0x00007ffdc9044000 	C:\WINDOWS\System32\sechost.dll
0x00007ffdc9050000 - 0x00007ffdc9165000 	C:\WINDOWS\System32\RPCRT4.dll
0x00007ffdcabd0000 - 0x00007ffdcabd8000 	C:\WINDOWS\System32\PSAPI.DLL
0x00007ffdc1c70000 - 0x00007ffdc1c7a000 	C:\WINDOWS\SYSTEM32\VERSION.dll
0x00007ffdc0b20000 - 0x00007ffdc0b54000 	C:\WINDOWS\SYSTEM32\WINMM.dll
0x00007ffdaef80000 - 0x00007ffdaef89000 	C:\WINDOWS\SYSTEM32\WSOCK32.dll
0x00007ffdca0f0000 - 0x00007ffdca161000 	C:\WINDOWS\System32\WS2_32.dll
0x00007ffdc7230000 - 0x00007ffdc7248000 	C:\WINDOWS\SYSTEM32\kernel.appcore.dll
0x00007ffdc2ae0000 - 0x00007ffdc2af0000 	C:\Program Files\Microsoft\jdk-11.0.17.8-hotspot\bin\verify.dll
0x00007ffdbc410000 - 0x00007ffdbc63e000 	C:\WINDOWS\SYSTEM32\DBGHELP.DLL
0x00007ffdc8b90000 - 0x00007ffdc8f1a000 	C:\WINDOWS\System32\combase.dll
0x00007ffdcac70000 - 0x00007ffdcad47000 	C:\WINDOWS\System32\OLEAUT32.dll
0x00007ffdb7360000 - 0x00007ffdb7392000 	C:\WINDOWS\SYSTEM32\dbgcore.DLL
0x00007ffdc8a50000 - 0x00007ffdc8acb000 	C:\WINDOWS\System32\bcryptPrimitives.dll
0x00007ffdb8560000 - 0x00007ffdb8588000 	C:\Program Files\Microsoft\jdk-11.0.17.8-hotspot\bin\java.dll
0x00007ffdc0cf0000 - 0x00007ffdc0cfa000 	C:\Program Files\Microsoft\jdk-11.0.17.8-hotspot\bin\jimage.dll
0x00007ffdb9b70000 - 0x00007ffdb9b7e000 	C:\Program Files\Microsoft\jdk-11.0.17.8-hotspot\bin\instrument.dll
0x00007ffdb9440000 - 0x00007ffdb9458000 	C:\Program Files\Microsoft\jdk-11.0.17.8-hotspot\bin\zip.dll

dbghelp: loaded successfully - version: 4.0.5 - missing functions: none
symbol engine: initialized successfully - sym options: 0x614 - pdb path: .;C:\Program Files\Microsoft\jdk-11.0.17.8-hotspot\bin;C:\WINDOWS\SYSTEM32;C:\WINDOWS\WinSxS\amd64_microsoft.windows.common-controls_6595b64144ccf1df_6.0.22621.608_none_a9444ca7c10bb01d;C:\Program Files\Microsoft\jdk-11.0.17.8-hotspot\bin\server

VM Arguments:
jvm_args: -Xms512M -Xmx1024M -Xss1M -XX:+CMSClassUnloadingEnabled -javaagent:D:\IntelliJ IDEA 2022.2.2\lib\idea_rt.jar=55781:D:\IntelliJ IDEA 2022.2.2\bin -Dfile.encoding=windows-1252 
java_command: xsbt.boot.Boot run
java_class_path (initial): C:\Users\André ISCTE\AppData\Roaming\JetBrains\IntelliJIdea2022.2\plugins\Scala\launcher\sbt-launch.jar
Launcher Type: SUN_STANDARD

[Global flags]
     intx CICompilerCount                          = 4                                         {product} {ergonomic}
     bool CMSClassUnloadingEnabled                 = true                                      {product} {command line}
     uint ConcGCThreads                            = 2                                         {product} {ergonomic}
     uint G1ConcRefinementThreads                  = 8                                         {product} {ergonomic}
   size_t G1HeapRegionSize                         = 1048576                                   {product} {ergonomic}
    uintx GCDrainStackTargetSize                   = 64                                        {product} {ergonomic}
   size_t InitialHeapSize                          = 536870912                                 {product} {command line}
   size_t MarkStackSize                            = 4194304                                   {product} {ergonomic}
   size_t MaxHeapSize                              = 1073741824                                {product} {command line}
   size_t MinHeapDeltaBytes                        = 1048576                                   {product} {ergonomic}
    uintx NonNMethodCodeHeapSize                   = 5836300                                {pd product} {ergonomic}
    uintx NonProfiledCodeHeapSize                  = 122910970                              {pd product} {ergonomic}
    uintx ProfiledCodeHeapSize                     = 122910970                              {pd product} {ergonomic}
    uintx ReservedCodeCacheSize                    = 251658240                              {pd product} {ergonomic}
     bool SegmentedCodeCache                       = true                                      {product} {ergonomic}
     intx ThreadStackSize                          = 1024                                   {pd product} {command line}
     bool UseCompressedClassPointers               = true                                 {lp64_product} {ergonomic}
     bool UseCompressedOops                        = true                                 {lp64_product} {ergonomic}
     bool UseG1GC                                  = true                                      {product} {ergonomic}
     bool UseLargePagesIndividualAllocation        = false                                  {pd product} {ergonomic}

Logging:
Log output configuration:
 #0: stdout all=warning uptime,level,tags
 #1: stderr all=off uptime,level,tags

Environment Variables:
PATH=C:\Program Files\Microsoft\jdk-11.0.17.8-hotspot\bin;C:\WINDOWS\system32;C:\WINDOWS;C:\WINDOWS\System32\Wbem;C:\WINDOWS\System32\WindowsPowerShell\v1.0\;C:\WINDOWS\System32\OpenSSH\;C:\Program Files (x86)\sbt\bin;C:\Users\André ISCTE\AppData\Local\Microsoft\WindowsApps;
USERNAME=André ISCTE
OS=Windows_NT
PROCESSOR_IDENTIFIER=AMD64 Family 23 Model 24 Stepping 1, AuthenticAMD
TMP=C:\Users\ANDRIS~1\AppData\Local\Temp
TEMP=C:\Users\ANDRIS~1\AppData\Local\Temp



---------------  S Y S T E M  ---------------

OS: Windows 11 , 64 bit Build 22621 (10.0.22621.755)
OS uptime: 1 days 11:41 hours

CPU:total 8 (initial active 8) (8 cores per cpu, 2 threads per core) family 23 model 24 stepping 1 microcode 0x0, cmov, cx8, fxsr, mmx, sse, sse2, sse3, ssse3, sse4.1, sse4.2, popcnt, avx, avx2, aes, clmul, mmxext, 3dnowpref, lzcnt, sse4a, ht, tsc, tscinvbit, tscinv, bmi1, bmi2, adx, sha, fma

Memory: 4k page, system-wide physical 10186M (981M free)
TotalPageFile size 14282M (AvailPageFile size 465M)
current process WorkingSet (physical memory assigned to process): 11M, peak: 11M
current process commit charge ("private bytes"): 59M, peak: 571M

vm_info: OpenJDK 64-Bit Server VM (11.0.17+8-LTS) for windows-amd64 JRE (11.0.17+8-LTS), built on Oct 18 2022 21:53:01 by "" with MS VC++ 15.9 (VS2017)

END.
