[debug] > Exec(early(addDefaultCommands), None, None)
[debug] > Exec(addDefaultCommands, None, None)
[debug] > Exec(early(initialize), None, None)
[debug] > Exec(initialize, None, None)
[debug] > Exec(boot, None, None)
[debug] > Exec(writeSbtVersion, None, None)
[debug] > Exec(reload, None, None)
[debug] > Exec(sbtStashOnFailure, None, None)
[debug] > Exec(onFailure loadFailed, None, None)
[debug] > Exec(loadp, None, None)
[info] welcome to sbt 1.7.2 (Microsoft Java 11.0.17)
[debug]       Load.loadUnit: plugins took 284.557ms
[debug]       Load.loadUnit: defsScala took 0.913ms
[debug] [Loading] Scanning directory C:\Users\André ISCTE\.sbt\1.0\plugins
[debug] [Loading] Found non-root projects 
[debug] [Loading] Done in C:\Users\André ISCTE\.sbt\1.0\plugins, returning: ()
[debug] deducing auto plugins based on known facts Set(Atom(sbt.plugins.CorePlugin)) and clauses Clauses(Clause(Atom(sbt.plugins.JvmPlugin),Set(Atom(sbt.plugins.IvyPlugin)))
[debug] Clause(Atom(sbt.ScriptedPlugin),Set(Atom(sbt.plugins.JvmPlugin)))
[debug] Clause(Atom(sbt.plugins.SbtPlugin),Set(Atom(sbt.ScriptedPlugin)))
[debug] Clause(Atom(sbt.plugins.SemanticdbPlugin),Set(Atom(sbt.plugins.JvmPlugin)))
[debug] Clause(Atom(sbt.plugins.JUnitXmlReportPlugin),Set(Atom(sbt.plugins.JvmPlugin)))
[debug] Clause(Atom(sbt.plugins.MiniDependencyTreePlugin),Set(Atom(sbt.plugins.JvmPlugin)))
[debug] Clause(Atom(sbt.plugins.CorePlugin),Set(Atom(sbt.plugins.IvyPlugin)))
[debug] Clause(Atom(sbt.plugins.IvyPlugin),Set(Atom(sbt.plugins.JvmPlugin)))
[debug] Clause(Atom(sbt.plugins.JvmPlugin),Set(Atom(sbt.plugins.SemanticdbPlugin)))
[debug] Clause(Atom(sbt.plugins.JvmPlugin),Set(Atom(sbt.plugins.JUnitXmlReportPlugin)))
[debug] Clause(Atom(sbt.plugins.CorePlugin),Set(Atom(sbt.plugins.Giter8TemplatePlugin)))
[debug] Clause(Atom(sbt.plugins.JvmPlugin),Set(Atom(sbt.plugins.MiniDependencyTreePlugin))))
[debug]   :: deduced result: Matched(sbt.plugins.CorePlugin,sbt.plugins.Giter8TemplatePlugin,sbt.plugins.IvyPlugin,sbt.plugins.JvmPlugin,sbt.plugins.MiniDependencyTreePlugin,sbt.plugins.JUnitXmlReportPlugin,sbt.plugins.SemanticdbPlugin)
[debug] Plugins.deducer#function took 35.2703 ms
[debug]           Load.resolveProject(global-plugins) took 88.6201ms
[debug]         Load.loadTransitive: finalizeProject(Project(id global-plugins, base: C:\Users\André ISCTE\.sbt\1.0\plugins, plugins: List(<none>))) took 175.5701ms
[debug] [Loading] Done in C:\Users\André ISCTE\.sbt\1.0\plugins, returning: (global-plugins)
[debug]       Load.loadUnit: loadedProjectsRaw took 259.9788ms
[debug]       Load.loadUnit: cleanEvalClasses took 0.603ms
[debug]     Load.loadUnit(file:/C:/Users/André%20ISCTE/.sbt/1.0/plugins/, ...) took 566.0621ms
[debug]   Load.apply: load took 906.4815ms
[debug]   Load.apply: resolveProjects took 11.7826ms
[debug]   Load.apply: finalTransforms took 116.5531ms
[debug]   Load.apply: config.delegates took 14.7263ms
[debug]   Load.apply: Def.make(settings)... took 678.1864ms
[debug]   Load.apply: structureIndex took 210.194ms
[debug]   Load.apply: mkStreams took 2.2147ms
[info] loading global plugins from C:\Users\André ISCTE\.sbt\1.0\plugins
[debug] Running task... Cancel: Signal, check cycles: false, forcegc: true
[debug] Load.defaultLoad until apply took 3903.7863ms
[debug]           Load.loadUnit: plugins took 40.0916ms
[debug]           Load.loadUnit: defsScala took 0.0104ms
[debug] [Loading] Scanning directory C:\Users\André ISCTE\Documents\canteen_management\project
[debug]             Load.loadUnit: mkEval took 12.9508ms
[debug] [Loading] Found non-root projects 
[debug] [Loading] Done in C:\Users\André ISCTE\Documents\canteen_management\project, returning: ()
[debug] deducing auto plugins based on known facts Set(Atom(sbt.plugins.CorePlugin)) and clauses Clauses(Clause(Atom(sbt.plugins.JvmPlugin),Set(Atom(sbt.plugins.IvyPlugin)))
[debug] Clause(Atom(sbt.ScriptedPlugin),Set(Atom(sbt.plugins.JvmPlugin)))
[debug] Clause(Atom(sbt.plugins.SbtPlugin),Set(Atom(sbt.ScriptedPlugin)))
[debug] Clause(Atom(sbt.plugins.SemanticdbPlugin),Set(Atom(sbt.plugins.JvmPlugin)))
[debug] Clause(Atom(sbt.plugins.JUnitXmlReportPlugin),Set(Atom(sbt.plugins.JvmPlugin)))
[debug] Clause(Atom(sbt.plugins.MiniDependencyTreePlugin),Set(Atom(sbt.plugins.JvmPlugin)))
[debug] Clause(Atom(sbt.plugins.CorePlugin),Set(Atom(sbt.plugins.IvyPlugin)))
[debug] Clause(Atom(sbt.plugins.IvyPlugin),Set(Atom(sbt.plugins.JvmPlugin)))
[debug] Clause(Atom(sbt.plugins.JvmPlugin),Set(Atom(sbt.plugins.SemanticdbPlugin)))
[debug] Clause(Atom(sbt.plugins.JvmPlugin),Set(Atom(sbt.plugins.JUnitXmlReportPlugin)))
[debug] Clause(Atom(sbt.plugins.CorePlugin),Set(Atom(sbt.plugins.Giter8TemplatePlugin)))
[debug] Clause(Atom(sbt.plugins.JvmPlugin),Set(Atom(sbt.plugins.MiniDependencyTreePlugin))))
[debug]   :: deduced result: Matched(sbt.plugins.CorePlugin,sbt.plugins.Giter8TemplatePlugin,sbt.plugins.IvyPlugin,sbt.plugins.JvmPlugin,sbt.plugins.MiniDependencyTreePlugin,sbt.plugins.JUnitXmlReportPlugin,sbt.plugins.SemanticdbPlugin)
[debug] Plugins.deducer#function took 3.6723 ms
[info] loading settings for project canteen_management-build from plugins.sbt ...
[debug]               Load.resolveProject(canteen_management-build) took 5.9378ms
[debug]             Load.loadTransitive: finalizeProject(Project(id canteen_management-build, base: C:\Users\André ISCTE\Documents\canteen_management\project, plugins: List(<none>))) took 10.6134ms
[debug] [Loading] Done in C:\Users\André ISCTE\Documents\canteen_management\project, returning: (canteen_management-build)
[debug]           Load.loadUnit: loadedProjectsRaw took 244.5279ms
[debug]           Load.loadUnit: cleanEvalClasses took 7.1916ms
[debug]         Load.loadUnit(file:/C:/Users/André%20ISCTE/Documents/canteen_management/project/, ...) took 293.6481ms
[debug]       Load.apply: load took 296.8504ms
[debug]       Load.apply: resolveProjects took 0.1576ms
[debug]       Load.apply: finalTransforms took 30.2944ms
[debug]       Load.apply: config.delegates took 0.6902ms
[debug]       Load.apply: Def.make(settings)... took 117.956ms
[debug]       Load.apply: structureIndex took 47.3019ms
[debug]       Load.apply: mkStreams took 0.0058ms
[info] loading project definition from C:\Users\André ISCTE\Documents\canteen_management\project
[debug] Running task... Cancel: Signal, check cycles: false, forcegc: true
[debug]     Load.loadUnit: plugins took 1807.3967ms
[debug]     Load.loadUnit: defsScala took 0.0052ms
[debug] [Loading] Scanning directory C:\Users\André ISCTE\Documents\canteen_management
[debug]       Load.loadUnit: mkEval took 0.8034ms
[debug] [Loading] Found root project root w/ remaining 
[debug] deducing auto plugins based on known facts Set(Atom(play.sbt.PlayJava), Atom(play.ebean.sbt.PlayEbean), Atom(sbt.plugins.CorePlugin)) and clauses Clauses(Clause(Atom(sbt.plugins.JvmPlugin),Set(Atom(sbt.plugins.IvyPlugin)))
[debug] Clause(Atom(sbt.ScriptedPlugin),Set(Atom(sbt.plugins.JvmPlugin)))
[debug] Clause(Atom(sbt.plugins.SbtPlugin),Set(Atom(sbt.ScriptedPlugin)))
[debug] Clause(Atom(sbt.plugins.SemanticdbPlugin),Set(Atom(sbt.plugins.JvmPlugin)))
[debug] Clause(Atom(sbt.plugins.JUnitXmlReportPlugin),Set(Atom(sbt.plugins.JvmPlugin)))
[debug] Clause(Atom(sbt.plugins.MiniDependencyTreePlugin),Set(Atom(sbt.plugins.JvmPlugin)))
[debug] Clause(Atom(play.sbt.Play),Set(Atom(play.sbt.routes.RoutesCompiler)))
[debug] Clause(Atom(play.sbt.Play),Set(Atom(com.typesafe.sbt.jse.SbtJsTask)))
[debug] Clause(Atom(play.sbt.Play),Set(Atom(com.typesafe.sbt.packager.archetypes.JavaServerAppPackaging)))
[debug] Clause(Atom(play.sbt.Play),Set(Atom(play.twirl.sbt.SbtTwirl)))
[debug] Clause(Atom(play.sbt.PlayAkkaHttp2Support),Set(Atom(play.sbt.PlayAkkaHttpServer)))
[debug] Clause(Atom(play.sbt.PlayAkkaHttp2Support),Set(Atom(com.lightbend.sbt.javaagent.JavaAgent)))
[debug] Clause(Atom(play.sbt.PlayAkkaHttpServer),Set(Atom(play.sbt.PlayService)))
[debug] Clause(Atom(play.sbt.PlayFilters),Set(Atom(play.sbt.PlayWeb)))
[debug] Clause(Atom(play.sbt.PlayJava),Set(Atom(play.sbt.PlayWeb)))
[debug] Clause(Atom(play.sbt.PlayLayoutPlugin),Set(Atom(play.sbt.PlayWeb)))
[debug] Clause(Atom(play.sbt.PlayLogback),Set(Atom(play.sbt.PlayService)))
[debug] Clause(Atom(play.sbt.PlayMinimalJava),Set(Atom(play.sbt.PlayWeb)))
[debug] Clause(Atom(play.sbt.PlayNettyServer),Set(Atom(play.sbt.PlayService)))
[debug] Clause(Atom(play.sbt.PlayScala),Set(Atom(play.sbt.PlayWeb)))
[debug] Clause(Atom(play.sbt.PlayService),Set(Atom(com.typesafe.sbt.packager.archetypes.JavaServerAppPackaging)))
[debug] Clause(Atom(play.sbt.PlayWeb),Set(Atom(play.sbt.routes.RoutesCompiler)))
[debug] Clause(Atom(play.sbt.PlayWeb),Set(Atom(com.typesafe.sbt.jse.SbtJsTask)))
[debug] Clause(Atom(play.sbt.PlayWeb),Set(Atom(play.sbt.PlayService)))
[debug] Clause(Atom(play.sbt.PlayWeb),Set(Atom(play.twirl.sbt.SbtTwirl)))
[debug] Clause(Atom(play.sbt.routes.RoutesCompiler),Set(Atom(sbt.plugins.JvmPlugin)))
[debug] Clause(Atom(play.sbt.test.MediatorWorkaroundPlugin),Set(Atom(sbt.plugins.JvmPlugin)))
[debug] Clause(Atom(play.ebean.sbt.PlayEbean),Set(Atom(sbt.plugins.JvmPlugin)))
[debug] Clause(Atom(play.twirl.sbt.SbtTwirl),Set(Atom(sbt.plugins.JvmPlugin)))
[debug] Clause(Atom(com.typesafe.sbt.SbtNativePackager),Set(Atom(sbt.plugins.JvmPlugin)))
[debug] Clause(Atom(com.typesafe.sbt.packager.archetypes.JavaAppPackaging),Set(Atom(com.typesafe.sbt.packager.windows.WindowsPlugin)))
[debug] Clause(Atom(com.typesafe.sbt.packager.archetypes.JavaAppPackaging),Set(Atom(com.typesafe.sbt.packager.docker.DockerPlugin)))
[debug] Clause(Atom(com.typesafe.sbt.packager.archetypes.JavaAppPackaging),Set(Atom(com.typesafe.sbt.packager.debian.DebianPlugin)))
[debug] Clause(Atom(com.typesafe.sbt.packager.archetypes.JavaAppPackaging),Set(Atom(com.typesafe.sbt.packager.rpm.RpmPlugin)))
[debug] Clause(Atom(com.typesafe.sbt.packager.archetypes.JavaServerAppPackaging),Set(Atom(com.typesafe.sbt.packager.archetypes.JavaAppPackaging)))
[debug] Clause(Atom(com.typesafe.sbt.packager.archetypes.jar.ClasspathJarPlugin),Set(Atom(com.typesafe.sbt.packager.archetypes.JavaAppPackaging)))
[debug] Clause(Atom(com.typesafe.sbt.packager.archetypes.jar.LauncherJarPlugin),Set(Atom(com.typesafe.sbt.packager.archetypes.JavaAppPackaging)))
[debug] Clause(Atom(com.typesafe.sbt.packager.archetypes.jlink.JlinkPlugin),Set(Atom(com.typesafe.sbt.packager.archetypes.JavaAppPackaging)))
[debug] Clause(Atom(com.typesafe.sbt.packager.archetypes.scripts.AshScriptPlugin),Set(Atom(com.typesafe.sbt.packager.archetypes.JavaAppPackaging)))
[debug] Clause(Atom(com.typesafe.sbt.packager.archetypes.scripts.AshScriptPlugin),Set(Atom(com.typesafe.sbt.packager.archetypes.scripts.BashStartScriptPlugin)))
[debug] Clause(Atom(com.typesafe.sbt.packager.archetypes.scripts.BashStartScriptPlugin),Set(Atom(com.typesafe.sbt.packager.archetypes.JavaAppPackaging)))
[debug] Clause(Atom(com.typesafe.sbt.packager.archetypes.scripts.BatStartScriptPlugin),Set(Atom(com.typesafe.sbt.packager.archetypes.JavaAppPackaging)))
[debug] Clause(Atom(com.typesafe.sbt.packager.archetypes.systemloader.SystemVPlugin),Set(Atom(com.typesafe.sbt.packager.archetypes.systemloader.SystemloaderPlugin)))
[debug] Clause(Atom(com.typesafe.sbt.packager.archetypes.systemloader.SystemdPlugin),Set(Atom(com.typesafe.sbt.packager.archetypes.systemloader.SystemloaderPlugin)))
[debug] Clause(Atom(com.typesafe.sbt.packager.archetypes.systemloader.SystemloaderPlugin),Set(Atom(com.typesafe.sbt.packager.debian.DebianPlugin)))
[debug] Clause(Atom(com.typesafe.sbt.packager.archetypes.systemloader.SystemloaderPlugin),Set(Atom(com.typesafe.sbt.packager.rpm.RpmPlugin)))
[debug] Clause(Atom(com.typesafe.sbt.packager.archetypes.systemloader.UpstartPlugin),Set(Atom(com.typesafe.sbt.packager.archetypes.systemloader.SystemloaderPlugin)))
[debug] Clause(Atom(com.typesafe.sbt.packager.debian.DebianDeployPlugin),Set(Atom(com.typesafe.sbt.packager.debian.DebianPlugin)))
[debug] Clause(Atom(com.typesafe.sbt.packager.debian.DebianPlugin),Set(Atom(com.typesafe.sbt.packager.linux.LinuxPlugin)))
[debug] Clause(Atom(com.typesafe.sbt.packager.debian.JDebPackaging),Set(Atom(com.typesafe.sbt.packager.debian.DebianPlugin)))
[debug] Clause(Atom(com.typesafe.sbt.packager.docker.DockerPlugin),Set(Atom(com.typesafe.sbt.packager.universal.UniversalPlugin)))
[debug] Clause(Atom(com.typesafe.sbt.packager.docker.DockerSpotifyClientPlugin),Set(Atom(com.typesafe.sbt.packager.docker.DockerPlugin)))
[debug] Clause(Atom(com.typesafe.sbt.packager.graalvmnativeimage.GraalVMNativeImagePlugin),Set(Atom(com.typesafe.sbt.packager.archetypes.JavaAppPackaging)))
[debug] Clause(Atom(com.typesafe.sbt.packager.jdkpackager.JDKPackagerDeployPlugin),Set(Atom(com.typesafe.sbt.packager.jdkpackager.JDKPackagerPlugin)))
[debug] Clause(Atom(com.typesafe.sbt.packager.jdkpackager.JDKPackagerPlugin),Set(Atom(com.typesafe.sbt.packager.archetypes.JavaAppPackaging)))
[debug] Clause(Atom(com.typesafe.sbt.packager.jdkpackager.JDKPackagerPlugin),Set(Atom(com.typesafe.sbt.packager.archetypes.jar.LauncherJarPlugin)))
[debug] Clause(Atom(com.typesafe.sbt.packager.linux.LinuxPlugin),Set(Atom(com.typesafe.sbt.packager.universal.UniversalPlugin)))
[debug] Clause(Atom(com.typesafe.sbt.packager.rpm.RpmDeployPlugin),Set(Atom(com.typesafe.sbt.packager.rpm.RpmPlugin)))
[debug] Clause(Atom(com.typesafe.sbt.packager.rpm.RpmPlugin),Set(Atom(com.typesafe.sbt.packager.linux.LinuxPlugin)))
[debug] Clause(Atom(com.typesafe.sbt.packager.universal.UniversalDeployPlugin),Set(Atom(com.typesafe.sbt.packager.universal.UniversalPlugin)))
[debug] Clause(Atom(com.typesafe.sbt.packager.universal.UniversalPlugin),Set(Atom(com.typesafe.sbt.SbtNativePackager)))
[debug] Clause(Atom(com.typesafe.sbt.packager.windows.WindowsDeployPlugin),Set(Atom(com.typesafe.sbt.packager.windows.WindowsPlugin)))
[debug] Clause(Atom(com.typesafe.sbt.packager.windows.WindowsPlugin),Set(Atom(com.typesafe.sbt.packager.universal.UniversalPlugin)))
[debug] Clause(Atom(com.lightbend.sbt.javaagent.JavaAgent),Set(Atom(sbt.plugins.JvmPlugin)))
[debug] Clause(Atom(com.lightbend.sbt.javaagent.JavaAgentPackaging),Set(Atom(com.lightbend.sbt.javaagent.JavaAgent)))
[debug] Clause(Atom(com.lightbend.sbt.javaagent.JavaAgentPackaging),Set(Atom(com.typesafe.sbt.packager.archetypes.JavaAppPackaging)))
[debug] Clause(Atom(com.typesafe.sbt.web.SbtWeb),Set(Atom(sbt.plugins.JvmPlugin)))
[debug] Clause(Atom(com.typesafe.sbt.jse.SbtJsEngine),Set(Atom(com.typesafe.sbt.web.SbtWeb)))
[debug] Clause(Atom(com.typesafe.sbt.jse.SbtJsTask),Set(Atom(com.typesafe.sbt.jse.SbtJsEngine)))
[debug] Clause(Atom(sbt.plugins.CorePlugin),Set(Atom(sbt.plugins.IvyPlugin)))
[debug] Clause(Atom(sbt.plugins.IvyPlugin),Set(Atom(sbt.plugins.JvmPlugin)))
[debug] Clause(Atom(sbt.plugins.JvmPlugin),Set(Atom(sbt.plugins.SemanticdbPlugin)))
[debug] Clause(Atom(sbt.plugins.JvmPlugin),Set(Atom(sbt.plugins.JUnitXmlReportPlugin)))
[debug] Clause(Atom(sbt.plugins.CorePlugin),Set(Atom(sbt.plugins.Giter8TemplatePlugin)))
[debug] Clause(Atom(sbt.plugins.JvmPlugin),Set(Atom(sbt.plugins.MiniDependencyTreePlugin)))
[debug] Clause(Atom(play.sbt.PlayService),Set(Atom(play.sbt.PlayAkkaHttpServer)))
[debug] Clause(Atom(play.sbt.PlayWeb),Set(Atom(play.sbt.PlayFilters)))
[debug] Clause(Atom(play.sbt.PlayWeb),Set(Atom(play.sbt.PlayLayoutPlugin)))
[debug] Clause(Atom(play.sbt.PlayService),Set(Atom(play.sbt.PlayLogback)))
[debug] Clause(Atom(com.typesafe.sbt.packager.archetypes.JavaAppPackaging),Set(Atom(com.typesafe.sbt.packager.archetypes.scripts.BashStartScriptPlugin)))
[debug] Clause(Atom(com.typesafe.sbt.packager.archetypes.JavaAppPackaging),Set(Atom(com.typesafe.sbt.packager.archetypes.scripts.BatStartScriptPlugin)))
[debug] Clause(And(Set(Atom(com.lightbend.sbt.javaagent.JavaAgent), Atom(com.typesafe.sbt.packager.archetypes.JavaAppPackaging))),Set(Atom(com.lightbend.sbt.javaagent.JavaAgentPackaging)))
[debug] Clause(Atom(com.typesafe.sbt.web.SbtWeb),Set(Atom(com.typesafe.sbt.jse.SbtJsEngine)))
[debug] Clause(Atom(com.typesafe.sbt.jse.SbtJsEngine),Set(Atom(com.typesafe.sbt.jse.SbtJsTask))))
[debug]   :: deduced result: Matched(sbt.plugins.CorePlugin,play.ebean.sbt.PlayEbean,play.sbt.PlayJava,sbt.plugins.Giter8TemplatePlugin,sbt.plugins.IvyPlugin,sbt.plugins.JvmPlugin,play.sbt.PlayWeb,play.twirl.sbt.SbtTwirl,play.sbt.PlayService,sbt.plugins.SemanticdbPlugin,sbt.plugins.JUnitXmlReportPlugin,play.sbt.PlayFilters,play.sbt.PlayLayoutPlugin,play.sbt.routes.RoutesCompiler,com.typesafe.sbt.jse.SbtJsTask,sbt.plugins.MiniDependencyTreePlugin,play.sbt.PlayLogback,play.sbt.PlayAkkaHttpServer,com.typesafe.sbt.jse.SbtJsEngine,com.typesafe.sbt.packager.archetypes.JavaServerAppPackaging,com.typesafe.sbt.web.SbtWeb,com.typesafe.sbt.packager.archetypes.JavaAppPackaging,com.typesafe.sbt.packager.rpm.RpmPlugin,com.typesafe.sbt.packager.archetypes.scripts.BashStartScriptPlugin,com.typesafe.sbt.packager.windows.WindowsPlugin,com.typesafe.sbt.packager.archetypes.scripts.BatStartScriptPlugin,com.typesafe.sbt.packager.docker.DockerPlugin,com.typesafe.sbt.packager.debian.DebianPlugin,com.typesafe.sbt.packager.universal.UniversalPlugin,com.typesafe.sbt.packager.linux.LinuxPlugin,com.typesafe.sbt.SbtNativePackager)
[debug] Plugins.deducer#function took 22.2282 ms
[info] loading settings for project root from build.sbt ...
[debug]         Load.resolveProject(root) took 206.6223ms
[debug]       Load.loadTransitive: finalizeProject(Project(id root, base: C:\Users\André ISCTE\Documents\canteen_management, plugins: List(play.sbt.PlayJava && play.ebean.sbt.PlayEbean))) took 232.4636ms
[debug] [Loading] Done in C:\Users\André ISCTE\Documents\canteen_management, returning: (root)
[debug]     Load.loadUnit: loadedProjectsRaw took 339.0389ms
[debug]     Load.loadUnit: cleanEvalClasses took 1.7906ms
[debug]   Load.loadUnit(file:/C:/Users/André%20ISCTE/Documents/canteen_management/, ...) took 2149.164ms
[debug] Load.apply: load took 2153.3357ms
[debug] Load.apply: resolveProjects took 0.3203ms
[debug] Load.apply: finalTransforms took 36.3436ms
[debug] Load.apply: config.delegates took 1.5647ms
[debug] Load.apply: Def.make(settings)... took 145.539ms
[debug] Load.apply: structureIndex took 73.7024ms
[debug] Load.apply: mkStreams took 0.0028ms
[info]   __              __
[info]   \ \     ____   / /____ _ __  __
[info]    \ \   / __ \ / // __ `// / / /
[info]    / /  / /_/ // // /_/ // /_/ /
[info]   /_/  / .___//_/ \__,_/ \__, /
[info]       /_/               /____/
[info] 
[info] Version 2.8.18 running Java 11.0.17
[info] 
[info] Play is run entirely by the community. Please consider contributing and/or donating:
[info] https://www.playframework.com/sponsors
[info] 
[debug] > Exec(sbtPopOnFailure, None, None)
[debug] > Exec(resumeFromFailure, None, None)
[debug] > Exec(notifyUsersAboutShell, None, None)
[debug] > Exec(iflast shell, None, None)
[debug] > Exec(run, None, None)
[debug] Evaluating tasks: Compile / run
[debug] Running task... Cancel: Signal, check cycles: false, forcegc: true
[debug] Running task... Cancel: Signal, check cycles: false, forcegc: true
[debug] Running task... Cancel: Signal, check cycles: false, forcegc: true
[debug] Exporting web-assets:play-java-ebean-example
[debug] Running task... Cancel: Signal, check cycles: false, forcegc: true
[debug] Running task... Cancel: Signal, check cycles: false, forcegc: true
[info] compiling 1 Scala source to C:\Users\André ISCTE\Documents\canteen_management\target\scala-2.13\classes ...
[info] done compiling
[debug] Forcing garbage collection...
[debug] Running task... Cancel: Signal, check cycles: false, forcegc: true
[debug] Exporting web-assets:play-java-ebean-example
[info] compiling 31 Scala sources and 23 Java sources to C:\Users\André ISCTE\Documents\canteen_management\target\scala-2.13\classes ...
[info] done compiling
[debug] Running task... Cancel: Signal, check cycles: false, forcegc: true
[debug] Running task... Cancel: Signal, check cycles: false, forcegc: true
[info] compiling 1 Scala source to C:\Users\André ISCTE\Documents\canteen_management\target\scala-2.13\classes ...
[info] done compiling
[debug] Running task... Cancel: Signal, check cycles: false, forcegc: true
[debug] Exporting web-assets:play-java-ebean-example
[debug] Running task... Cancel: Signal, check cycles: false, forcegc: true
[debug] Running task... Cancel: Signal, check cycles: false, forcegc: true
[info] compiling 1 Scala source to C:\Users\André ISCTE\Documents\canteen_management\target\scala-2.13\classes ...
[info] done compiling
[debug] Running task... Cancel: Signal, check cycles: false, forcegc: true
[debug] Exporting web-assets:play-java-ebean-example
[debug] Running task... Cancel: Signal, check cycles: false, forcegc: true
[debug] Running task... Cancel: Signal, check cycles: false, forcegc: true
[info] compiling 1 Scala source to C:\Users\André ISCTE\Documents\canteen_management\target\scala-2.13\classes ...
[info] done compiling
[debug] Running task... Cancel: Signal, check cycles: false, forcegc: true
[debug] Exporting web-assets:play-java-ebean-example
[debug] Running task... Cancel: Signal, check cycles: false, forcegc: true
[debug] Running task... Cancel: Signal, check cycles: false, forcegc: true
[info] compiling 1 Scala source to C:\Users\André ISCTE\Documents\canteen_management\target\scala-2.13\classes ...
[info] done compiling
[debug] Running task... Cancel: Signal, check cycles: false, forcegc: true
[debug] Exporting web-assets:play-java-ebean-example
[debug] Running task... Cancel: Signal, check cycles: false, forcegc: true
[debug] Running task... Cancel: Signal, check cycles: false, forcegc: true
[info] compiling 2 Scala sources and 2 Java sources to C:\Users\André ISCTE\Documents\canteen_management\target\scala-2.13\classes ...
[error] C:\Users\André ISCTE\Documents\canteen_management\app\views\template.scala.html:49:48: illegal start of simple expression
[error]                             @if(user.setRole())
[error]                                                ^
[error] C:\Users\André ISCTE\Documents\canteen_management\app\views\template.scala.html:114:2: ')' expected but '}' found.
[error] }
[error]  ^
[error] two errors found
[debug] Forcing garbage collection...
[error] (Compile / compileIncremental) Compilation failed
[debug] Running task... Cancel: Signal, check cycles: false, forcegc: true
[debug] Running task... Cancel: Signal, check cycles: false, forcegc: true
[debug] Running task... Cancel: Signal, check cycles: false, forcegc: true
[info] compiling 2 Scala sources and 1 Java source to C:\Users\André ISCTE\Documents\canteen_management\target\scala-2.13\classes ...
[error] C:\Users\André ISCTE\Documents\canteen_management\app\views\template.scala.html:49:48: illegal start of simple expression
[error]                             @if(user.setRole())
[error]                                                ^
[error] C:\Users\André ISCTE\Documents\canteen_management\app\views\template.scala.html:114:2: ')' expected but '}' found.
[error] }
[error]  ^
[error] two errors found
[error] (Compile / compileIncremental) Compilation failed
[debug] Running task... Cancel: Signal, check cycles: false, forcegc: true
[debug] Running task... Cancel: Signal, check cycles: false, forcegc: true
[debug] Running task... Cancel: Signal, check cycles: false, forcegc: true
[info] compiling 2 Scala sources and 1 Java source to C:\Users\André ISCTE\Documents\canteen_management\target\scala-2.13\classes ...
[error] C:\Users\André ISCTE\Documents\canteen_management\app\views\template.scala.html:49:48: illegal start of simple expression
[error]                             @if(user.setRole())
[error]                                                ^
[error] C:\Users\André ISCTE\Documents\canteen_management\app\views\template.scala.html:114:2: ')' expected but '}' found.
[error] }
[error]  ^
[error] two errors found
[error] (Compile / compileIncremental) Compilation failed
[debug] Running task... Cancel: Signal, check cycles: false, forcegc: true
[debug] Running task... Cancel: Signal, check cycles: false, forcegc: true
[debug] Running task... Cancel: Signal, check cycles: false, forcegc: true
[info] compiling 2 Scala sources and 1 Java source to C:\Users\André ISCTE\Documents\canteen_management\target\scala-2.13\classes ...
[error] C:\Users\André ISCTE\Documents\canteen_management\app\views\template.scala.html:49:48: illegal start of simple expression
[error]                             @if(user.getRole().equals("ROLE_ADMIN"))
[error]                                                ^
[error] C:\Users\André ISCTE\Documents\canteen_management\app\views\template.scala.html:112:9: ')' expected but '}' found.
[error]     </body>
[error]         ^
[error] two errors found
[error] (Compile / compileIncremental) Compilation failed
[debug] Running task... Cancel: Signal, check cycles: false, forcegc: true
[debug] Running task... Cancel: Signal, check cycles: false, forcegc: true
[debug] Running task... Cancel: Signal, check cycles: false, forcegc: true
[info] compiling 2 Scala sources and 1 Java source to C:\Users\André ISCTE\Documents\canteen_management\target\scala-2.13\classes ...
[error] C:\Users\André ISCTE\Documents\canteen_management\app\views\Administrator\userslist.scala.html:2:10: not enough arguments for method apply: (cssurls: Array[String], user: models.User)(content: play.twirl.api.Html): play.twirl.api.HtmlFormat.Appendable in object template.
[error] Unspecified value parameter user.
[error] @template(Array("stylesheets/landing.css")){
[error]          ^
[error] one error found
[error] (Compile / compileIncremental) Compilation failed
[debug] Running task... Cancel: Signal, check cycles: false, forcegc: true
[debug] Running task... Cancel: Signal, check cycles: false, forcegc: true
[debug] Running task... Cancel: Signal, check cycles: false, forcegc: true
[info] compiling 2 Scala sources and 1 Java source to C:\Users\André ISCTE\Documents\canteen_management\target\scala-2.13\classes ...
[info] done compiling
[info] compiling 31 Scala sources and 23 Java sources to C:\Users\André ISCTE\Documents\canteen_management\target\scala-2.13\classes ...
[error] C:\Users\André ISCTE\Documents\canteen_management\app\views\Administrator\administrator.scala.html:1:10: not enough arguments for method apply: (cssurls: Array[String], user: models.User)(content: play.twirl.api.Html): play.twirl.api.HtmlFormat.Appendable in object template.
[error] Unspecified value parameter user.
[error] @template(Array("../../../public/stylesheets/landing.css")) {
[error]          ^
[error] C:\Users\André ISCTE\Documents\canteen_management\app\views\Administrator\authapproval.scala.html:1:10: not enough arguments for method apply: (cssurls: Array[String], user: models.User)(content: play.twirl.api.Html): play.twirl.api.HtmlFormat.Appendable in object template.
[error] Unspecified value parameter user.
[error] @template(Array("stylesheets/landing.css")) {
[error]          ^
[error] C:\Users\André ISCTE\Documents\canteen_management\app\views\Canteens\arconia.scala.html:1:10: not enough arguments for method apply: (cssurls: Array[String], user: models.User)(content: play.twirl.api.Html): play.twirl.api.HtmlFormat.Appendable in object template.
[error] Unspecified value parameter user.
[error] @template(Array("stylesheets/calendar.css")) {
[error]          ^
[error] C:\Users\André ISCTE\Documents\canteen_management\app\views\Canteens\thelastdrop.scala.html:1:10: not enough arguments for method apply: (cssurls: Array[String], user: models.User)(content: play.twirl.api.Html): play.twirl.api.HtmlFormat.Appendable in object template.
[error] Unspecified value parameter user.
[error] @template(Array("stylesheets/calendar.css")) {
[error]          ^
[error] C:\Users\André ISCTE\Documents\canteen_management\app\views\Canteens\theleakycauldron.scala.html:1:10: not enough arguments for method apply: (cssurls: Array[String], user: models.User)(content: play.twirl.api.Html): play.twirl.api.HtmlFormat.Appendable in object template.
[error] Unspecified value parameter user.
[error] @template(Array("stylesheets/calendar.css")) {
[error]          ^
[error] C:\Users\André ISCTE\Documents\canteen_management\app\views\Canteens\waverlysubstation.scala.html:1:10: not enough arguments for method apply: (cssurls: Array[String], user: models.User)(content: play.twirl.api.Html): play.twirl.api.HtmlFormat.Appendable in object template.
[error] Unspecified value parameter user.
[error] @template(Array("stylesheets/calendar.css")) {
[error]          ^
[error] C:\Users\André ISCTE\Documents\canteen_management\app\views\Manager\createcanteen.scala.html:1:10: not enough arguments for method apply: (cssurls: Array[String], user: models.User)(content: play.twirl.api.Html): play.twirl.api.HtmlFormat.Appendable in object template.
[error] Unspecified value parameter user.
[error] @template(Array("../../../public/stylesheets/landing.css")) {
[error]          ^
[error] C:\Users\André ISCTE\Documents\canteen_management\app\views\Manager\manage_arconia.scala.html:1:10: not enough arguments for method apply: (cssurls: Array[String], user: models.User)(content: play.twirl.api.Html): play.twirl.api.HtmlFormat.Appendable in object template.
[error] Unspecified value parameter user.
[error] @template(Array("../../../public/stylesheets/landing.css", "../../../public/stylesheets/home.css", "stylesheets/calendar.css")){
[error]          ^
[error] C:\Users\André ISCTE\Documents\canteen_management\app\views\Manager\manage_thelastdrop.scala.html:1:10: not enough arguments for method apply: (cssurls: Array[String], user: models.User)(content: play.twirl.api.Html): play.twirl.api.HtmlFormat.Appendable in object template.
[error] Unspecified value parameter user.
[error] @template(Array("../../../public/stylesheets/landing.css", "../../../public/stylesheets/home.css", "stylesheets/calendar.css")){
[error]          ^
[error] C:\Users\André ISCTE\Documents\canteen_management\app\views\Manager\manage_theleakycauldron.scala.html:1:10: not enough arguments for method apply: (cssurls: Array[String], user: models.User)(content: play.twirl.api.Html): play.twirl.api.HtmlFormat.Appendable in object template.
[error] Unspecified value parameter user.
[error] @template(Array("../../../public/stylesheets/landing.css", "../../../public/stylesheets/home.css", "stylesheets/calendar.css")){
[error]          ^
[error] C:\Users\André ISCTE\Documents\canteen_management\app\views\Manager\manage_waverlysubstation.scala.html:1:10: not enough arguments for method apply: (cssurls: Array[String], user: models.User)(content: play.twirl.api.Html): play.twirl.api.HtmlFormat.Appendable in object template.
[error] Unspecified value parameter user.
[error] @template(Array("../../../public/stylesheets/landing.css", "../../../public/stylesheets/home.css", "stylesheets/calendar.css")){
[error]          ^
[error] C:\Users\André ISCTE\Documents\canteen_management\app\views\Manager\managemenus.scala.html:1:10: not enough arguments for method apply: (cssurls: Array[String], user: models.User)(content: play.twirl.api.Html): play.twirl.api.HtmlFormat.Appendable in object template.
[error] Unspecified value parameter user.
[error] @template(Array("../../../public/stylesheets/landing.css", "../../../public/stylesheets/home.css")) {
[error]          ^
[error] C:\Users\André ISCTE\Documents\canteen_management\app\views\Manager\manager.scala.html:1:10: not enough arguments for method apply: (cssurls: Array[String], user: models.User)(content: play.twirl.api.Html): play.twirl.api.HtmlFormat.Appendable in object template.
[error] Unspecified value parameter user.
[error] @template(Array("stylesheets/landing.css")){
[error]          ^
[error] C:\Users\André ISCTE\Documents\canteen_management\app\views\Manager\managetickets.scala.html:2:10: not enough arguments for method apply: (cssurls: Array[String], user: models.User)(content: play.twirl.api.Html): play.twirl.api.HtmlFormat.Appendable in object template.
[error] Unspecified value parameter user.
[error] @template(Array("stylesheets/landing.css", "stylesheets/home.css")) {
[error]          ^
[error] C:\Users\André ISCTE\Documents\canteen_management\app\views\Settings\privacypolicy.scala.html:1:10: not enough arguments for method apply: (cssurls: Array[String], user: models.User)(content: play.twirl.api.Html): play.twirl.api.HtmlFormat.Appendable in object template.
[error] Unspecified value parameter user.
[error] @template(Array("stylesheets/landing.css", "stylesheets/home.css")){
[error]          ^
[error] C:\Users\André ISCTE\Documents\canteen_management\app\views\Settings\termsofuse.scala.html:1:10: not enough arguments for method apply: (cssurls: Array[String], user: models.User)(content: play.twirl.api.Html): play.twirl.api.HtmlFormat.Appendable in object template.
[error] Unspecified value parameter user.
[error] @template(Array("stylesheets/landing.css", "stylesheets/home.css")){
[error]          ^
[error] C:\Users\André ISCTE\Documents\canteen_management\app\views\Student\tickets.scala.html:1:10: not enough arguments for method apply: (cssurls: Array[String], user: models.User)(content: play.twirl.api.Html): play.twirl.api.HtmlFormat.Appendable in object template.
[error] Unspecified value parameter user.
[error] @template(Array("../../../public/stylesheets/landing.css")){
[error]          ^
[error] C:\Users\André ISCTE\Documents\canteen_management\app\views\Student\wallet.scala.html:1:10: not enough arguments for method apply: (cssurls: Array[String], user: models.User)(content: play.twirl.api.Html): play.twirl.api.HtmlFormat.Appendable in object template.
[error] Unspecified value parameter user.
[error] @template(Array("../../../public/stylesheets/landing.css")){
[error]          ^
[error] C:\Users\André ISCTE\Documents\canteen_management\app\views\home.scala.html:1:10: not enough arguments for method apply: (cssurls: Array[String], user: models.User)(content: play.twirl.api.Html): play.twirl.api.HtmlFormat.Appendable in object template.
[error] Unspecified value parameter user.
[error] @template(Array("stylesheets/landing.css", "stylesheets/home.css")){
[error]          ^
[error] C:\Users\André ISCTE\Documents\canteen_management\app\views\landing.scala.html:1:10: not enough arguments for method apply: (cssurls: Array[String], user: models.User)(content: play.twirl.api.Html): play.twirl.api.HtmlFormat.Appendable in object template.
[error] Unspecified value parameter user.
[error] @template(Array("stylesheets/landing.css")){
[error]          ^
[error] C:\Users\André ISCTE\Documents\canteen_management\app\views\login.scala.html:1:10: not enough arguments for method apply: (cssurls: Array[String], user: models.User)(content: play.twirl.api.Html): play.twirl.api.HtmlFormat.Appendable in object template.
[error] Unspecified value parameter user.
[error] @template(Array("stylesheets/landing.css")){
[error]          ^
[error] C:\Users\André ISCTE\Documents\canteen_management\app\views\profile.scala.html:1:10: not enough arguments for method apply: (cssurls: Array[String], user: models.User)(content: play.twirl.api.Html): play.twirl.api.HtmlFormat.Appendable in object template.
[error] Unspecified value parameter user.
[error] @template(Array("stylesheets/landing.css", "stylesheets/profile.css")){
[error]          ^
[error] C:\Users\André ISCTE\Documents\canteen_management\app\views\recoverpassword.scala.html:1:10: not enough arguments for method apply: (cssurls: Array[String], user: models.User)(content: play.twirl.api.Html): play.twirl.api.HtmlFormat.Appendable in object template.
[error] Unspecified value parameter user.
[error] @template(Array("stylesheets/landing.css")){
[error]          ^
[error] C:\Users\André ISCTE\Documents\canteen_management\app\views\signup.scala.html:1:10: not enough arguments for method apply: (cssurls: Array[String], user: models.User)(content: play.twirl.api.Html): play.twirl.api.HtmlFormat.Appendable in object template.
[error] Unspecified value parameter user.
[error] @template(Array("stylesheets/landing.css")){
[error]          ^
[error] 24 errors found
[error] (Compile / compileIncremental) Compilation failed
[debug] Running task... Cancel: Signal, check cycles: false, forcegc: true
[debug] Running task... Cancel: Signal, check cycles: false, forcegc: true
[debug] Running task... Cancel: Signal, check cycles: false, forcegc: true
[info] compiling 1 Scala source and 1 Java source to C:\Users\André ISCTE\Documents\canteen_management\target\scala-2.13\classes ...
[info] done compiling
[info] compiling 26 Scala sources and 1 Java source to C:\Users\André ISCTE\Documents\canteen_management\target\scala-2.13\classes ...
[error] C:\Users\André ISCTE\Documents\canteen_management\app\views\Administrator\administrator.scala.html:1:10: not enough arguments for method apply: (cssurls: Array[String], user: models.User)(content: play.twirl.api.Html): play.twirl.api.HtmlFormat.Appendable in object template.
[error] Unspecified value parameter user.
[error] @template(Array("../../../public/stylesheets/landing.css")) {
[error]          ^
[error] C:\Users\André ISCTE\Documents\canteen_management\app\views\Administrator\authapproval.scala.html:1:10: not enough arguments for method apply: (cssurls: Array[String], user: models.User)(content: play.twirl.api.Html): play.twirl.api.HtmlFormat.Appendable in object template.
[error] Unspecified value parameter user.
[error] @template(Array("stylesheets/landing.css")) {
[error]          ^
[error] C:\Users\André ISCTE\Documents\canteen_management\app\views\Administrator\userslist.scala.html:2:10: not enough arguments for method apply: (cssurls: Array[String], user: models.User)(content: play.twirl.api.Html): play.twirl.api.HtmlFormat.Appendable in object template.
[error] Unspecified value parameter user.
[error] @template(Array("stylesheets/landing.css")){
[error]          ^
[error] C:\Users\André ISCTE\Documents\canteen_management\app\views\Canteens\arconia.scala.html:1:10: not enough arguments for method apply: (cssurls: Array[String], user: models.User)(content: play.twirl.api.Html): play.twirl.api.HtmlFormat.Appendable in object template.
[error] Unspecified value parameter user.
[error] @template(Array("stylesheets/calendar.css")) {
[error]          ^
[error] C:\Users\André ISCTE\Documents\canteen_management\app\views\Canteens\thelastdrop.scala.html:1:10: not enough arguments for method apply: (cssurls: Array[String], user: models.User)(content: play.twirl.api.Html): play.twirl.api.HtmlFormat.Appendable in object template.
[error] Unspecified value parameter user.
[error] @template(Array("stylesheets/calendar.css")) {
[error]          ^
[error] C:\Users\André ISCTE\Documents\canteen_management\app\views\Canteens\theleakycauldron.scala.html:1:10: not enough arguments for method apply: (cssurls: Array[String], user: models.User)(content: play.twirl.api.Html): play.twirl.api.HtmlFormat.Appendable in object template.
[error] Unspecified value parameter user.
[error] @template(Array("stylesheets/calendar.css")) {
[error]          ^
[error] C:\Users\André ISCTE\Documents\canteen_management\app\views\Canteens\waverlysubstation.scala.html:1:10: not enough arguments for method apply: (cssurls: Array[String], user: models.User)(content: play.twirl.api.Html): play.twirl.api.HtmlFormat.Appendable in object template.
[error] Unspecified value parameter user.
[error] @template(Array("stylesheets/calendar.css")) {
[error]          ^
[error] C:\Users\André ISCTE\Documents\canteen_management\app\views\Manager\createcanteen.scala.html:1:10: not enough arguments for method apply: (cssurls: Array[String], user: models.User)(content: play.twirl.api.Html): play.twirl.api.HtmlFormat.Appendable in object template.
[error] Unspecified value parameter user.
[error] @template(Array("../../../public/stylesheets/landing.css")) {
[error]          ^
[error] C:\Users\André ISCTE\Documents\canteen_management\app\views\Manager\manage_arconia.scala.html:1:10: not enough arguments for method apply: (cssurls: Array[String], user: models.User)(content: play.twirl.api.Html): play.twirl.api.HtmlFormat.Appendable in object template.
[error] Unspecified value parameter user.
[error] @template(Array("../../../public/stylesheets/landing.css", "../../../public/stylesheets/home.css", "stylesheets/calendar.css")){
[error]          ^
[error] C:\Users\André ISCTE\Documents\canteen_management\app\views\Manager\manage_thelastdrop.scala.html:1:10: not enough arguments for method apply: (cssurls: Array[String], user: models.User)(content: play.twirl.api.Html): play.twirl.api.HtmlFormat.Appendable in object template.
[error] Unspecified value parameter user.
[error] @template(Array("../../../public/stylesheets/landing.css", "../../../public/stylesheets/home.css", "stylesheets/calendar.css")){
[error]          ^
[error] C:\Users\André ISCTE\Documents\canteen_management\app\views\Manager\manage_theleakycauldron.scala.html:1:10: not enough arguments for method apply: (cssurls: Array[String], user: models.User)(content: play.twirl.api.Html): play.twirl.api.HtmlFormat.Appendable in object template.
[error] Unspecified value parameter user.
[error] @template(Array("../../../public/stylesheets/landing.css", "../../../public/stylesheets/home.css", "stylesheets/calendar.css")){
[error]          ^
[error] C:\Users\André ISCTE\Documents\canteen_management\app\views\Manager\manage_waverlysubstation.scala.html:1:10: not enough arguments for method apply: (cssurls: Array[String], user: models.User)(content: play.twirl.api.Html): play.twirl.api.HtmlFormat.Appendable in object template.
[error] Unspecified value parameter user.
[error] @template(Array("../../../public/stylesheets/landing.css", "../../../public/stylesheets/home.css", "stylesheets/calendar.css")){
[error]          ^
[error] C:\Users\André ISCTE\Documents\canteen_management\app\views\Manager\managemenus.scala.html:1:10: not enough arguments for method apply: (cssurls: Array[String], user: models.User)(content: play.twirl.api.Html): play.twirl.api.HtmlFormat.Appendable in object template.
[error] Unspecified value parameter user.
[error] @template(Array("../../../public/stylesheets/landing.css", "../../../public/stylesheets/home.css")) {
[error]          ^
[error] C:\Users\André ISCTE\Documents\canteen_management\app\views\Manager\manager.scala.html:1:10: not enough arguments for method apply: (cssurls: Array[String], user: models.User)(content: play.twirl.api.Html): play.twirl.api.HtmlFormat.Appendable in object template.
[error] Unspecified value parameter user.
[error] @template(Array("stylesheets/landing.css")){
[error]          ^
[error] C:\Users\André ISCTE\Documents\canteen_management\app\views\Manager\managetickets.scala.html:2:10: not enough arguments for method apply: (cssurls: Array[String], user: models.User)(content: play.twirl.api.Html): play.twirl.api.HtmlFormat.Appendable in object template.
[error] Unspecified value parameter user.
[error] @template(Array("stylesheets/landing.css", "stylesheets/home.css")) {
[error]          ^
[error] C:\Users\André ISCTE\Documents\canteen_management\app\views\Settings\privacypolicy.scala.html:1:10: not enough arguments for method apply: (cssurls: Array[String], user: models.User)(content: play.twirl.api.Html): play.twirl.api.HtmlFormat.Appendable in object template.
[error] Unspecified value parameter user.
[error] @template(Array("stylesheets/landing.css", "stylesheets/home.css")){
[error]          ^
[error] C:\Users\André ISCTE\Documents\canteen_management\app\views\Settings\termsofuse.scala.html:1:10: not enough arguments for method apply: (cssurls: Array[String], user: models.User)(content: play.twirl.api.Html): play.twirl.api.HtmlFormat.Appendable in object template.
[error] Unspecified value parameter user.
[error] @template(Array("stylesheets/landing.css", "stylesheets/home.css")){
[error]          ^
[error] C:\Users\André ISCTE\Documents\canteen_management\app\views\Student\tickets.scala.html:1:10: not enough arguments for method apply: (cssurls: Array[String], user: models.User)(content: play.twirl.api.Html): play.twirl.api.HtmlFormat.Appendable in object template.
[error] Unspecified value parameter user.
[error] @template(Array("../../../public/stylesheets/landing.css")){
[error]          ^
[error] C:\Users\André ISCTE\Documents\canteen_management\app\views\Student\wallet.scala.html:1:10: not enough arguments for method apply: (cssurls: Array[String], user: models.User)(content: play.twirl.api.Html): play.twirl.api.HtmlFormat.Appendable in object template.
[error] Unspecified value parameter user.
[error] @template(Array("../../../public/stylesheets/landing.css")){
[error]          ^
[error] C:\Users\André ISCTE\Documents\canteen_management\app\views\home.scala.html:1:10: not enough arguments for method apply: (cssurls: Array[String], user: models.User)(content: play.twirl.api.Html): play.twirl.api.HtmlFormat.Appendable in object template.
[error] Unspecified value parameter user.
[error] @template(Array("stylesheets/landing.css", "stylesheets/home.css")){
[error]          ^
[error] C:\Users\André ISCTE\Documents\canteen_management\app\views\landing.scala.html:1:10: not enough arguments for method apply: (cssurls: Array[String], user: models.User)(content: play.twirl.api.Html): play.twirl.api.HtmlFormat.Appendable in object template.
[error] Unspecified value parameter user.
[error] @template(Array("stylesheets/landing.css")){
[error]          ^
[error] C:\Users\André ISCTE\Documents\canteen_management\app\views\login.scala.html:1:10: not enough arguments for method apply: (cssurls: Array[String], user: models.User)(content: play.twirl.api.Html): play.twirl.api.HtmlFormat.Appendable in object template.
[error] Unspecified value parameter user.
[error] @template(Array("stylesheets/landing.css")){
[error]          ^
[error] C:\Users\André ISCTE\Documents\canteen_management\app\views\profile.scala.html:1:10: not enough arguments for method apply: (cssurls: Array[String], user: models.User)(content: play.twirl.api.Html): play.twirl.api.HtmlFormat.Appendable in object template.
[error] Unspecified value parameter user.
[error] @template(Array("stylesheets/landing.css", "stylesheets/profile.css")){
[error]          ^
[error] C:\Users\André ISCTE\Documents\canteen_management\app\views\recoverpassword.scala.html:1:10: not enough arguments for method apply: (cssurls: Array[String], user: models.User)(content: play.twirl.api.Html): play.twirl.api.HtmlFormat.Appendable in object template.
[error] Unspecified value parameter user.
[error] @template(Array("stylesheets/landing.css")){
[error]          ^
[error] C:\Users\André ISCTE\Documents\canteen_management\app\views\signup.scala.html:1:10: not enough arguments for method apply: (cssurls: Array[String], user: models.User)(content: play.twirl.api.Html): play.twirl.api.HtmlFormat.Appendable in object template.
[error] Unspecified value parameter user.
[error] @template(Array("stylesheets/landing.css")){
[error]          ^
[error] 25 errors found
[error] (Compile / compileIncremental) Compilation failed
[debug] Running task... Cancel: Signal, check cycles: false, forcegc: true
[debug] Running task... Cancel: Signal, check cycles: false, forcegc: true
[debug] Running task... Cancel: Signal, check cycles: false, forcegc: true
[info] compiling 1 Java source to C:\Users\André ISCTE\Documents\canteen_management\target\scala-2.13\classes ...
[info] done compiling
[info] compiling 1 Java source to C:\Users\André ISCTE\Documents\canteen_management\target\scala-2.13\classes ...
[info] done compiling
[debug] Running task... Cancel: Signal, check cycles: false, forcegc: true
[debug] Exporting web-assets:play-java-ebean-example
[info] compiling 31 Scala sources and 23 Java sources to C:\Users\André ISCTE\Documents\canteen_management\target\scala-2.13\classes ...
[info] done compiling
[debug] Running task... Cancel: Signal, check cycles: false, forcegc: true
[debug] Running task... Cancel: Signal, check cycles: false, forcegc: true
[debug] Running task... Cancel: Signal, check cycles: false, forcegc: true
[debug] Exporting web-assets:play-java-ebean-example
[debug] Running task... Cancel: Signal, check cycles: false, forcegc: true
[debug] Running task... Cancel: Signal, check cycles: false, forcegc: true
[debug] Running task... Cancel: Signal, check cycles: false, forcegc: true
[debug] Exporting web-assets:play-java-ebean-example
[debug] Running task... Cancel: Signal, check cycles: false, forcegc: true
[debug] Running task... Cancel: Signal, check cycles: false, forcegc: true
[info] compiling 1 Scala source to C:\Users\André ISCTE\Documents\canteen_management\target\scala-2.13\classes ...
[info] done compiling
[debug] Running task... Cancel: Signal, check cycles: false, forcegc: true
[debug] Exporting web-assets:play-java-ebean-example
[debug] Running task... Cancel: Signal, check cycles: false, forcegc: true
[debug] Running task... Cancel: Signal, check cycles: false, forcegc: true
[info] compiling 1 Scala source to C:\Users\André ISCTE\Documents\canteen_management\target\scala-2.13\classes ...
[info] done compiling
[debug] Forcing garbage collection...
[debug] Running task... Cancel: Signal, check cycles: false, forcegc: true
[debug] Exporting web-assets:play-java-ebean-example
[debug] Running task... Cancel: Signal, check cycles: false, forcegc: true
