[debug] > Exec(early(addDefaultCommands), None, None)
[debug] > Exec(addDefaultCommands, None, None)
[debug] > Exec(early(initialize), None, None)
[debug] > Exec(initialize, None, None)
[debug] > Exec(boot, None, None)
[debug] > Exec(writeSbtVersion, None, None)
[debug] > Exec(reload, None, None)
[debug] > Exec(sbtStashOnFailure, None, None)
[debug] > Exec(onFailure loadFailed, None, None)
[debug] > Exec(loadp, None, None)
[info] welcome to sbt 1.7.2 (Microsoft Java 11.0.17)
[debug]       Load.loadUnit: plugins took 173.6309ms
[debug]       Load.loadUnit: defsScala took 0.434699ms
[debug] [Loading] Scanning directory C:\Users\André ISCTE\.sbt\1.0\plugins
[debug] [Loading] Found non-root projects 
[debug] [Loading] Done in C:\Users\André ISCTE\.sbt\1.0\plugins, returning: ()
[debug] deducing auto plugins based on known facts Set(Atom(sbt.plugins.CorePlugin)) and clauses Clauses(Clause(Atom(sbt.plugins.JvmPlugin),Set(Atom(sbt.plugins.IvyPlugin)))
[debug] Clause(Atom(sbt.ScriptedPlugin),Set(Atom(sbt.plugins.JvmPlugin)))
[debug] Clause(Atom(sbt.plugins.SbtPlugin),Set(Atom(sbt.ScriptedPlugin)))
[debug] Clause(Atom(sbt.plugins.SemanticdbPlugin),Set(Atom(sbt.plugins.JvmPlugin)))
[debug] Clause(Atom(sbt.plugins.JUnitXmlReportPlugin),Set(Atom(sbt.plugins.JvmPlugin)))
[debug] Clause(Atom(sbt.plugins.MiniDependencyTreePlugin),Set(Atom(sbt.plugins.JvmPlugin)))
[debug] Clause(Atom(sbt.plugins.CorePlugin),Set(Atom(sbt.plugins.IvyPlugin)))
[debug] Clause(Atom(sbt.plugins.IvyPlugin),Set(Atom(sbt.plugins.JvmPlugin)))
[debug] Clause(Atom(sbt.plugins.JvmPlugin),Set(Atom(sbt.plugins.SemanticdbPlugin)))
[debug] Clause(Atom(sbt.plugins.JvmPlugin),Set(Atom(sbt.plugins.JUnitXmlReportPlugin)))
[debug] Clause(Atom(sbt.plugins.CorePlugin),Set(Atom(sbt.plugins.Giter8TemplatePlugin)))
[debug] Clause(Atom(sbt.plugins.JvmPlugin),Set(Atom(sbt.plugins.MiniDependencyTreePlugin))))
[debug]   :: deduced result: Matched(sbt.plugins.CorePlugin,sbt.plugins.Giter8TemplatePlugin,sbt.plugins.IvyPlugin,sbt.plugins.JvmPlugin,sbt.plugins.MiniDependencyTreePlugin,sbt.plugins.JUnitXmlReportPlugin,sbt.plugins.SemanticdbPlugin)
[debug] Plugins.deducer#function took 67.1021 ms
[debug]           Load.resolveProject(global-plugins) took 93.637899ms
[debug]         Load.loadTransitive: finalizeProject(Project(id global-plugins, base: C:\Users\André ISCTE\.sbt\1.0\plugins, plugins: List(<none>))) took 214.6817ms
[debug] [Loading] Done in C:\Users\André ISCTE\.sbt\1.0\plugins, returning: (global-plugins)
[debug]       Load.loadUnit: loadedProjectsRaw took 258.321ms
[debug]       Load.loadUnit: cleanEvalClasses took 0.4914ms
[debug]     Load.loadUnit(file:/C:/Users/André%20ISCTE/.sbt/1.0/plugins/, ...) took 451.7913ms
[debug]   Load.apply: load took 769.4444ms
[debug]   Load.apply: resolveProjects took 12.2764ms
[debug]   Load.apply: finalTransforms took 109.811101ms
[debug]   Load.apply: config.delegates took 12.818199ms
[debug]   Load.apply: Def.make(settings)... took 586.7442ms
[debug]   Load.apply: structureIndex took 140.592301ms
[debug]   Load.apply: mkStreams took 2.3316ms
[info] loading global plugins from C:\Users\André ISCTE\.sbt\1.0\plugins
[debug] Running task... Cancel: Signal, check cycles: false, forcegc: true
[debug] Load.defaultLoad until apply took 3376.237699ms
[debug]           Load.loadUnit: plugins took 39.3179ms
[debug]           Load.loadUnit: defsScala took 0.0124ms
[debug] [Loading] Scanning directory C:\Users\André ISCTE\Documents\canteen_management\project
[debug]             Load.loadUnit: mkEval took 10.8823ms
[debug] [Loading] Found non-root projects 
[debug] [Loading] Done in C:\Users\André ISCTE\Documents\canteen_management\project, returning: ()
[debug] deducing auto plugins based on known facts Set(Atom(sbt.plugins.CorePlugin)) and clauses Clauses(Clause(Atom(sbt.plugins.JvmPlugin),Set(Atom(sbt.plugins.IvyPlugin)))
[debug] Clause(Atom(sbt.ScriptedPlugin),Set(Atom(sbt.plugins.JvmPlugin)))
[debug] Clause(Atom(sbt.plugins.SbtPlugin),Set(Atom(sbt.ScriptedPlugin)))
[debug] Clause(Atom(sbt.plugins.SemanticdbPlugin),Set(Atom(sbt.plugins.JvmPlugin)))
[debug] Clause(Atom(sbt.plugins.JUnitXmlReportPlugin),Set(Atom(sbt.plugins.JvmPlugin)))
[debug] Clause(Atom(sbt.plugins.MiniDependencyTreePlugin),Set(Atom(sbt.plugins.JvmPlugin)))
[debug] Clause(Atom(sbt.plugins.CorePlugin),Set(Atom(sbt.plugins.IvyPlugin)))
[debug] Clause(Atom(sbt.plugins.IvyPlugin),Set(Atom(sbt.plugins.JvmPlugin)))
[debug] Clause(Atom(sbt.plugins.JvmPlugin),Set(Atom(sbt.plugins.SemanticdbPlugin)))
[debug] Clause(Atom(sbt.plugins.JvmPlugin),Set(Atom(sbt.plugins.JUnitXmlReportPlugin)))
[debug] Clause(Atom(sbt.plugins.CorePlugin),Set(Atom(sbt.plugins.Giter8TemplatePlugin)))
[debug] Clause(Atom(sbt.plugins.JvmPlugin),Set(Atom(sbt.plugins.MiniDependencyTreePlugin))))
[debug]   :: deduced result: Matched(sbt.plugins.CorePlugin,sbt.plugins.Giter8TemplatePlugin,sbt.plugins.IvyPlugin,sbt.plugins.JvmPlugin,sbt.plugins.MiniDependencyTreePlugin,sbt.plugins.JUnitXmlReportPlugin,sbt.plugins.SemanticdbPlugin)
[debug] Plugins.deducer#function took 3.2148 ms
[info] loading settings for project canteen_management-build from plugins.sbt ...
[debug]               Load.resolveProject(canteen_management-build) took 5.197299ms
[debug]             Load.loadTransitive: finalizeProject(Project(id canteen_management-build, base: C:\Users\André ISCTE\Documents\canteen_management\project, plugins: List(<none>))) took 9.412499ms
[debug] [Loading] Done in C:\Users\André ISCTE\Documents\canteen_management\project, returning: (canteen_management-build)
[debug]           Load.loadUnit: loadedProjectsRaw took 212.892801ms
[debug]           Load.loadUnit: cleanEvalClasses took 8.1572ms
[debug]         Load.loadUnit(file:/C:/Users/André%20ISCTE/Documents/canteen_management/project/, ...) took 262.201399ms
[debug]       Load.apply: load took 264.6482ms
[debug]       Load.apply: resolveProjects took 0.1715ms
[debug]       Load.apply: finalTransforms took 21.354401ms
[debug]       Load.apply: config.delegates took 0.4732ms
[debug]       Load.apply: Def.make(settings)... took 113.1673ms
[debug]       Load.apply: structureIndex took 47.200699ms
[debug]       Load.apply: mkStreams took 0.003901ms
[info] loading project definition from C:\Users\André ISCTE\Documents\canteen_management\project
[debug] Running task... Cancel: Signal, check cycles: false, forcegc: true
[debug]     Load.loadUnit: plugins took 1756.854401ms
[debug]     Load.loadUnit: defsScala took 0.0079ms
[debug] [Loading] Scanning directory C:\Users\André ISCTE\Documents\canteen_management
[debug]       Load.loadUnit: mkEval took 1.038299ms
[debug] [Loading] Found root project root w/ remaining 
[debug] deducing auto plugins based on known facts Set(Atom(play.sbt.PlayJava), Atom(play.ebean.sbt.PlayEbean), Atom(sbt.plugins.CorePlugin)) and clauses Clauses(Clause(Atom(sbt.plugins.JvmPlugin),Set(Atom(sbt.plugins.IvyPlugin)))
[debug] Clause(Atom(sbt.ScriptedPlugin),Set(Atom(sbt.plugins.JvmPlugin)))
[debug] Clause(Atom(sbt.plugins.SbtPlugin),Set(Atom(sbt.ScriptedPlugin)))
[debug] Clause(Atom(sbt.plugins.SemanticdbPlugin),Set(Atom(sbt.plugins.JvmPlugin)))
[debug] Clause(Atom(sbt.plugins.JUnitXmlReportPlugin),Set(Atom(sbt.plugins.JvmPlugin)))
[debug] Clause(Atom(sbt.plugins.MiniDependencyTreePlugin),Set(Atom(sbt.plugins.JvmPlugin)))
[debug] Clause(Atom(play.sbt.Play),Set(Atom(play.sbt.routes.RoutesCompiler)))
[debug] Clause(Atom(play.sbt.Play),Set(Atom(com.typesafe.sbt.jse.SbtJsTask)))
[debug] Clause(Atom(play.sbt.Play),Set(Atom(com.typesafe.sbt.packager.archetypes.JavaServerAppPackaging)))
[debug] Clause(Atom(play.sbt.Play),Set(Atom(play.twirl.sbt.SbtTwirl)))
[debug] Clause(Atom(play.sbt.PlayAkkaHttp2Support),Set(Atom(play.sbt.PlayAkkaHttpServer)))
[debug] Clause(Atom(play.sbt.PlayAkkaHttp2Support),Set(Atom(com.lightbend.sbt.javaagent.JavaAgent)))
[debug] Clause(Atom(play.sbt.PlayAkkaHttpServer),Set(Atom(play.sbt.PlayService)))
[debug] Clause(Atom(play.sbt.PlayFilters),Set(Atom(play.sbt.PlayWeb)))
[debug] Clause(Atom(play.sbt.PlayJava),Set(Atom(play.sbt.PlayWeb)))
[debug] Clause(Atom(play.sbt.PlayLayoutPlugin),Set(Atom(play.sbt.PlayWeb)))
[debug] Clause(Atom(play.sbt.PlayLogback),Set(Atom(play.sbt.PlayService)))
[debug] Clause(Atom(play.sbt.PlayMinimalJava),Set(Atom(play.sbt.PlayWeb)))
[debug] Clause(Atom(play.sbt.PlayNettyServer),Set(Atom(play.sbt.PlayService)))
[debug] Clause(Atom(play.sbt.PlayScala),Set(Atom(play.sbt.PlayWeb)))
[debug] Clause(Atom(play.sbt.PlayService),Set(Atom(com.typesafe.sbt.packager.archetypes.JavaServerAppPackaging)))
[debug] Clause(Atom(play.sbt.PlayWeb),Set(Atom(play.sbt.routes.RoutesCompiler)))
[debug] Clause(Atom(play.sbt.PlayWeb),Set(Atom(com.typesafe.sbt.jse.SbtJsTask)))
[debug] Clause(Atom(play.sbt.PlayWeb),Set(Atom(play.sbt.PlayService)))
[debug] Clause(Atom(play.sbt.PlayWeb),Set(Atom(play.twirl.sbt.SbtTwirl)))
[debug] Clause(Atom(play.sbt.routes.RoutesCompiler),Set(Atom(sbt.plugins.JvmPlugin)))
[debug] Clause(Atom(play.sbt.test.MediatorWorkaroundPlugin),Set(Atom(sbt.plugins.JvmPlugin)))
[debug] Clause(Atom(play.ebean.sbt.PlayEbean),Set(Atom(sbt.plugins.JvmPlugin)))
[debug] Clause(Atom(play.twirl.sbt.SbtTwirl),Set(Atom(sbt.plugins.JvmPlugin)))
[debug] Clause(Atom(com.typesafe.sbt.SbtNativePackager),Set(Atom(sbt.plugins.JvmPlugin)))
[debug] Clause(Atom(com.typesafe.sbt.packager.archetypes.JavaAppPackaging),Set(Atom(com.typesafe.sbt.packager.windows.WindowsPlugin)))
[debug] Clause(Atom(com.typesafe.sbt.packager.archetypes.JavaAppPackaging),Set(Atom(com.typesafe.sbt.packager.docker.DockerPlugin)))
[debug] Clause(Atom(com.typesafe.sbt.packager.archetypes.JavaAppPackaging),Set(Atom(com.typesafe.sbt.packager.debian.DebianPlugin)))
[debug] Clause(Atom(com.typesafe.sbt.packager.archetypes.JavaAppPackaging),Set(Atom(com.typesafe.sbt.packager.rpm.RpmPlugin)))
[debug] Clause(Atom(com.typesafe.sbt.packager.archetypes.JavaServerAppPackaging),Set(Atom(com.typesafe.sbt.packager.archetypes.JavaAppPackaging)))
[debug] Clause(Atom(com.typesafe.sbt.packager.archetypes.jar.ClasspathJarPlugin),Set(Atom(com.typesafe.sbt.packager.archetypes.JavaAppPackaging)))
[debug] Clause(Atom(com.typesafe.sbt.packager.archetypes.jar.LauncherJarPlugin),Set(Atom(com.typesafe.sbt.packager.archetypes.JavaAppPackaging)))
[debug] Clause(Atom(com.typesafe.sbt.packager.archetypes.jlink.JlinkPlugin),Set(Atom(com.typesafe.sbt.packager.archetypes.JavaAppPackaging)))
[debug] Clause(Atom(com.typesafe.sbt.packager.archetypes.scripts.AshScriptPlugin),Set(Atom(com.typesafe.sbt.packager.archetypes.JavaAppPackaging)))
[debug] Clause(Atom(com.typesafe.sbt.packager.archetypes.scripts.AshScriptPlugin),Set(Atom(com.typesafe.sbt.packager.archetypes.scripts.BashStartScriptPlugin)))
[debug] Clause(Atom(com.typesafe.sbt.packager.archetypes.scripts.BashStartScriptPlugin),Set(Atom(com.typesafe.sbt.packager.archetypes.JavaAppPackaging)))
[debug] Clause(Atom(com.typesafe.sbt.packager.archetypes.scripts.BatStartScriptPlugin),Set(Atom(com.typesafe.sbt.packager.archetypes.JavaAppPackaging)))
[debug] Clause(Atom(com.typesafe.sbt.packager.archetypes.systemloader.SystemVPlugin),Set(Atom(com.typesafe.sbt.packager.archetypes.systemloader.SystemloaderPlugin)))
[debug] Clause(Atom(com.typesafe.sbt.packager.archetypes.systemloader.SystemdPlugin),Set(Atom(com.typesafe.sbt.packager.archetypes.systemloader.SystemloaderPlugin)))
[debug] Clause(Atom(com.typesafe.sbt.packager.archetypes.systemloader.SystemloaderPlugin),Set(Atom(com.typesafe.sbt.packager.debian.DebianPlugin)))
[debug] Clause(Atom(com.typesafe.sbt.packager.archetypes.systemloader.SystemloaderPlugin),Set(Atom(com.typesafe.sbt.packager.rpm.RpmPlugin)))
[debug] Clause(Atom(com.typesafe.sbt.packager.archetypes.systemloader.UpstartPlugin),Set(Atom(com.typesafe.sbt.packager.archetypes.systemloader.SystemloaderPlugin)))
[debug] Clause(Atom(com.typesafe.sbt.packager.debian.DebianDeployPlugin),Set(Atom(com.typesafe.sbt.packager.debian.DebianPlugin)))
[debug] Clause(Atom(com.typesafe.sbt.packager.debian.DebianPlugin),Set(Atom(com.typesafe.sbt.packager.linux.LinuxPlugin)))
[debug] Clause(Atom(com.typesafe.sbt.packager.debian.JDebPackaging),Set(Atom(com.typesafe.sbt.packager.debian.DebianPlugin)))
[debug] Clause(Atom(com.typesafe.sbt.packager.docker.DockerPlugin),Set(Atom(com.typesafe.sbt.packager.universal.UniversalPlugin)))
[debug] Clause(Atom(com.typesafe.sbt.packager.docker.DockerSpotifyClientPlugin),Set(Atom(com.typesafe.sbt.packager.docker.DockerPlugin)))
[debug] Clause(Atom(com.typesafe.sbt.packager.graalvmnativeimage.GraalVMNativeImagePlugin),Set(Atom(com.typesafe.sbt.packager.archetypes.JavaAppPackaging)))
[debug] Clause(Atom(com.typesafe.sbt.packager.jdkpackager.JDKPackagerDeployPlugin),Set(Atom(com.typesafe.sbt.packager.jdkpackager.JDKPackagerPlugin)))
[debug] Clause(Atom(com.typesafe.sbt.packager.jdkpackager.JDKPackagerPlugin),Set(Atom(com.typesafe.sbt.packager.archetypes.JavaAppPackaging)))
[debug] Clause(Atom(com.typesafe.sbt.packager.jdkpackager.JDKPackagerPlugin),Set(Atom(com.typesafe.sbt.packager.archetypes.jar.LauncherJarPlugin)))
[debug] Clause(Atom(com.typesafe.sbt.packager.linux.LinuxPlugin),Set(Atom(com.typesafe.sbt.packager.universal.UniversalPlugin)))
[debug] Clause(Atom(com.typesafe.sbt.packager.rpm.RpmDeployPlugin),Set(Atom(com.typesafe.sbt.packager.rpm.RpmPlugin)))
[debug] Clause(Atom(com.typesafe.sbt.packager.rpm.RpmPlugin),Set(Atom(com.typesafe.sbt.packager.linux.LinuxPlugin)))
[debug] Clause(Atom(com.typesafe.sbt.packager.universal.UniversalDeployPlugin),Set(Atom(com.typesafe.sbt.packager.universal.UniversalPlugin)))
[debug] Clause(Atom(com.typesafe.sbt.packager.universal.UniversalPlugin),Set(Atom(com.typesafe.sbt.SbtNativePackager)))
[debug] Clause(Atom(com.typesafe.sbt.packager.windows.WindowsDeployPlugin),Set(Atom(com.typesafe.sbt.packager.windows.WindowsPlugin)))
[debug] Clause(Atom(com.typesafe.sbt.packager.windows.WindowsPlugin),Set(Atom(com.typesafe.sbt.packager.universal.UniversalPlugin)))
[debug] Clause(Atom(com.lightbend.sbt.javaagent.JavaAgent),Set(Atom(sbt.plugins.JvmPlugin)))
[debug] Clause(Atom(com.lightbend.sbt.javaagent.JavaAgentPackaging),Set(Atom(com.lightbend.sbt.javaagent.JavaAgent)))
[debug] Clause(Atom(com.lightbend.sbt.javaagent.JavaAgentPackaging),Set(Atom(com.typesafe.sbt.packager.archetypes.JavaAppPackaging)))
[debug] Clause(Atom(com.typesafe.sbt.web.SbtWeb),Set(Atom(sbt.plugins.JvmPlugin)))
[debug] Clause(Atom(com.typesafe.sbt.jse.SbtJsEngine),Set(Atom(com.typesafe.sbt.web.SbtWeb)))
[debug] Clause(Atom(com.typesafe.sbt.jse.SbtJsTask),Set(Atom(com.typesafe.sbt.jse.SbtJsEngine)))
[debug] Clause(Atom(sbt.plugins.CorePlugin),Set(Atom(sbt.plugins.IvyPlugin)))
[debug] Clause(Atom(sbt.plugins.IvyPlugin),Set(Atom(sbt.plugins.JvmPlugin)))
[debug] Clause(Atom(sbt.plugins.JvmPlugin),Set(Atom(sbt.plugins.SemanticdbPlugin)))
[debug] Clause(Atom(sbt.plugins.JvmPlugin),Set(Atom(sbt.plugins.JUnitXmlReportPlugin)))
[debug] Clause(Atom(sbt.plugins.CorePlugin),Set(Atom(sbt.plugins.Giter8TemplatePlugin)))
[debug] Clause(Atom(sbt.plugins.JvmPlugin),Set(Atom(sbt.plugins.MiniDependencyTreePlugin)))
[debug] Clause(Atom(play.sbt.PlayService),Set(Atom(play.sbt.PlayAkkaHttpServer)))
[debug] Clause(Atom(play.sbt.PlayWeb),Set(Atom(play.sbt.PlayFilters)))
[debug] Clause(Atom(play.sbt.PlayWeb),Set(Atom(play.sbt.PlayLayoutPlugin)))
[debug] Clause(Atom(play.sbt.PlayService),Set(Atom(play.sbt.PlayLogback)))
[debug] Clause(Atom(com.typesafe.sbt.packager.archetypes.JavaAppPackaging),Set(Atom(com.typesafe.sbt.packager.archetypes.scripts.BashStartScriptPlugin)))
[debug] Clause(Atom(com.typesafe.sbt.packager.archetypes.JavaAppPackaging),Set(Atom(com.typesafe.sbt.packager.archetypes.scripts.BatStartScriptPlugin)))
[debug] Clause(And(Set(Atom(com.lightbend.sbt.javaagent.JavaAgent), Atom(com.typesafe.sbt.packager.archetypes.JavaAppPackaging))),Set(Atom(com.lightbend.sbt.javaagent.JavaAgentPackaging)))
[debug] Clause(Atom(com.typesafe.sbt.web.SbtWeb),Set(Atom(com.typesafe.sbt.jse.SbtJsEngine)))
[debug] Clause(Atom(com.typesafe.sbt.jse.SbtJsEngine),Set(Atom(com.typesafe.sbt.jse.SbtJsTask))))
[debug]   :: deduced result: Matched(sbt.plugins.CorePlugin,play.ebean.sbt.PlayEbean,play.sbt.PlayJava,sbt.plugins.Giter8TemplatePlugin,sbt.plugins.IvyPlugin,sbt.plugins.JvmPlugin,play.sbt.PlayWeb,play.twirl.sbt.SbtTwirl,play.sbt.PlayService,sbt.plugins.SemanticdbPlugin,sbt.plugins.JUnitXmlReportPlugin,play.sbt.PlayFilters,play.sbt.PlayLayoutPlugin,play.sbt.routes.RoutesCompiler,com.typesafe.sbt.jse.SbtJsTask,sbt.plugins.MiniDependencyTreePlugin,play.sbt.PlayLogback,play.sbt.PlayAkkaHttpServer,com.typesafe.sbt.jse.SbtJsEngine,com.typesafe.sbt.packager.archetypes.JavaServerAppPackaging,com.typesafe.sbt.web.SbtWeb,com.typesafe.sbt.packager.archetypes.JavaAppPackaging,com.typesafe.sbt.packager.rpm.RpmPlugin,com.typesafe.sbt.packager.archetypes.scripts.BashStartScriptPlugin,com.typesafe.sbt.packager.windows.WindowsPlugin,com.typesafe.sbt.packager.archetypes.scripts.BatStartScriptPlugin,com.typesafe.sbt.packager.docker.DockerPlugin,com.typesafe.sbt.packager.debian.DebianPlugin,com.typesafe.sbt.packager.universal.UniversalPlugin,com.typesafe.sbt.packager.linux.LinuxPlugin,com.typesafe.sbt.SbtNativePackager)
[debug] Plugins.deducer#function took 18.941999 ms
[info] loading settings for project root from build.sbt ...
[debug]         Load.resolveProject(root) took 184.4535ms
[debug]       Load.loadTransitive: finalizeProject(Project(id root, base: C:\Users\André ISCTE\Documents\canteen_management, plugins: List(play.sbt.PlayJava && play.ebean.sbt.PlayEbean))) took 206.9189ms
[debug] [Loading] Done in C:\Users\André ISCTE\Documents\canteen_management, returning: (root)
[debug]     Load.loadUnit: loadedProjectsRaw took 313.2324ms
[debug]     Load.loadUnit: cleanEvalClasses took 1.5742ms
[debug]   Load.loadUnit(file:/C:/Users/André%20ISCTE/Documents/canteen_management/, ...) took 2072.7686ms
[debug] Load.apply: load took 2076.3711ms
[debug] Load.apply: resolveProjects took 0.3103ms
[debug] Load.apply: finalTransforms took 27.931301ms
[debug] Load.apply: config.delegates took 1.3897ms
[debug] Load.apply: Def.make(settings)... took 154.1435ms
[debug] Load.apply: structureIndex took 51.195401ms
[debug] Load.apply: mkStreams took 0.0033ms
[info]   __              __
[info]   \ \     ____   / /____ _ __  __
[info]    \ \   / __ \ / // __ `// / / /
[info]    / /  / /_/ // // /_/ // /_/ /
[info]   /_/  / .___//_/ \__,_/ \__, /
[info]       /_/               /____/
[info] 
[info] Version 2.8.18 running Java 11.0.17
[info] 
[info] Play is run entirely by the community. Please consider contributing and/or donating:
[info] https://www.playframework.com/sponsors
[info] 
[debug] > Exec(sbtPopOnFailure, None, None)
[debug] > Exec(resumeFromFailure, None, None)
[debug] > Exec(notifyUsersAboutShell, None, None)
[debug] > Exec(iflast shell, None, None)
[debug] > Exec(run, None, None)
[debug] Evaluating tasks: Compile / run
[debug] Running task... Cancel: Signal, check cycles: false, forcegc: true
[debug] Running task... Cancel: Signal, check cycles: false, forcegc: true
[debug] Forcing garbage collection...
[debug] Running task... Cancel: Signal, check cycles: false, forcegc: true
[debug] Exporting web-assets:play-java-ebean-example
[debug] Running task... Cancel: Signal, check cycles: false, forcegc: true
[debug] Running task... Cancel: Signal, check cycles: false, forcegc: true
[info] compiling 1 Scala source to C:\Users\André ISCTE\Documents\canteen_management\target\scala-2.13\classes ...
[info] done compiling
[debug] Running task... Cancel: Signal, check cycles: false, forcegc: true
[debug] Exporting web-assets:play-java-ebean-example
[info] compiling 40 Scala sources and 31 Java sources to C:\Users\André ISCTE\Documents\canteen_management\target\scala-2.13\classes ...
[info] done compiling
[debug] Running task... Cancel: Signal, check cycles: false, forcegc: true
[debug] Running task... Cancel: Signal, check cycles: false, forcegc: true
[info] compiling 1 Scala source to C:\Users\André ISCTE\Documents\canteen_management\target\scala-2.13\classes ...
[info] done compiling
[info] compiling 4 Scala sources to C:\Users\André ISCTE\Documents\canteen_management\target\scala-2.13\classes ...
[error] C:\Users\André ISCTE\Documents\canteen_management\app\views\Management\Arconia\manage_menus_arc.scala.html:2:30: not enough arguments for method apply: (users: java.util.List[models.Menu], r: play.mvc.Http.Request): play.twirl.api.HtmlFormat.Appendable in object createMenuCard.
[error] Unspecified value parameters users, r.
[error]     @Templates.createMenuCard()
[error]                              ^
[error] C:\Users\André ISCTE\Documents\canteen_management\app\views\Management\TheLastDrop\manage_menus_tld.scala.html:2:30: not enough arguments for method apply: (users: java.util.List[models.Menu], r: play.mvc.Http.Request): play.twirl.api.HtmlFormat.Appendable in object createMenuCard.
[error] Unspecified value parameters users, r.
[error]     @Templates.createMenuCard()
[error]                              ^
[error] C:\Users\André ISCTE\Documents\canteen_management\app\views\Management\TheLastDrop\manage_menus_tld.scala.html:3:30: not enough arguments for method apply: (users: java.util.List[models.Menu], r: play.mvc.Http.Request): play.twirl.api.HtmlFormat.Appendable in object createMenuCard.
[error] Unspecified value parameters users, r.
[error]     @Templates.createMenuCard()
[error]                              ^
[error] C:\Users\André ISCTE\Documents\canteen_management\app\views\Management\TheLastDrop\manage_menus_tld.scala.html:4:30: not enough arguments for method apply: (users: java.util.List[models.Menu], r: play.mvc.Http.Request): play.twirl.api.HtmlFormat.Appendable in object createMenuCard.
[error] Unspecified value parameters users, r.
[error]     @Templates.createMenuCard()
[error]                              ^
[error] C:\Users\André ISCTE\Documents\canteen_management\app\views\Management\TheLastDrop\manage_menus_tld.scala.html:5:30: not enough arguments for method apply: (users: java.util.List[models.Menu], r: play.mvc.Http.Request): play.twirl.api.HtmlFormat.Appendable in object createMenuCard.
[error] Unspecified value parameters users, r.
[error]     @Templates.createMenuCard()
[error]                              ^
[error] C:\Users\André ISCTE\Documents\canteen_management\app\views\Management\TheLastDrop\manage_menus_tld.scala.html:6:30: not enough arguments for method apply: (users: java.util.List[models.Menu], r: play.mvc.Http.Request): play.twirl.api.HtmlFormat.Appendable in object createMenuCard.
[error] Unspecified value parameters users, r.
[error]     @Templates.createMenuCard()
[error]                              ^
[error] C:\Users\André ISCTE\Documents\canteen_management\app\views\Management\TheLastDrop\manage_menus_tld.scala.html:7:30: not enough arguments for method apply: (users: java.util.List[models.Menu], r: play.mvc.Http.Request): play.twirl.api.HtmlFormat.Appendable in object createMenuCard.
[error] Unspecified value parameters users, r.
[error]     @Templates.createMenuCard()
[error]                              ^
[error] C:\Users\André ISCTE\Documents\canteen_management\app\views\Management\TheLastDrop\manage_menus_tld.scala.html:8:30: not enough arguments for method apply: (users: java.util.List[models.Menu], r: play.mvc.Http.Request): play.twirl.api.HtmlFormat.Appendable in object createMenuCard.
[error] Unspecified value parameters users, r.
[error]     @Templates.createMenuCard()
[error]                              ^
[error] C:\Users\André ISCTE\Documents\canteen_management\app\views\Management\TheLeakyCauldron\manage_menus_tlc.scala.html:2:30: not enough arguments for method apply: (users: java.util.List[models.Menu], r: play.mvc.Http.Request): play.twirl.api.HtmlFormat.Appendable in object createMenuCard.
[error] Unspecified value parameters users, r.
[error]     @Templates.createMenuCard()
[error]                              ^
[error] C:\Users\André ISCTE\Documents\canteen_management\app\views\Management\TheLeakyCauldron\manage_menus_tlc.scala.html:3:30: not enough arguments for method apply: (users: java.util.List[models.Menu], r: play.mvc.Http.Request): play.twirl.api.HtmlFormat.Appendable in object createMenuCard.
[error] Unspecified value parameters users, r.
[error]     @Templates.createMenuCard()
[error]                              ^
[error] C:\Users\André ISCTE\Documents\canteen_management\app\views\Management\TheLeakyCauldron\manage_menus_tlc.scala.html:4:30: not enough arguments for method apply: (users: java.util.List[models.Menu], r: play.mvc.Http.Request): play.twirl.api.HtmlFormat.Appendable in object createMenuCard.
[error] Unspecified value parameters users, r.
[error]     @Templates.createMenuCard()
[error]                              ^
[error] C:\Users\André ISCTE\Documents\canteen_management\app\views\Management\TheLeakyCauldron\manage_menus_tlc.scala.html:5:30: not enough arguments for method apply: (users: java.util.List[models.Menu], r: play.mvc.Http.Request): play.twirl.api.HtmlFormat.Appendable in object createMenuCard.
[error] Unspecified value parameters users, r.
[error]     @Templates.createMenuCard()
[error]                              ^
[error] C:\Users\André ISCTE\Documents\canteen_management\app\views\Management\TheLeakyCauldron\manage_menus_tlc.scala.html:6:30: not enough arguments for method apply: (users: java.util.List[models.Menu], r: play.mvc.Http.Request): play.twirl.api.HtmlFormat.Appendable in object createMenuCard.
[error] Unspecified value parameters users, r.
[error]     @Templates.createMenuCard()
[error]                              ^
[error] C:\Users\André ISCTE\Documents\canteen_management\app\views\Management\TheLeakyCauldron\manage_menus_tlc.scala.html:7:30: not enough arguments for method apply: (users: java.util.List[models.Menu], r: play.mvc.Http.Request): play.twirl.api.HtmlFormat.Appendable in object createMenuCard.
[error] Unspecified value parameters users, r.
[error]     @Templates.createMenuCard()
[error]                              ^
[error] C:\Users\André ISCTE\Documents\canteen_management\app\views\Management\TheLeakyCauldron\manage_menus_tlc.scala.html:8:30: not enough arguments for method apply: (users: java.util.List[models.Menu], r: play.mvc.Http.Request): play.twirl.api.HtmlFormat.Appendable in object createMenuCard.
[error] Unspecified value parameters users, r.
[error]     @Templates.createMenuCard()
[error]                              ^
[error] C:\Users\André ISCTE\Documents\canteen_management\app\views\Management\WaverlySubStation\manage_menus_wss.scala.html:2:30: not enough arguments for method apply: (users: java.util.List[models.Menu], r: play.mvc.Http.Request): play.twirl.api.HtmlFormat.Appendable in object createMenuCard.
[error] Unspecified value parameters users, r.
[error]     @Templates.createMenuCard()
[error]                              ^
[error] C:\Users\André ISCTE\Documents\canteen_management\app\views\Management\WaverlySubStation\manage_menus_wss.scala.html:3:30: not enough arguments for method apply: (users: java.util.List[models.Menu], r: play.mvc.Http.Request): play.twirl.api.HtmlFormat.Appendable in object createMenuCard.
[error] Unspecified value parameters users, r.
[error]     @Templates.createMenuCard()
[error]                              ^
[error] C:\Users\André ISCTE\Documents\canteen_management\app\views\Management\WaverlySubStation\manage_menus_wss.scala.html:4:30: not enough arguments for method apply: (users: java.util.List[models.Menu], r: play.mvc.Http.Request): play.twirl.api.HtmlFormat.Appendable in object createMenuCard.
[error] Unspecified value parameters users, r.
[error]     @Templates.createMenuCard()
[error]                              ^
[error] C:\Users\André ISCTE\Documents\canteen_management\app\views\Management\WaverlySubStation\manage_menus_wss.scala.html:5:30: not enough arguments for method apply: (users: java.util.List[models.Menu], r: play.mvc.Http.Request): play.twirl.api.HtmlFormat.Appendable in object createMenuCard.
[error] Unspecified value parameters users, r.
[error]     @Templates.createMenuCard()
[error]                              ^
[error] C:\Users\André ISCTE\Documents\canteen_management\app\views\Management\WaverlySubStation\manage_menus_wss.scala.html:6:30: not enough arguments for method apply: (users: java.util.List[models.Menu], r: play.mvc.Http.Request): play.twirl.api.HtmlFormat.Appendable in object createMenuCard.
[error] Unspecified value parameters users, r.
[error]     @Templates.createMenuCard()
[error]                              ^
[error] C:\Users\André ISCTE\Documents\canteen_management\app\views\Management\WaverlySubStation\manage_menus_wss.scala.html:7:30: not enough arguments for method apply: (users: java.util.List[models.Menu], r: play.mvc.Http.Request): play.twirl.api.HtmlFormat.Appendable in object createMenuCard.
[error] Unspecified value parameters users, r.
[error]     @Templates.createMenuCard()
[error]                              ^
[error] C:\Users\André ISCTE\Documents\canteen_management\app\views\Management\WaverlySubStation\manage_menus_wss.scala.html:8:30: not enough arguments for method apply: (users: java.util.List[models.Menu], r: play.mvc.Http.Request): play.twirl.api.HtmlFormat.Appendable in object createMenuCard.
[error] Unspecified value parameters users, r.
[error]     @Templates.createMenuCard()
[error]                              ^
[error] 22 errors found
[error] (Compile / compileIncremental) Compilation failed
[debug] Running task... Cancel: Signal, check cycles: false, forcegc: true
[debug] Running task... Cancel: Signal, check cycles: false, forcegc: true
[debug] Running task... Cancel: Signal, check cycles: false, forcegc: true
[info] compiling 1 Scala source to C:\Users\André ISCTE\Documents\canteen_management\target\scala-2.13\classes ...
[info] done compiling
[info] compiling 4 Scala sources to C:\Users\André ISCTE\Documents\canteen_management\target\scala-2.13\classes ...
[error] C:\Users\André ISCTE\Documents\canteen_management\app\views\Management\Arconia\manage_menus_arc.scala.html:2:30: not enough arguments for method apply: (menu: java.util.List[models.Menu], r: play.mvc.Http.Request): play.twirl.api.HtmlFormat.Appendable in object createMenuCard.
[error] Unspecified value parameters menu, r.
[error]     @Templates.createMenuCard()
[error]                              ^
[error] C:\Users\André ISCTE\Documents\canteen_management\app\views\Management\TheLastDrop\manage_menus_tld.scala.html:2:30: not enough arguments for method apply: (menu: java.util.List[models.Menu], r: play.mvc.Http.Request): play.twirl.api.HtmlFormat.Appendable in object createMenuCard.
[error] Unspecified value parameters menu, r.
[error]     @Templates.createMenuCard()
[error]                              ^
[error] C:\Users\André ISCTE\Documents\canteen_management\app\views\Management\TheLastDrop\manage_menus_tld.scala.html:3:30: not enough arguments for method apply: (menu: java.util.List[models.Menu], r: play.mvc.Http.Request): play.twirl.api.HtmlFormat.Appendable in object createMenuCard.
[error] Unspecified value parameters menu, r.
[error]     @Templates.createMenuCard()
[error]                              ^
[error] C:\Users\André ISCTE\Documents\canteen_management\app\views\Management\TheLastDrop\manage_menus_tld.scala.html:4:30: not enough arguments for method apply: (menu: java.util.List[models.Menu], r: play.mvc.Http.Request): play.twirl.api.HtmlFormat.Appendable in object createMenuCard.
[error] Unspecified value parameters menu, r.
[error]     @Templates.createMenuCard()
[error]                              ^
[error] C:\Users\André ISCTE\Documents\canteen_management\app\views\Management\TheLastDrop\manage_menus_tld.scala.html:5:30: not enough arguments for method apply: (menu: java.util.List[models.Menu], r: play.mvc.Http.Request): play.twirl.api.HtmlFormat.Appendable in object createMenuCard.
[error] Unspecified value parameters menu, r.
[error]     @Templates.createMenuCard()
[error]                              ^
[error] C:\Users\André ISCTE\Documents\canteen_management\app\views\Management\TheLastDrop\manage_menus_tld.scala.html:6:30: not enough arguments for method apply: (menu: java.util.List[models.Menu], r: play.mvc.Http.Request): play.twirl.api.HtmlFormat.Appendable in object createMenuCard.
[error] Unspecified value parameters menu, r.
[error]     @Templates.createMenuCard()
[error]                              ^
[error] C:\Users\André ISCTE\Documents\canteen_management\app\views\Management\TheLastDrop\manage_menus_tld.scala.html:7:30: not enough arguments for method apply: (menu: java.util.List[models.Menu], r: play.mvc.Http.Request): play.twirl.api.HtmlFormat.Appendable in object createMenuCard.
[error] Unspecified value parameters menu, r.
[error]     @Templates.createMenuCard()
[error]                              ^
[error] C:\Users\André ISCTE\Documents\canteen_management\app\views\Management\TheLastDrop\manage_menus_tld.scala.html:8:30: not enough arguments for method apply: (menu: java.util.List[models.Menu], r: play.mvc.Http.Request): play.twirl.api.HtmlFormat.Appendable in object createMenuCard.
[error] Unspecified value parameters menu, r.
[error]     @Templates.createMenuCard()
[error]                              ^
[error] C:\Users\André ISCTE\Documents\canteen_management\app\views\Management\TheLeakyCauldron\manage_menus_tlc.scala.html:2:30: not enough arguments for method apply: (menu: java.util.List[models.Menu], r: play.mvc.Http.Request): play.twirl.api.HtmlFormat.Appendable in object createMenuCard.
[error] Unspecified value parameters menu, r.
[error]     @Templates.createMenuCard()
[error]                              ^
[error] C:\Users\André ISCTE\Documents\canteen_management\app\views\Management\TheLeakyCauldron\manage_menus_tlc.scala.html:3:30: not enough arguments for method apply: (menu: java.util.List[models.Menu], r: play.mvc.Http.Request): play.twirl.api.HtmlFormat.Appendable in object createMenuCard.
[error] Unspecified value parameters menu, r.
[error]     @Templates.createMenuCard()
[error]                              ^
[error] C:\Users\André ISCTE\Documents\canteen_management\app\views\Management\TheLeakyCauldron\manage_menus_tlc.scala.html:4:30: not enough arguments for method apply: (menu: java.util.List[models.Menu], r: play.mvc.Http.Request): play.twirl.api.HtmlFormat.Appendable in object createMenuCard.
[error] Unspecified value parameters menu, r.
[error]     @Templates.createMenuCard()
[error]                              ^
[error] C:\Users\André ISCTE\Documents\canteen_management\app\views\Management\TheLeakyCauldron\manage_menus_tlc.scala.html:5:30: not enough arguments for method apply: (menu: java.util.List[models.Menu], r: play.mvc.Http.Request): play.twirl.api.HtmlFormat.Appendable in object createMenuCard.
[error] Unspecified value parameters menu, r.
[error]     @Templates.createMenuCard()
[error]                              ^
[error] C:\Users\André ISCTE\Documents\canteen_management\app\views\Management\TheLeakyCauldron\manage_menus_tlc.scala.html:6:30: not enough arguments for method apply: (menu: java.util.List[models.Menu], r: play.mvc.Http.Request): play.twirl.api.HtmlFormat.Appendable in object createMenuCard.
[error] Unspecified value parameters menu, r.
[error]     @Templates.createMenuCard()
[error]                              ^
[error] C:\Users\André ISCTE\Documents\canteen_management\app\views\Management\TheLeakyCauldron\manage_menus_tlc.scala.html:7:30: not enough arguments for method apply: (menu: java.util.List[models.Menu], r: play.mvc.Http.Request): play.twirl.api.HtmlFormat.Appendable in object createMenuCard.
[error] Unspecified value parameters menu, r.
[error]     @Templates.createMenuCard()
[error]                              ^
[error] C:\Users\André ISCTE\Documents\canteen_management\app\views\Management\TheLeakyCauldron\manage_menus_tlc.scala.html:8:30: not enough arguments for method apply: (menu: java.util.List[models.Menu], r: play.mvc.Http.Request): play.twirl.api.HtmlFormat.Appendable in object createMenuCard.
[error] Unspecified value parameters menu, r.
[error]     @Templates.createMenuCard()
[error]                              ^
[error] C:\Users\André ISCTE\Documents\canteen_management\app\views\Management\WaverlySubStation\manage_menus_wss.scala.html:2:30: not enough arguments for method apply: (menu: java.util.List[models.Menu], r: play.mvc.Http.Request): play.twirl.api.HtmlFormat.Appendable in object createMenuCard.
[error] Unspecified value parameters menu, r.
[error]     @Templates.createMenuCard()
[error]                              ^
[error] C:\Users\André ISCTE\Documents\canteen_management\app\views\Management\WaverlySubStation\manage_menus_wss.scala.html:3:30: not enough arguments for method apply: (menu: java.util.List[models.Menu], r: play.mvc.Http.Request): play.twirl.api.HtmlFormat.Appendable in object createMenuCard.
[error] Unspecified value parameters menu, r.
[error]     @Templates.createMenuCard()
[error]                              ^
[error] C:\Users\André ISCTE\Documents\canteen_management\app\views\Management\WaverlySubStation\manage_menus_wss.scala.html:4:30: not enough arguments for method apply: (menu: java.util.List[models.Menu], r: play.mvc.Http.Request): play.twirl.api.HtmlFormat.Appendable in object createMenuCard.
[error] Unspecified value parameters menu, r.
[error]     @Templates.createMenuCard()
[error]                              ^
[error] C:\Users\André ISCTE\Documents\canteen_management\app\views\Management\WaverlySubStation\manage_menus_wss.scala.html:5:30: not enough arguments for method apply: (menu: java.util.List[models.Menu], r: play.mvc.Http.Request): play.twirl.api.HtmlFormat.Appendable in object createMenuCard.
[error] Unspecified value parameters menu, r.
[error]     @Templates.createMenuCard()
[error]                              ^
[error] C:\Users\André ISCTE\Documents\canteen_management\app\views\Management\WaverlySubStation\manage_menus_wss.scala.html:6:30: not enough arguments for method apply: (menu: java.util.List[models.Menu], r: play.mvc.Http.Request): play.twirl.api.HtmlFormat.Appendable in object createMenuCard.
[error] Unspecified value parameters menu, r.
[error]     @Templates.createMenuCard()
[error]                              ^
[error] C:\Users\André ISCTE\Documents\canteen_management\app\views\Management\WaverlySubStation\manage_menus_wss.scala.html:7:30: not enough arguments for method apply: (menu: java.util.List[models.Menu], r: play.mvc.Http.Request): play.twirl.api.HtmlFormat.Appendable in object createMenuCard.
[error] Unspecified value parameters menu, r.
[error]     @Templates.createMenuCard()
[error]                              ^
[error] C:\Users\André ISCTE\Documents\canteen_management\app\views\Management\WaverlySubStation\manage_menus_wss.scala.html:8:30: not enough arguments for method apply: (menu: java.util.List[models.Menu], r: play.mvc.Http.Request): play.twirl.api.HtmlFormat.Appendable in object createMenuCard.
[error] Unspecified value parameters menu, r.
[error]     @Templates.createMenuCard()
[error]                              ^
[error] 22 errors found
[error] (Compile / compileIncremental) Compilation failed
[debug] Running task... Cancel: Signal, check cycles: false, forcegc: true
[debug] Running task... Cancel: Signal, check cycles: false, forcegc: true
[debug] Running task... Cancel: Signal, check cycles: false, forcegc: true
[info] compiling 1 Scala source to C:\Users\André ISCTE\Documents\canteen_management\target\scala-2.13\classes ...
[info] done compiling
[info] compiling 4 Scala sources to C:\Users\André ISCTE\Documents\canteen_management\target\scala-2.13\classes ...
[error] C:\Users\André ISCTE\Documents\canteen_management\app\views\Management\Arconia\manage_menus_arc.scala.html:2:30: not enough arguments for method apply: (menus: java.util.List[models.Menu], r: play.mvc.Http.Request): play.twirl.api.HtmlFormat.Appendable in object createMenuCard.
[error] Unspecified value parameters menus, r.
[error]     @Templates.createMenuCard()
[error]                              ^
[error] C:\Users\André ISCTE\Documents\canteen_management\app\views\Management\TheLastDrop\manage_menus_tld.scala.html:2:30: not enough arguments for method apply: (menus: java.util.List[models.Menu], r: play.mvc.Http.Request): play.twirl.api.HtmlFormat.Appendable in object createMenuCard.
[error] Unspecified value parameters menus, r.
[error]     @Templates.createMenuCard()
[error]                              ^
[error] C:\Users\André ISCTE\Documents\canteen_management\app\views\Management\TheLastDrop\manage_menus_tld.scala.html:3:30: not enough arguments for method apply: (menus: java.util.List[models.Menu], r: play.mvc.Http.Request): play.twirl.api.HtmlFormat.Appendable in object createMenuCard.
[error] Unspecified value parameters menus, r.
[error]     @Templates.createMenuCard()
[error]                              ^
[error] C:\Users\André ISCTE\Documents\canteen_management\app\views\Management\TheLastDrop\manage_menus_tld.scala.html:4:30: not enough arguments for method apply: (menus: java.util.List[models.Menu], r: play.mvc.Http.Request): play.twirl.api.HtmlFormat.Appendable in object createMenuCard.
[error] Unspecified value parameters menus, r.
[error]     @Templates.createMenuCard()
[error]                              ^
[error] C:\Users\André ISCTE\Documents\canteen_management\app\views\Management\TheLastDrop\manage_menus_tld.scala.html:5:30: not enough arguments for method apply: (menus: java.util.List[models.Menu], r: play.mvc.Http.Request): play.twirl.api.HtmlFormat.Appendable in object createMenuCard.
[error] Unspecified value parameters menus, r.
[error]     @Templates.createMenuCard()
[error]                              ^
[error] C:\Users\André ISCTE\Documents\canteen_management\app\views\Management\TheLastDrop\manage_menus_tld.scala.html:6:30: not enough arguments for method apply: (menus: java.util.List[models.Menu], r: play.mvc.Http.Request): play.twirl.api.HtmlFormat.Appendable in object createMenuCard.
[error] Unspecified value parameters menus, r.
[error]     @Templates.createMenuCard()
[error]                              ^
[error] C:\Users\André ISCTE\Documents\canteen_management\app\views\Management\TheLastDrop\manage_menus_tld.scala.html:7:30: not enough arguments for method apply: (menus: java.util.List[models.Menu], r: play.mvc.Http.Request): play.twirl.api.HtmlFormat.Appendable in object createMenuCard.
[error] Unspecified value parameters menus, r.
[error]     @Templates.createMenuCard()
[error]                              ^
[error] C:\Users\André ISCTE\Documents\canteen_management\app\views\Management\TheLastDrop\manage_menus_tld.scala.html:8:30: not enough arguments for method apply: (menus: java.util.List[models.Menu], r: play.mvc.Http.Request): play.twirl.api.HtmlFormat.Appendable in object createMenuCard.
[error] Unspecified value parameters menus, r.
[error]     @Templates.createMenuCard()
[error]                              ^
[error] C:\Users\André ISCTE\Documents\canteen_management\app\views\Management\TheLeakyCauldron\manage_menus_tlc.scala.html:2:30: not enough arguments for method apply: (menus: java.util.List[models.Menu], r: play.mvc.Http.Request): play.twirl.api.HtmlFormat.Appendable in object createMenuCard.
[error] Unspecified value parameters menus, r.
[error]     @Templates.createMenuCard()
[error]                              ^
[error] C:\Users\André ISCTE\Documents\canteen_management\app\views\Management\TheLeakyCauldron\manage_menus_tlc.scala.html:3:30: not enough arguments for method apply: (menus: java.util.List[models.Menu], r: play.mvc.Http.Request): play.twirl.api.HtmlFormat.Appendable in object createMenuCard.
[error] Unspecified value parameters menus, r.
[error]     @Templates.createMenuCard()
[error]                              ^
[error] C:\Users\André ISCTE\Documents\canteen_management\app\views\Management\TheLeakyCauldron\manage_menus_tlc.scala.html:4:30: not enough arguments for method apply: (menus: java.util.List[models.Menu], r: play.mvc.Http.Request): play.twirl.api.HtmlFormat.Appendable in object createMenuCard.
[error] Unspecified value parameters menus, r.
[error]     @Templates.createMenuCard()
[error]                              ^
[error] C:\Users\André ISCTE\Documents\canteen_management\app\views\Management\TheLeakyCauldron\manage_menus_tlc.scala.html:5:30: not enough arguments for method apply: (menus: java.util.List[models.Menu], r: play.mvc.Http.Request): play.twirl.api.HtmlFormat.Appendable in object createMenuCard.
[error] Unspecified value parameters menus, r.
[error]     @Templates.createMenuCard()
[error]                              ^
[error] C:\Users\André ISCTE\Documents\canteen_management\app\views\Management\TheLeakyCauldron\manage_menus_tlc.scala.html:6:30: not enough arguments for method apply: (menus: java.util.List[models.Menu], r: play.mvc.Http.Request): play.twirl.api.HtmlFormat.Appendable in object createMenuCard.
[error] Unspecified value parameters menus, r.
[error]     @Templates.createMenuCard()
[error]                              ^
[error] C:\Users\André ISCTE\Documents\canteen_management\app\views\Management\TheLeakyCauldron\manage_menus_tlc.scala.html:7:30: not enough arguments for method apply: (menus: java.util.List[models.Menu], r: play.mvc.Http.Request): play.twirl.api.HtmlFormat.Appendable in object createMenuCard.
[error] Unspecified value parameters menus, r.
[error]     @Templates.createMenuCard()
[error]                              ^
[error] C:\Users\André ISCTE\Documents\canteen_management\app\views\Management\TheLeakyCauldron\manage_menus_tlc.scala.html:8:30: not enough arguments for method apply: (menus: java.util.List[models.Menu], r: play.mvc.Http.Request): play.twirl.api.HtmlFormat.Appendable in object createMenuCard.
[error] Unspecified value parameters menus, r.
[error]     @Templates.createMenuCard()
[error]                              ^
[error] C:\Users\André ISCTE\Documents\canteen_management\app\views\Management\WaverlySubStation\manage_menus_wss.scala.html:2:30: not enough arguments for method apply: (menus: java.util.List[models.Menu], r: play.mvc.Http.Request): play.twirl.api.HtmlFormat.Appendable in object createMenuCard.
[error] Unspecified value parameters menus, r.
[error]     @Templates.createMenuCard()
[error]                              ^
[error] C:\Users\André ISCTE\Documents\canteen_management\app\views\Management\WaverlySubStation\manage_menus_wss.scala.html:3:30: not enough arguments for method apply: (menus: java.util.List[models.Menu], r: play.mvc.Http.Request): play.twirl.api.HtmlFormat.Appendable in object createMenuCard.
[error] Unspecified value parameters menus, r.
[error]     @Templates.createMenuCard()
[error]                              ^
[error] C:\Users\André ISCTE\Documents\canteen_management\app\views\Management\WaverlySubStation\manage_menus_wss.scala.html:4:30: not enough arguments for method apply: (menus: java.util.List[models.Menu], r: play.mvc.Http.Request): play.twirl.api.HtmlFormat.Appendable in object createMenuCard.
[error] Unspecified value parameters menus, r.
[error]     @Templates.createMenuCard()
[error]                              ^
[error] C:\Users\André ISCTE\Documents\canteen_management\app\views\Management\WaverlySubStation\manage_menus_wss.scala.html:5:30: not enough arguments for method apply: (menus: java.util.List[models.Menu], r: play.mvc.Http.Request): play.twirl.api.HtmlFormat.Appendable in object createMenuCard.
[error] Unspecified value parameters menus, r.
[error]     @Templates.createMenuCard()
[error]                              ^
[error] C:\Users\André ISCTE\Documents\canteen_management\app\views\Management\WaverlySubStation\manage_menus_wss.scala.html:6:30: not enough arguments for method apply: (menus: java.util.List[models.Menu], r: play.mvc.Http.Request): play.twirl.api.HtmlFormat.Appendable in object createMenuCard.
[error] Unspecified value parameters menus, r.
[error]     @Templates.createMenuCard()
[error]                              ^
[error] C:\Users\André ISCTE\Documents\canteen_management\app\views\Management\WaverlySubStation\manage_menus_wss.scala.html:7:30: not enough arguments for method apply: (menus: java.util.List[models.Menu], r: play.mvc.Http.Request): play.twirl.api.HtmlFormat.Appendable in object createMenuCard.
[error] Unspecified value parameters menus, r.
[error]     @Templates.createMenuCard()
[error]                              ^
[error] C:\Users\André ISCTE\Documents\canteen_management\app\views\Management\WaverlySubStation\manage_menus_wss.scala.html:8:30: not enough arguments for method apply: (menus: java.util.List[models.Menu], r: play.mvc.Http.Request): play.twirl.api.HtmlFormat.Appendable in object createMenuCard.
[error] Unspecified value parameters menus, r.
[error]     @Templates.createMenuCard()
[error]                              ^
[error] 22 errors found
[error] (Compile / compileIncremental) Compilation failed
[debug] Running task... Cancel: Signal, check cycles: false, forcegc: true
[debug] Running task... Cancel: Signal, check cycles: false, forcegc: true
[debug] Running task... Cancel: Signal, check cycles: false, forcegc: true
[info] compiling 2 Scala sources to C:\Users\André ISCTE\Documents\canteen_management\target\scala-2.13\classes ...
[info] done compiling
[debug] Running task... Cancel: Signal, check cycles: false, forcegc: true
[debug] Exporting web-assets:play-java-ebean-example
[debug] Running task... Cancel: Signal, check cycles: false, forcegc: true
[debug] Running task... Cancel: Signal, check cycles: false, forcegc: true
[info] compiling 4 Scala sources and 3 Java sources to C:\Users\André ISCTE\Documents\canteen_management\target\scala-2.13\classes ...
[info] done compiling
[info] compiling 18 Scala sources and 1 Java source to C:\Users\André ISCTE\Documents\canteen_management\target\scala-2.13\classes ...
[info] done compiling
[debug] Forcing garbage collection...
[debug] Running task... Cancel: Signal, check cycles: false, forcegc: true
[debug] Exporting web-assets:play-java-ebean-example
[debug] Running task... Cancel: Signal, check cycles: false, forcegc: true
[debug] Running task... Cancel: Signal, check cycles: false, forcegc: true
[info] compiling 3 Scala sources and 3 Java sources to C:\Users\André ISCTE\Documents\canteen_management\target\scala-2.13\classes ...
[info] done compiling
[info] compiling 18 Scala sources and 1 Java source to C:\Users\André ISCTE\Documents\canteen_management\target\scala-2.13\classes ...
[info] done compiling
[debug] Running task... Cancel: Signal, check cycles: false, forcegc: true
[debug] Exporting web-assets:play-java-ebean-example
[debug] Running task... Cancel: Signal, check cycles: false, forcegc: true
[debug] Running task... Cancel: Signal, check cycles: false, forcegc: true
[info] compiling 1 Java source to C:\Users\André ISCTE\Documents\canteen_management\target\scala-2.13\classes ...
[error] C:\Users\André ISCTE\Documents\canteen_management\app\controllers\AuthController.java:14:1: method render in class views.html.login cannot be applied to given types;
[error]   required: play.mvc.Http.Request,java.lang.String
[error]   found: play.mvc.Http.Request
[error]   reason: actual and formal argument lists differ in length
[error] views.html.login.render
[error] (Compile / compileIncremental) javac returned non-zero exit code
[debug] Running task... Cancel: Signal, check cycles: false, forcegc: true
[debug] Running task... Cancel: Signal, check cycles: false, forcegc: true
[debug] Running task... Cancel: Signal, check cycles: false, forcegc: true
[info] compiling 1 Scala source and 1 Java source to C:\Users\André ISCTE\Documents\canteen_management\target\scala-2.13\classes ...
[error] C:\Users\André ISCTE\Documents\canteen_management\app\views\login.scala.html:41:25: not found: value error
[error]                     <p>@error</p>
[error]                         ^
[error] one error found
[error] (Compile / compileIncremental) Compilation failed
[debug] Running task... Cancel: Signal, check cycles: false, forcegc: true
[debug] Running task... Cancel: Signal, check cycles: false, forcegc: true
[debug] Running task... Cancel: Signal, check cycles: false, forcegc: true
[info] compiling 1 Scala source and 1 Java source to C:\Users\André ISCTE\Documents\canteen_management\target\scala-2.13\classes ...
[info] done compiling
[info] compiling 1 Scala source to C:\Users\André ISCTE\Documents\canteen_management\target\scala-2.13\classes ...
[info] done compiling
[debug] Running task... Cancel: Signal, check cycles: false, forcegc: true
[debug] Exporting web-assets:play-java-ebean-example
[debug] Running task... Cancel: Signal, check cycles: false, forcegc: true
[debug] Running task... Cancel: Signal, check cycles: false, forcegc: true
[error] [Error] C:\Users\André ISCTE\Documents\canteen_management\app\views\login.scala.html:35
[error] }: Expected '}' but found 'EOF'
[debug] Forcing garbage collection...
[error] (Compile / twirlCompileTemplates) Twirl compilation failed
[debug] Running task... Cancel: Signal, check cycles: false, forcegc: true
[debug] Running task... Cancel: Signal, check cycles: false, forcegc: true
[debug] Running task... Cancel: Signal, check cycles: false, forcegc: true
[info] compiling 4 Scala sources and 2 Java sources to C:\Users\André ISCTE\Documents\canteen_management\target\scala-2.13\classes ...
[error] C:\Users\André ISCTE\Documents\canteen_management\app\views\login.scala.html:4:92: not enough arguments for method getUserByUsername: (username: String): models.User.
[error] Unspecified value parameter username.
[error]         <form action="@controllers.routes.AuthController.submitLogin(User.getUserByUsername())" method="post">
[error]                                                                                            ^
[error] one error found
[error] (Compile / compileIncremental) Compilation failed
[debug] Running task... Cancel: Signal, check cycles: false, forcegc: true
[debug] Running task... Cancel: Signal, check cycles: false, forcegc: true
