[debug] > Exec(early(addDefaultCommands), None, None)
[debug] > Exec(addDefaultCommands, None, None)
[debug] > Exec(early(initialize), None, None)
[debug] > Exec(initialize, None, None)
[debug] > Exec(boot, None, None)
[debug] > Exec(writeSbtVersion, None, None)
[debug] > Exec(reload, None, None)
[debug] > Exec(sbtStashOnFailure, None, None)
[debug] > Exec(onFailure loadFailed, None, None)
[debug] > Exec(loadp, None, None)
[info] welcome to sbt 1.7.2 (Microsoft Java 11.0.17)
[debug]       Load.loadUnit: plugins took 278.7674ms
[debug]       Load.loadUnit: defsScala took 0.522ms
[debug] [Loading] Scanning directory C:\Users\André ISCTE\.sbt\1.0\plugins
[debug] [Loading] Found non-root projects 
[debug] [Loading] Done in C:\Users\André ISCTE\.sbt\1.0\plugins, returning: ()
[debug] deducing auto plugins based on known facts Set(Atom(sbt.plugins.CorePlugin)) and clauses Clauses(Clause(Atom(sbt.plugins.JvmPlugin),Set(Atom(sbt.plugins.IvyPlugin)))
[debug] Clause(Atom(sbt.ScriptedPlugin),Set(Atom(sbt.plugins.JvmPlugin)))
[debug] Clause(Atom(sbt.plugins.SbtPlugin),Set(Atom(sbt.ScriptedPlugin)))
[debug] Clause(Atom(sbt.plugins.SemanticdbPlugin),Set(Atom(sbt.plugins.JvmPlugin)))
[debug] Clause(Atom(sbt.plugins.JUnitXmlReportPlugin),Set(Atom(sbt.plugins.JvmPlugin)))
[debug] Clause(Atom(sbt.plugins.MiniDependencyTreePlugin),Set(Atom(sbt.plugins.JvmPlugin)))
[debug] Clause(Atom(sbt.plugins.CorePlugin),Set(Atom(sbt.plugins.IvyPlugin)))
[debug] Clause(Atom(sbt.plugins.IvyPlugin),Set(Atom(sbt.plugins.JvmPlugin)))
[debug] Clause(Atom(sbt.plugins.JvmPlugin),Set(Atom(sbt.plugins.SemanticdbPlugin)))
[debug] Clause(Atom(sbt.plugins.JvmPlugin),Set(Atom(sbt.plugins.JUnitXmlReportPlugin)))
[debug] Clause(Atom(sbt.plugins.CorePlugin),Set(Atom(sbt.plugins.Giter8TemplatePlugin)))
[debug] Clause(Atom(sbt.plugins.JvmPlugin),Set(Atom(sbt.plugins.MiniDependencyTreePlugin))))
[debug]   :: deduced result: Matched(sbt.plugins.CorePlugin,sbt.plugins.Giter8TemplatePlugin,sbt.plugins.IvyPlugin,sbt.plugins.JvmPlugin,sbt.plugins.MiniDependencyTreePlugin,sbt.plugins.JUnitXmlReportPlugin,sbt.plugins.SemanticdbPlugin)
[debug] Plugins.deducer#function took 60.4661 ms
[debug]           Load.resolveProject(global-plugins) took 116.72ms
[debug]         Load.loadTransitive: finalizeProject(Project(id global-plugins, base: C:\Users\André ISCTE\.sbt\1.0\plugins, plugins: List(<none>))) took 271.8433ms
[debug] [Loading] Done in C:\Users\André ISCTE\.sbt\1.0\plugins, returning: (global-plugins)
[debug]       Load.loadUnit: loadedProjectsRaw took 316.6526ms
[debug]       Load.loadUnit: cleanEvalClasses took 0.5489ms
[debug]     Load.loadUnit(file:/C:/Users/André%20ISCTE/.sbt/1.0/plugins/, ...) took 622.1283ms
[debug]   Load.apply: load took 1290.6739ms
[debug]   Load.apply: resolveProjects took 19.4011ms
[debug]   Load.apply: finalTransforms took 229.1393ms
[debug]   Load.apply: config.delegates took 39.3471ms
[debug]   Load.apply: Def.make(settings)... took 2035.6478ms
[debug]   Load.apply: structureIndex took 255.992ms
[debug]   Load.apply: mkStreams took 3.2923ms
[info] loading global plugins from C:\Users\André ISCTE\.sbt\1.0\plugins
[debug] Running task... Cancel: Signal, check cycles: false, forcegc: true
[debug] Load.defaultLoad until apply took 7302.3224ms
[debug]           Load.loadUnit: plugins took 58.7471ms
[debug]           Load.loadUnit: defsScala took 0.0121ms
[debug] [Loading] Scanning directory C:\Users\André ISCTE\Documents\canteen_management\project
[debug]             Load.loadUnit: mkEval took 17.7734ms
[debug] [Loading] Found non-root projects 
[debug] [Loading] Done in C:\Users\André ISCTE\Documents\canteen_management\project, returning: ()
[debug] deducing auto plugins based on known facts Set(Atom(sbt.plugins.CorePlugin)) and clauses Clauses(Clause(Atom(sbt.plugins.JvmPlugin),Set(Atom(sbt.plugins.IvyPlugin)))
[debug] Clause(Atom(sbt.ScriptedPlugin),Set(Atom(sbt.plugins.JvmPlugin)))
[debug] Clause(Atom(sbt.plugins.SbtPlugin),Set(Atom(sbt.ScriptedPlugin)))
[debug] Clause(Atom(sbt.plugins.SemanticdbPlugin),Set(Atom(sbt.plugins.JvmPlugin)))
[debug] Clause(Atom(sbt.plugins.JUnitXmlReportPlugin),Set(Atom(sbt.plugins.JvmPlugin)))
[debug] Clause(Atom(sbt.plugins.MiniDependencyTreePlugin),Set(Atom(sbt.plugins.JvmPlugin)))
[debug] Clause(Atom(sbt.plugins.CorePlugin),Set(Atom(sbt.plugins.IvyPlugin)))
[debug] Clause(Atom(sbt.plugins.IvyPlugin),Set(Atom(sbt.plugins.JvmPlugin)))
[debug] Clause(Atom(sbt.plugins.JvmPlugin),Set(Atom(sbt.plugins.SemanticdbPlugin)))
[debug] Clause(Atom(sbt.plugins.JvmPlugin),Set(Atom(sbt.plugins.JUnitXmlReportPlugin)))
[debug] Clause(Atom(sbt.plugins.CorePlugin),Set(Atom(sbt.plugins.Giter8TemplatePlugin)))
[debug] Clause(Atom(sbt.plugins.JvmPlugin),Set(Atom(sbt.plugins.MiniDependencyTreePlugin))))
[debug]   :: deduced result: Matched(sbt.plugins.CorePlugin,sbt.plugins.Giter8TemplatePlugin,sbt.plugins.IvyPlugin,sbt.plugins.JvmPlugin,sbt.plugins.MiniDependencyTreePlugin,sbt.plugins.JUnitXmlReportPlugin,sbt.plugins.SemanticdbPlugin)
[debug] Plugins.deducer#function took 4.0457 ms
[info] loading settings for project canteen_management-build from plugins.sbt ...
[debug]               Load.resolveProject(canteen_management-build) took 7.6605ms
[debug]             Load.loadTransitive: finalizeProject(Project(id canteen_management-build, base: C:\Users\André ISCTE\Documents\canteen_management\project, plugins: List(<none>))) took 12.9292ms
[debug] [Loading] Done in C:\Users\André ISCTE\Documents\canteen_management\project, returning: (canteen_management-build)
[debug]           Load.loadUnit: loadedProjectsRaw took 391.1536ms
[debug]           Load.loadUnit: cleanEvalClasses took 10.3586ms
[debug]         Load.loadUnit(file:/C:/Users/André%20ISCTE/Documents/canteen_management/project/, ...) took 462.4139ms
[debug]       Load.apply: load took 466.086ms
[debug]       Load.apply: resolveProjects took 0.3179ms
[debug]       Load.apply: finalTransforms took 26.1771ms
[debug]       Load.apply: config.delegates took 0.7043ms
[debug]       Load.apply: Def.make(settings)... took 156.7842ms
[debug]       Load.apply: structureIndex took 56.0461ms
[debug]       Load.apply: mkStreams took 0.004ms
[info] loading project definition from C:\Users\André ISCTE\Documents\canteen_management\project
[debug] Running task... Cancel: Signal, check cycles: false, forcegc: true
[debug]     Load.loadUnit: plugins took 2719.1046ms
[debug]     Load.loadUnit: defsScala took 0.0094ms
[debug] [Loading] Scanning directory C:\Users\André ISCTE\Documents\canteen_management
[debug]       Load.loadUnit: mkEval took 0.6233ms
[debug] [Loading] Found root project root w/ remaining 
[debug] deducing auto plugins based on known facts Set(Atom(play.sbt.PlayJava), Atom(play.ebean.sbt.PlayEbean), Atom(sbt.plugins.CorePlugin)) and clauses Clauses(Clause(Atom(sbt.plugins.JvmPlugin),Set(Atom(sbt.plugins.IvyPlugin)))
[debug] Clause(Atom(sbt.ScriptedPlugin),Set(Atom(sbt.plugins.JvmPlugin)))
[debug] Clause(Atom(sbt.plugins.SbtPlugin),Set(Atom(sbt.ScriptedPlugin)))
[debug] Clause(Atom(sbt.plugins.SemanticdbPlugin),Set(Atom(sbt.plugins.JvmPlugin)))
[debug] Clause(Atom(sbt.plugins.JUnitXmlReportPlugin),Set(Atom(sbt.plugins.JvmPlugin)))
[debug] Clause(Atom(sbt.plugins.MiniDependencyTreePlugin),Set(Atom(sbt.plugins.JvmPlugin)))
[debug] Clause(Atom(play.sbt.Play),Set(Atom(play.sbt.routes.RoutesCompiler)))
[debug] Clause(Atom(play.sbt.Play),Set(Atom(com.typesafe.sbt.jse.SbtJsTask)))
[debug] Clause(Atom(play.sbt.Play),Set(Atom(com.typesafe.sbt.packager.archetypes.JavaServerAppPackaging)))
[debug] Clause(Atom(play.sbt.Play),Set(Atom(play.twirl.sbt.SbtTwirl)))
[debug] Clause(Atom(play.sbt.PlayAkkaHttp2Support),Set(Atom(play.sbt.PlayAkkaHttpServer)))
[debug] Clause(Atom(play.sbt.PlayAkkaHttp2Support),Set(Atom(com.lightbend.sbt.javaagent.JavaAgent)))
[debug] Clause(Atom(play.sbt.PlayAkkaHttpServer),Set(Atom(play.sbt.PlayService)))
[debug] Clause(Atom(play.sbt.PlayFilters),Set(Atom(play.sbt.PlayWeb)))
[debug] Clause(Atom(play.sbt.PlayJava),Set(Atom(play.sbt.PlayWeb)))
[debug] Clause(Atom(play.sbt.PlayLayoutPlugin),Set(Atom(play.sbt.PlayWeb)))
[debug] Clause(Atom(play.sbt.PlayLogback),Set(Atom(play.sbt.PlayService)))
[debug] Clause(Atom(play.sbt.PlayMinimalJava),Set(Atom(play.sbt.PlayWeb)))
[debug] Clause(Atom(play.sbt.PlayNettyServer),Set(Atom(play.sbt.PlayService)))
[debug] Clause(Atom(play.sbt.PlayScala),Set(Atom(play.sbt.PlayWeb)))
[debug] Clause(Atom(play.sbt.PlayService),Set(Atom(com.typesafe.sbt.packager.archetypes.JavaServerAppPackaging)))
[debug] Clause(Atom(play.sbt.PlayWeb),Set(Atom(play.sbt.routes.RoutesCompiler)))
[debug] Clause(Atom(play.sbt.PlayWeb),Set(Atom(com.typesafe.sbt.jse.SbtJsTask)))
[debug] Clause(Atom(play.sbt.PlayWeb),Set(Atom(play.sbt.PlayService)))
[debug] Clause(Atom(play.sbt.PlayWeb),Set(Atom(play.twirl.sbt.SbtTwirl)))
[debug] Clause(Atom(play.sbt.routes.RoutesCompiler),Set(Atom(sbt.plugins.JvmPlugin)))
[debug] Clause(Atom(play.sbt.test.MediatorWorkaroundPlugin),Set(Atom(sbt.plugins.JvmPlugin)))
[debug] Clause(Atom(play.ebean.sbt.PlayEbean),Set(Atom(sbt.plugins.JvmPlugin)))
[debug] Clause(Atom(play.twirl.sbt.SbtTwirl),Set(Atom(sbt.plugins.JvmPlugin)))
[debug] Clause(Atom(com.typesafe.sbt.SbtNativePackager),Set(Atom(sbt.plugins.JvmPlugin)))
[debug] Clause(Atom(com.typesafe.sbt.packager.archetypes.JavaAppPackaging),Set(Atom(com.typesafe.sbt.packager.windows.WindowsPlugin)))
[debug] Clause(Atom(com.typesafe.sbt.packager.archetypes.JavaAppPackaging),Set(Atom(com.typesafe.sbt.packager.docker.DockerPlugin)))
[debug] Clause(Atom(com.typesafe.sbt.packager.archetypes.JavaAppPackaging),Set(Atom(com.typesafe.sbt.packager.debian.DebianPlugin)))
[debug] Clause(Atom(com.typesafe.sbt.packager.archetypes.JavaAppPackaging),Set(Atom(com.typesafe.sbt.packager.rpm.RpmPlugin)))
[debug] Clause(Atom(com.typesafe.sbt.packager.archetypes.JavaServerAppPackaging),Set(Atom(com.typesafe.sbt.packager.archetypes.JavaAppPackaging)))
[debug] Clause(Atom(com.typesafe.sbt.packager.archetypes.jar.ClasspathJarPlugin),Set(Atom(com.typesafe.sbt.packager.archetypes.JavaAppPackaging)))
[debug] Clause(Atom(com.typesafe.sbt.packager.archetypes.jar.LauncherJarPlugin),Set(Atom(com.typesafe.sbt.packager.archetypes.JavaAppPackaging)))
[debug] Clause(Atom(com.typesafe.sbt.packager.archetypes.jlink.JlinkPlugin),Set(Atom(com.typesafe.sbt.packager.archetypes.JavaAppPackaging)))
[debug] Clause(Atom(com.typesafe.sbt.packager.archetypes.scripts.AshScriptPlugin),Set(Atom(com.typesafe.sbt.packager.archetypes.JavaAppPackaging)))
[debug] Clause(Atom(com.typesafe.sbt.packager.archetypes.scripts.AshScriptPlugin),Set(Atom(com.typesafe.sbt.packager.archetypes.scripts.BashStartScriptPlugin)))
[debug] Clause(Atom(com.typesafe.sbt.packager.archetypes.scripts.BashStartScriptPlugin),Set(Atom(com.typesafe.sbt.packager.archetypes.JavaAppPackaging)))
[debug] Clause(Atom(com.typesafe.sbt.packager.archetypes.scripts.BatStartScriptPlugin),Set(Atom(com.typesafe.sbt.packager.archetypes.JavaAppPackaging)))
[debug] Clause(Atom(com.typesafe.sbt.packager.archetypes.systemloader.SystemVPlugin),Set(Atom(com.typesafe.sbt.packager.archetypes.systemloader.SystemloaderPlugin)))
[debug] Clause(Atom(com.typesafe.sbt.packager.archetypes.systemloader.SystemdPlugin),Set(Atom(com.typesafe.sbt.packager.archetypes.systemloader.SystemloaderPlugin)))
[debug] Clause(Atom(com.typesafe.sbt.packager.archetypes.systemloader.SystemloaderPlugin),Set(Atom(com.typesafe.sbt.packager.debian.DebianPlugin)))
[debug] Clause(Atom(com.typesafe.sbt.packager.archetypes.systemloader.SystemloaderPlugin),Set(Atom(com.typesafe.sbt.packager.rpm.RpmPlugin)))
[debug] Clause(Atom(com.typesafe.sbt.packager.archetypes.systemloader.UpstartPlugin),Set(Atom(com.typesafe.sbt.packager.archetypes.systemloader.SystemloaderPlugin)))
[debug] Clause(Atom(com.typesafe.sbt.packager.debian.DebianDeployPlugin),Set(Atom(com.typesafe.sbt.packager.debian.DebianPlugin)))
[debug] Clause(Atom(com.typesafe.sbt.packager.debian.DebianPlugin),Set(Atom(com.typesafe.sbt.packager.linux.LinuxPlugin)))
[debug] Clause(Atom(com.typesafe.sbt.packager.debian.JDebPackaging),Set(Atom(com.typesafe.sbt.packager.debian.DebianPlugin)))
[debug] Clause(Atom(com.typesafe.sbt.packager.docker.DockerPlugin),Set(Atom(com.typesafe.sbt.packager.universal.UniversalPlugin)))
[debug] Clause(Atom(com.typesafe.sbt.packager.docker.DockerSpotifyClientPlugin),Set(Atom(com.typesafe.sbt.packager.docker.DockerPlugin)))
[debug] Clause(Atom(com.typesafe.sbt.packager.graalvmnativeimage.GraalVMNativeImagePlugin),Set(Atom(com.typesafe.sbt.packager.archetypes.JavaAppPackaging)))
[debug] Clause(Atom(com.typesafe.sbt.packager.jdkpackager.JDKPackagerDeployPlugin),Set(Atom(com.typesafe.sbt.packager.jdkpackager.JDKPackagerPlugin)))
[debug] Clause(Atom(com.typesafe.sbt.packager.jdkpackager.JDKPackagerPlugin),Set(Atom(com.typesafe.sbt.packager.archetypes.JavaAppPackaging)))
[debug] Clause(Atom(com.typesafe.sbt.packager.jdkpackager.JDKPackagerPlugin),Set(Atom(com.typesafe.sbt.packager.archetypes.jar.LauncherJarPlugin)))
[debug] Clause(Atom(com.typesafe.sbt.packager.linux.LinuxPlugin),Set(Atom(com.typesafe.sbt.packager.universal.UniversalPlugin)))
[debug] Clause(Atom(com.typesafe.sbt.packager.rpm.RpmDeployPlugin),Set(Atom(com.typesafe.sbt.packager.rpm.RpmPlugin)))
[debug] Clause(Atom(com.typesafe.sbt.packager.rpm.RpmPlugin),Set(Atom(com.typesafe.sbt.packager.linux.LinuxPlugin)))
[debug] Clause(Atom(com.typesafe.sbt.packager.universal.UniversalDeployPlugin),Set(Atom(com.typesafe.sbt.packager.universal.UniversalPlugin)))
[debug] Clause(Atom(com.typesafe.sbt.packager.universal.UniversalPlugin),Set(Atom(com.typesafe.sbt.SbtNativePackager)))
[debug] Clause(Atom(com.typesafe.sbt.packager.windows.WindowsDeployPlugin),Set(Atom(com.typesafe.sbt.packager.windows.WindowsPlugin)))
[debug] Clause(Atom(com.typesafe.sbt.packager.windows.WindowsPlugin),Set(Atom(com.typesafe.sbt.packager.universal.UniversalPlugin)))
[debug] Clause(Atom(com.lightbend.sbt.javaagent.JavaAgent),Set(Atom(sbt.plugins.JvmPlugin)))
[debug] Clause(Atom(com.lightbend.sbt.javaagent.JavaAgentPackaging),Set(Atom(com.lightbend.sbt.javaagent.JavaAgent)))
[debug] Clause(Atom(com.lightbend.sbt.javaagent.JavaAgentPackaging),Set(Atom(com.typesafe.sbt.packager.archetypes.JavaAppPackaging)))
[debug] Clause(Atom(com.typesafe.sbt.web.SbtWeb),Set(Atom(sbt.plugins.JvmPlugin)))
[debug] Clause(Atom(com.typesafe.sbt.jse.SbtJsEngine),Set(Atom(com.typesafe.sbt.web.SbtWeb)))
[debug] Clause(Atom(com.typesafe.sbt.jse.SbtJsTask),Set(Atom(com.typesafe.sbt.jse.SbtJsEngine)))
[debug] Clause(Atom(sbt.plugins.CorePlugin),Set(Atom(sbt.plugins.IvyPlugin)))
[debug] Clause(Atom(sbt.plugins.IvyPlugin),Set(Atom(sbt.plugins.JvmPlugin)))
[debug] Clause(Atom(sbt.plugins.JvmPlugin),Set(Atom(sbt.plugins.SemanticdbPlugin)))
[debug] Clause(Atom(sbt.plugins.JvmPlugin),Set(Atom(sbt.plugins.JUnitXmlReportPlugin)))
[debug] Clause(Atom(sbt.plugins.CorePlugin),Set(Atom(sbt.plugins.Giter8TemplatePlugin)))
[debug] Clause(Atom(sbt.plugins.JvmPlugin),Set(Atom(sbt.plugins.MiniDependencyTreePlugin)))
[debug] Clause(Atom(play.sbt.PlayService),Set(Atom(play.sbt.PlayAkkaHttpServer)))
[debug] Clause(Atom(play.sbt.PlayWeb),Set(Atom(play.sbt.PlayFilters)))
[debug] Clause(Atom(play.sbt.PlayWeb),Set(Atom(play.sbt.PlayLayoutPlugin)))
[debug] Clause(Atom(play.sbt.PlayService),Set(Atom(play.sbt.PlayLogback)))
[debug] Clause(Atom(com.typesafe.sbt.packager.archetypes.JavaAppPackaging),Set(Atom(com.typesafe.sbt.packager.archetypes.scripts.BashStartScriptPlugin)))
[debug] Clause(Atom(com.typesafe.sbt.packager.archetypes.JavaAppPackaging),Set(Atom(com.typesafe.sbt.packager.archetypes.scripts.BatStartScriptPlugin)))
[debug] Clause(And(Set(Atom(com.lightbend.sbt.javaagent.JavaAgent), Atom(com.typesafe.sbt.packager.archetypes.JavaAppPackaging))),Set(Atom(com.lightbend.sbt.javaagent.JavaAgentPackaging)))
[debug] Clause(Atom(com.typesafe.sbt.web.SbtWeb),Set(Atom(com.typesafe.sbt.jse.SbtJsEngine)))
[debug] Clause(Atom(com.typesafe.sbt.jse.SbtJsEngine),Set(Atom(com.typesafe.sbt.jse.SbtJsTask))))
[debug]   :: deduced result: Matched(sbt.plugins.CorePlugin,play.ebean.sbt.PlayEbean,play.sbt.PlayJava,sbt.plugins.Giter8TemplatePlugin,sbt.plugins.IvyPlugin,sbt.plugins.JvmPlugin,play.sbt.PlayWeb,play.twirl.sbt.SbtTwirl,play.sbt.PlayService,sbt.plugins.SemanticdbPlugin,sbt.plugins.JUnitXmlReportPlugin,play.sbt.PlayFilters,play.sbt.PlayLayoutPlugin,play.sbt.routes.RoutesCompiler,com.typesafe.sbt.jse.SbtJsTask,sbt.plugins.MiniDependencyTreePlugin,play.sbt.PlayLogback,play.sbt.PlayAkkaHttpServer,com.typesafe.sbt.jse.SbtJsEngine,com.typesafe.sbt.packager.archetypes.JavaServerAppPackaging,com.typesafe.sbt.web.SbtWeb,com.typesafe.sbt.packager.archetypes.JavaAppPackaging,com.typesafe.sbt.packager.rpm.RpmPlugin,com.typesafe.sbt.packager.archetypes.scripts.BashStartScriptPlugin,com.typesafe.sbt.packager.windows.WindowsPlugin,com.typesafe.sbt.packager.archetypes.scripts.BatStartScriptPlugin,com.typesafe.sbt.packager.docker.DockerPlugin,com.typesafe.sbt.packager.debian.DebianPlugin,com.typesafe.sbt.packager.universal.UniversalPlugin,com.typesafe.sbt.packager.linux.LinuxPlugin,com.typesafe.sbt.SbtNativePackager)
[debug] Plugins.deducer#function took 29.2458 ms
[info] loading settings for project root from build.sbt ...
[debug]         Load.resolveProject(root) took 266.174ms
[debug]       Load.loadTransitive: finalizeProject(Project(id root, base: C:\Users\André ISCTE\Documents\canteen_management, plugins: List(play.sbt.PlayJava && play.ebean.sbt.PlayEbean))) took 300.9623ms
[debug] [Loading] Done in C:\Users\André ISCTE\Documents\canteen_management, returning: (root)
[debug]     Load.loadUnit: loadedProjectsRaw took 418.1261ms
[debug]     Load.loadUnit: cleanEvalClasses took 2.4865ms
[debug]   Load.loadUnit(file:/C:/Users/André%20ISCTE/Documents/canteen_management/, ...) took 3140.9526ms
[debug] Load.apply: load took 3147.5688ms
[debug] Load.apply: resolveProjects took 0.6925ms
[debug] Load.apply: finalTransforms took 57.356ms
[debug] Load.apply: config.delegates took 1.5155ms
[debug] Load.apply: Def.make(settings)... took 262.2725ms
[debug] Load.apply: structureIndex took 63.202ms
[debug] Load.apply: mkStreams took 0.0039ms
[info]   __              __
[info]   \ \     ____   / /____ _ __  __
[info]    \ \   / __ \ / // __ `// / / /
[info]    / /  / /_/ // // /_/ // /_/ /
[info]   /_/  / .___//_/ \__,_/ \__, /
[info]       /_/               /____/
[info] 
[info] Version 2.8.18 running Java 11.0.17
[info] 
[info] Play is run entirely by the community. Please consider contributing and/or donating:
[info] https://www.playframework.com/sponsors
[info] 
[debug] > Exec(sbtPopOnFailure, None, None)
[debug] > Exec(resumeFromFailure, None, None)
[debug] > Exec(notifyUsersAboutShell, None, None)
[debug] > Exec(iflast shell, None, None)
[debug] > Exec(run, None, None)
[debug] Evaluating tasks: Compile / run
[debug] Running task... Cancel: Signal, check cycles: false, forcegc: true
[debug] Running task... Cancel: Signal, check cycles: false, forcegc: true
[info] compiling 1 Scala source to C:\Users\André ISCTE\Documents\canteen_management\target\scala-2.13\classes ...
[info] done compiling
[debug] Running task... Cancel: Signal, check cycles: false, forcegc: true
[debug] Exporting web-assets:play-java-ebean-example
[info] compiling 23 Scala sources and 5 Java sources to C:\Users\André ISCTE\Documents\canteen_management\target\scala-2.13\classes ...
[info] done compiling
[debug] Running task... Cancel: Signal, check cycles: false, forcegc: true
[debug] Running task... Cancel: Signal, check cycles: false, forcegc: true
[info] compiling 1 Scala source to C:\Users\André ISCTE\Documents\canteen_management\target\scala-2.13\classes ...
[info] done compiling
[debug] Running task... Cancel: Signal, check cycles: false, forcegc: true
[debug] Exporting web-assets:play-java-ebean-example
[debug] Running task... Cancel: Signal, check cycles: false, forcegc: true
[debug] Running task... Cancel: Signal, check cycles: false, forcegc: true
[info] compiling 1 Scala source to C:\Users\André ISCTE\Documents\canteen_management\target\scala-2.13\classes ...
[info] done compiling
[debug] Running task... Cancel: Signal, check cycles: false, forcegc: true
[debug] Exporting web-assets:play-java-ebean-example
[debug] Running task... Cancel: Signal, check cycles: false, forcegc: true
[debug] Running task... Cancel: Signal, check cycles: false, forcegc: true
[info] compiling 1 Scala source to C:\Users\André ISCTE\Documents\canteen_management\target\scala-2.13\classes ...
[info] done compiling
[debug] Running task... Cancel: Signal, check cycles: false, forcegc: true
[debug] Exporting web-assets:play-java-ebean-example
[debug] Running task... Cancel: Signal, check cycles: false, forcegc: true
[debug] Running task... Cancel: Signal, check cycles: false, forcegc: true
[info] compiling 1 Scala source to C:\Users\André ISCTE\Documents\canteen_management\target\scala-2.13\classes ...
[info] done compiling
[debug] Running task... Cancel: Signal, check cycles: false, forcegc: true
[debug] Exporting web-assets:play-java-ebean-example
[debug] Running task... Cancel: Signal, check cycles: false, forcegc: true
[debug] Running task... Cancel: Signal, check cycles: false, forcegc: true
[debug] Running task... Cancel: Signal, check cycles: false, forcegc: true
[debug] Exporting web-assets:play-java-ebean-example
[debug] Running task... Cancel: Signal, check cycles: false, forcegc: true
[debug] Running task... Cancel: Signal, check cycles: false, forcegc: true
[info] compiling 1 Scala source to C:\Users\André ISCTE\Documents\canteen_management\target\scala-2.13\classes ...
[info] done compiling
[debug] Running task... Cancel: Signal, check cycles: false, forcegc: true
[debug] Exporting web-assets:play-java-ebean-example
[debug] Running task... Cancel: Signal, check cycles: false, forcegc: true
[debug] Running task... Cancel: Signal, check cycles: false, forcegc: true
[debug] Running task... Cancel: Signal, check cycles: false, forcegc: true
[debug] Exporting web-assets:play-java-ebean-example
[debug] Running task... Cancel: Signal, check cycles: false, forcegc: true
[debug] Running task... Cancel: Signal, check cycles: false, forcegc: true
[debug] Running task... Cancel: Signal, check cycles: false, forcegc: true
[debug] Exporting web-assets:play-java-ebean-example
[debug] Running task... Cancel: Signal, check cycles: false, forcegc: true
[debug] Running task... Cancel: Signal, check cycles: false, forcegc: true
[debug] Forcing garbage collection...
[debug] Running task... Cancel: Signal, check cycles: false, forcegc: true
[debug] Exporting web-assets:play-java-ebean-example
[debug] Running task... Cancel: Signal, check cycles: false, forcegc: true
[debug] Running task... Cancel: Signal, check cycles: false, forcegc: true
[debug] Running task... Cancel: Signal, check cycles: false, forcegc: true
[debug] Exporting web-assets:play-java-ebean-example
[debug] Running task... Cancel: Signal, check cycles: false, forcegc: true
[debug] Running task... Cancel: Signal, check cycles: false, forcegc: true
[debug] Running task... Cancel: Signal, check cycles: false, forcegc: true
[debug] Exporting web-assets:play-java-ebean-example
[debug] Running task... Cancel: Signal, check cycles: false, forcegc: true
[debug] Running task... Cancel: Signal, check cycles: false, forcegc: true
[debug] Running task... Cancel: Signal, check cycles: false, forcegc: true
[debug] Exporting web-assets:play-java-ebean-example
[debug] Running task... Cancel: Signal, check cycles: false, forcegc: true
[debug] Running task... Cancel: Signal, check cycles: false, forcegc: true
[debug] Running task... Cancel: Signal, check cycles: false, forcegc: true
[debug] Exporting web-assets:play-java-ebean-example
[debug] Running task... Cancel: Signal, check cycles: false, forcegc: true
[debug] Running task... Cancel: Signal, check cycles: false, forcegc: true
[debug] Running task... Cancel: Signal, check cycles: false, forcegc: true
[debug] Exporting web-assets:play-java-ebean-example
[debug] Running task... Cancel: Signal, check cycles: false, forcegc: true
[debug] Running task... Cancel: Signal, check cycles: false, forcegc: true
[debug] Running task... Cancel: Signal, check cycles: false, forcegc: true
[debug] Exporting web-assets:play-java-ebean-example
[debug] Running task... Cancel: Signal, check cycles: false, forcegc: true
[debug] Running task... Cancel: Signal, check cycles: false, forcegc: true
[debug] Running task... Cancel: Signal, check cycles: false, forcegc: true
[debug] Exporting web-assets:play-java-ebean-example
[debug] Running task... Cancel: Signal, check cycles: false, forcegc: true
[debug] Running task... Cancel: Signal, check cycles: false, forcegc: true
[debug] Running task... Cancel: Signal, check cycles: false, forcegc: true
[debug] Exporting web-assets:play-java-ebean-example
[debug] Running task... Cancel: Signal, check cycles: false, forcegc: true
[debug] Running task... Cancel: Signal, check cycles: false, forcegc: true
[debug] Running task... Cancel: Signal, check cycles: false, forcegc: true
[debug] Exporting web-assets:play-java-ebean-example
[debug] Running task... Cancel: Signal, check cycles: false, forcegc: true
[debug] Running task... Cancel: Signal, check cycles: false, forcegc: true
[debug] Running task... Cancel: Signal, check cycles: false, forcegc: true
[debug] Exporting web-assets:play-java-ebean-example
[debug] Running task... Cancel: Signal, check cycles: false, forcegc: true
[debug] Running task... Cancel: Signal, check cycles: false, forcegc: true
[info] compiling 1 Scala source to C:\Users\André ISCTE\Documents\canteen_management\target\scala-2.13\classes ...
[info] done compiling
[debug] Forcing garbage collection...
[debug] Running task... Cancel: Signal, check cycles: false, forcegc: true
[debug] Exporting web-assets:play-java-ebean-example
[debug] Running task... Cancel: Signal, check cycles: false, forcegc: true
[debug] Running task... Cancel: Signal, check cycles: false, forcegc: true
[info] compiling 1 Scala source to C:\Users\André ISCTE\Documents\canteen_management\target\scala-2.13\classes ...
[info] done compiling
[debug] Running task... Cancel: Signal, check cycles: false, forcegc: true
[debug] Exporting web-assets:play-java-ebean-example
[info] compiling 23 Scala sources and 5 Java sources to C:\Users\André ISCTE\Documents\canteen_management\target\scala-2.13\classes ...
[info] done compiling
[debug] Running task... Cancel: Signal, check cycles: false, forcegc: true
[debug] Running task... Cancel: Signal, check cycles: false, forcegc: true
[info] compiling 1 Scala source and 9 Java sources to C:\Users\André ISCTE\Documents\canteen_management\target\scala-2.13\classes ...
[info] done compiling
[debug] Forcing garbage collection...
[debug] Running task... Cancel: Signal, check cycles: false, forcegc: true
[debug] Exporting web-assets:play-java-ebean-example
[debug] Running task... Cancel: Signal, check cycles: false, forcegc: true
[debug] Running task... Cancel: Signal, check cycles: false, forcegc: true
[debug] Running task... Cancel: Signal, check cycles: false, forcegc: true
[debug] Exporting web-assets:play-java-ebean-example
[debug] Running task... Cancel: Signal, check cycles: false, forcegc: true
[debug] Running task... Cancel: Signal, check cycles: false, forcegc: true
[debug] Running task... Cancel: Signal, check cycles: false, forcegc: true
[debug] Exporting web-assets:play-java-ebean-example
[debug] Running task... Cancel: Signal, check cycles: false, forcegc: true
[debug] Running task... Cancel: Signal, check cycles: false, forcegc: true
[info] compiling 1 Scala source to C:\Users\André ISCTE\Documents\canteen_management\target\scala-2.13\classes ...
[info] done compiling
[debug] Running task... Cancel: Signal, check cycles: false, forcegc: true
[debug] Exporting web-assets:play-java-ebean-example
[debug] Running task... Cancel: Signal, check cycles: false, forcegc: true
[debug] Running task... Cancel: Signal, check cycles: false, forcegc: true
[info] compiling 1 Scala source to C:\Users\André ISCTE\Documents\canteen_management\target\scala-2.13\classes ...
[info] done compiling
[debug] Running task... Cancel: Signal, check cycles: false, forcegc: true
[debug] Exporting web-assets:play-java-ebean-example
[debug] Running task... Cancel: Signal, check cycles: false, forcegc: true
[debug] Running task... Cancel: Signal, check cycles: false, forcegc: true
[info] compiling 1 Scala source to C:\Users\André ISCTE\Documents\canteen_management\target\scala-2.13\classes ...
[info] done compiling
[debug] Running task... Cancel: Signal, check cycles: false, forcegc: true
[debug] Exporting web-assets:play-java-ebean-example
[debug] Running task... Cancel: Signal, check cycles: false, forcegc: true
[debug] Running task... Cancel: Signal, check cycles: false, forcegc: true
[info] compiling 1 Scala source to C:\Users\André ISCTE\Documents\canteen_management\target\scala-2.13\classes ...
[info] done compiling
[debug] Forcing garbage collection...
[debug] Running task... Cancel: Signal, check cycles: false, forcegc: true
[debug] Exporting web-assets:play-java-ebean-example
[debug] Running task... Cancel: Signal, check cycles: false, forcegc: true
[debug] Running task... Cancel: Signal, check cycles: false, forcegc: true
[info] compiling 1 Scala source to C:\Users\André ISCTE\Documents\canteen_management\target\scala-2.13\classes ...
[info] done compiling
[debug] Running task... Cancel: Signal, check cycles: false, forcegc: true
[debug] Exporting web-assets:play-java-ebean-example
[debug] Running task... Cancel: Signal, check cycles: false, forcegc: true
[debug] Running task... Cancel: Signal, check cycles: false, forcegc: true
[info] compiling 1 Scala source to C:\Users\André ISCTE\Documents\canteen_management\target\scala-2.13\classes ...
[info] done compiling
[debug] Running task... Cancel: Signal, check cycles: false, forcegc: true
[debug] Exporting web-assets:play-java-ebean-example
[debug] Running task... Cancel: Signal, check cycles: false, forcegc: true
[debug] Running task... Cancel: Signal, check cycles: false, forcegc: true
[info] compiling 1 Scala source to C:\Users\André ISCTE\Documents\canteen_management\target\scala-2.13\classes ...
[info] done compiling
[debug] Running task... Cancel: Signal, check cycles: false, forcegc: true
[debug] Exporting web-assets:play-java-ebean-example
[debug] Running task... Cancel: Signal, check cycles: false, forcegc: true
[debug] Running task... Cancel: Signal, check cycles: false, forcegc: true
[info] compiling 1 Scala source and 6 Java sources to C:\Users\André ISCTE\Documents\canteen_management\target\scala-2.13\classes ...
[info] done compiling
[info] compiling 1 Scala source to C:\Users\André ISCTE\Documents\canteen_management\target\scala-2.13\classes ...
[info] done compiling
[debug] Forcing garbage collection...
[debug] Running task... Cancel: Signal, check cycles: false, forcegc: true
[debug] Exporting web-assets:play-java-ebean-example
[debug] Running task... Cancel: Signal, check cycles: false, forcegc: true
[debug] Running task... Cancel: Signal, check cycles: false, forcegc: true
[debug] Running task... Cancel: Signal, check cycles: false, forcegc: true
[debug] Exporting web-assets:play-java-ebean-example
[debug] Running task... Cancel: Signal, check cycles: false, forcegc: true
[debug] Running task... Cancel: Signal, check cycles: false, forcegc: true
[debug] Running task... Cancel: Signal, check cycles: false, forcegc: true
[debug] Exporting web-assets:play-java-ebean-example
[debug] Running task... Cancel: Signal, check cycles: false, forcegc: true
[debug] Running task... Cancel: Signal, check cycles: false, forcegc: true
[info] compiling 1 Java source to C:\Users\André ISCTE\Documents\canteen_management\target\scala-2.13\classes ...
[info] done compiling
[debug] Running task... Cancel: Signal, check cycles: false, forcegc: true
[debug] Exporting web-assets:play-java-ebean-example
[debug] Running task... Cancel: Signal, check cycles: false, forcegc: true
[debug] Running task... Cancel: Signal, check cycles: false, forcegc: true
[info] compiling 1 Scala source to C:\Users\André ISCTE\Documents\canteen_management\target\scala-2.13\classes ...
[info] done compiling
[debug] Forcing garbage collection...
[debug] Running task... Cancel: Signal, check cycles: false, forcegc: true
[debug] Exporting web-assets:play-java-ebean-example
[debug] Running task... Cancel: Signal, check cycles: false, forcegc: true
[debug] Running task... Cancel: Signal, check cycles: false, forcegc: true
[info] compiling 1 Scala source to C:\Users\André ISCTE\Documents\canteen_management\target\scala-2.13\classes ...
[info] done compiling
[debug] Forcing garbage collection...
[debug] Running task... Cancel: Signal, check cycles: false, forcegc: true
[debug] Exporting web-assets:play-java-ebean-example
[debug] Running task... Cancel: Signal, check cycles: false, forcegc: true
[debug] Running task... Cancel: Signal, check cycles: false, forcegc: true
[info] compiling 1 Scala source to C:\Users\André ISCTE\Documents\canteen_management\target\scala-2.13\classes ...
[info] done compiling
[debug] Running task... Cancel: Signal, check cycles: false, forcegc: true
[debug] Exporting web-assets:play-java-ebean-example
[debug] Running task... Cancel: Signal, check cycles: false, forcegc: true
[debug] Running task... Cancel: Signal, check cycles: false, forcegc: true
[info] compiling 1 Scala source to C:\Users\André ISCTE\Documents\canteen_management\target\scala-2.13\classes ...
[info] done compiling
[debug] Running task... Cancel: Signal, check cycles: false, forcegc: true
[debug] Exporting web-assets:play-java-ebean-example
[debug] Running task... Cancel: Signal, check cycles: false, forcegc: true
[debug] Running task... Cancel: Signal, check cycles: false, forcegc: true
[info] compiling 1 Scala source to C:\Users\André ISCTE\Documents\canteen_management\target\scala-2.13\classes ...
[info] done compiling
[debug] Running task... Cancel: Signal, check cycles: false, forcegc: true
[debug] Exporting web-assets:play-java-ebean-example
[debug] Running task... Cancel: Signal, check cycles: false, forcegc: true
[debug] Running task... Cancel: Signal, check cycles: false, forcegc: true
[info] compiling 2 Scala sources to C:\Users\André ISCTE\Documents\canteen_management\target\scala-2.13\classes ...
[info] done compiling
[debug] Forcing garbage collection...
[debug] Running task... Cancel: Signal, check cycles: false, forcegc: true
[debug] Exporting web-assets:play-java-ebean-example
[debug] Running task... Cancel: Signal, check cycles: false, forcegc: true
[debug] Running task... Cancel: Signal, check cycles: false, forcegc: true
[info] compiling 1 Scala source to C:\Users\André ISCTE\Documents\canteen_management\target\scala-2.13\classes ...
[info] done compiling
[debug] Running task... Cancel: Signal, check cycles: false, forcegc: true
[debug] Exporting web-assets:play-java-ebean-example
[debug] Running task... Cancel: Signal, check cycles: false, forcegc: true
[debug] Running task... Cancel: Signal, check cycles: false, forcegc: true
[info] compiling 1 Scala source to C:\Users\André ISCTE\Documents\canteen_management\target\scala-2.13\classes ...
[info] done compiling
[debug] Running task... Cancel: Signal, check cycles: false, forcegc: true
[debug] Exporting web-assets:play-java-ebean-example
[debug] Running task... Cancel: Signal, check cycles: false, forcegc: true
[debug] Running task... Cancel: Signal, check cycles: false, forcegc: true
[info] compiling 1 Scala source to C:\Users\André ISCTE\Documents\canteen_management\target\scala-2.13\classes ...
[info] done compiling
[debug] Running task... Cancel: Signal, check cycles: false, forcegc: true
[debug] Exporting web-assets:play-java-ebean-example
[debug] Running task... Cancel: Signal, check cycles: false, forcegc: true
[debug] Running task... Cancel: Signal, check cycles: false, forcegc: true
[info] compiling 1 Scala source to C:\Users\André ISCTE\Documents\canteen_management\target\scala-2.13\classes ...
[info] done compiling
[debug] Running task... Cancel: Signal, check cycles: false, forcegc: true
[debug] Exporting web-assets:play-java-ebean-example
[debug] Running task... Cancel: Signal, check cycles: false, forcegc: true
[debug] Running task... Cancel: Signal, check cycles: false, forcegc: true
[info] compiling 1 Scala source to C:\Users\André ISCTE\Documents\canteen_management\target\scala-2.13\classes ...
[info] done compiling
[debug] Running task... Cancel: Signal, check cycles: false, forcegc: true
[debug] Exporting web-assets:play-java-ebean-example
[debug] Running task... Cancel: Signal, check cycles: false, forcegc: true
[debug] Running task... Cancel: Signal, check cycles: false, forcegc: true
[info] compiling 1 Scala source to C:\Users\André ISCTE\Documents\canteen_management\target\scala-2.13\classes ...
[info] done compiling
[debug] Running task... Cancel: Signal, check cycles: false, forcegc: true
[debug] Exporting web-assets:play-java-ebean-example
[debug] Running task... Cancel: Signal, check cycles: false, forcegc: true
[debug] Running task... Cancel: Signal, check cycles: false, forcegc: true
[info] compiling 1 Scala source to C:\Users\André ISCTE\Documents\canteen_management\target\scala-2.13\classes ...
[info] done compiling
[debug] Running task... Cancel: Signal, check cycles: false, forcegc: true
[debug] Exporting web-assets:play-java-ebean-example
[debug] Running task... Cancel: Signal, check cycles: false, forcegc: true
[debug] Running task... Cancel: Signal, check cycles: false, forcegc: true
[debug] Forcing garbage collection...
[debug] Running task... Cancel: Signal, check cycles: false, forcegc: true
[debug] Exporting web-assets:play-java-ebean-example
[debug] Running task... Cancel: Signal, check cycles: false, forcegc: true
[debug] Running task... Cancel: Signal, check cycles: false, forcegc: true
[info] compiling 1 Scala source to C:\Users\André ISCTE\Documents\canteen_management\target\scala-2.13\classes ...
[info] done compiling
[debug] Running task... Cancel: Signal, check cycles: false, forcegc: true
[debug] Exporting web-assets:play-java-ebean-example
[debug] Running task... Cancel: Signal, check cycles: false, forcegc: true
[debug] Running task... Cancel: Signal, check cycles: false, forcegc: true
[info] compiling 1 Scala source to C:\Users\André ISCTE\Documents\canteen_management\target\scala-2.13\classes ...
[info] done compiling
[debug] Forcing garbage collection...
[debug] Running task... Cancel: Signal, check cycles: false, forcegc: true
[debug] Exporting web-assets:play-java-ebean-example
[debug] Running task... Cancel: Signal, check cycles: false, forcegc: true
[debug] Running task... Cancel: Signal, check cycles: false, forcegc: true
[info] compiling 1 Scala source to C:\Users\André ISCTE\Documents\canteen_management\target\scala-2.13\classes ...
[info] done compiling
[debug] Running task... Cancel: Signal, check cycles: false, forcegc: true
[debug] Exporting web-assets:play-java-ebean-example
[debug] Running task... Cancel: Signal, check cycles: false, forcegc: true
[debug] Running task... Cancel: Signal, check cycles: false, forcegc: true
[info] compiling 1 Scala source to C:\Users\André ISCTE\Documents\canteen_management\target\scala-2.13\classes ...
[info] done compiling
[debug] Running task... Cancel: Signal, check cycles: false, forcegc: true
[debug] Exporting web-assets:play-java-ebean-example
[debug] Running task... Cancel: Signal, check cycles: false, forcegc: true
[debug] Running task... Cancel: Signal, check cycles: false, forcegc: true
[info] compiling 1 Scala source to C:\Users\André ISCTE\Documents\canteen_management\target\scala-2.13\classes ...
[info] done compiling
[debug] Running task... Cancel: Signal, check cycles: false, forcegc: true
[debug] Exporting web-assets:play-java-ebean-example
[debug] Running task... Cancel: Signal, check cycles: false, forcegc: true
[debug] Running task... Cancel: Signal, check cycles: false, forcegc: true
[info] compiling 1 Scala source to C:\Users\André ISCTE\Documents\canteen_management\target\scala-2.13\classes ...
[info] done compiling
[debug] Running task... Cancel: Signal, check cycles: false, forcegc: true
[debug] Exporting web-assets:play-java-ebean-example
[debug] Running task... Cancel: Signal, check cycles: false, forcegc: true
[debug] Running task... Cancel: Signal, check cycles: false, forcegc: true
[info] compiling 1 Scala source to C:\Users\André ISCTE\Documents\canteen_management\target\scala-2.13\classes ...
[info] done compiling
[debug] Running task... Cancel: Signal, check cycles: false, forcegc: true
[debug] Exporting web-assets:play-java-ebean-example
[debug] Running task... Cancel: Signal, check cycles: false, forcegc: true
[debug] Running task... Cancel: Signal, check cycles: false, forcegc: true
[info] compiling 1 Scala source to C:\Users\André ISCTE\Documents\canteen_management\target\scala-2.13\classes ...
[info] done compiling
[debug] Forcing garbage collection...
[debug] Running task... Cancel: Signal, check cycles: false, forcegc: true
[debug] Exporting web-assets:play-java-ebean-example
[debug] Running task... Cancel: Signal, check cycles: false, forcegc: true
[debug] Running task... Cancel: Signal, check cycles: false, forcegc: true
[info] compiling 1 Scala source to C:\Users\André ISCTE\Documents\canteen_management\target\scala-2.13\classes ...
[info] done compiling
[debug] Running task... Cancel: Signal, check cycles: false, forcegc: true
[debug] Exporting web-assets:play-java-ebean-example
[debug] Running task... Cancel: Signal, check cycles: false, forcegc: true
