[debug] > Exec(early(addDefaultCommands), None, None)
[debug] > Exec(addDefaultCommands, None, None)
[debug] > Exec(early(initialize), None, None)
[debug] > Exec(initialize, None, None)
[debug] > Exec(boot, None, None)
[debug] > Exec(writeSbtVersion, None, None)
[debug] > Exec(reload, None, None)
[debug] > Exec(sbtStashOnFailure, None, None)
[debug] > Exec(onFailure loadFailed, None, None)
[debug] > Exec(loadp, None, None)
[info] welcome to sbt 1.7.2 (Microsoft Java 11.0.17)
[debug]       Load.loadUnit: plugins took 526.2046ms
[debug]       Load.loadUnit: defsScala took 2.0658ms
[debug] [Loading] Scanning directory C:\Users\André ISCTE\.sbt\1.0\plugins
[debug] [Loading] Found non-root projects 
[debug] [Loading] Done in C:\Users\André ISCTE\.sbt\1.0\plugins, returning: ()
[debug] deducing auto plugins based on known facts Set(Atom(sbt.plugins.CorePlugin)) and clauses Clauses(Clause(Atom(sbt.plugins.JvmPlugin),Set(Atom(sbt.plugins.IvyPlugin)))
[debug] Clause(Atom(sbt.ScriptedPlugin),Set(Atom(sbt.plugins.JvmPlugin)))
[debug] Clause(Atom(sbt.plugins.SbtPlugin),Set(Atom(sbt.ScriptedPlugin)))
[debug] Clause(Atom(sbt.plugins.SemanticdbPlugin),Set(Atom(sbt.plugins.JvmPlugin)))
[debug] Clause(Atom(sbt.plugins.JUnitXmlReportPlugin),Set(Atom(sbt.plugins.JvmPlugin)))
[debug] Clause(Atom(sbt.plugins.MiniDependencyTreePlugin),Set(Atom(sbt.plugins.JvmPlugin)))
[debug] Clause(Atom(sbt.plugins.CorePlugin),Set(Atom(sbt.plugins.IvyPlugin)))
[debug] Clause(Atom(sbt.plugins.IvyPlugin),Set(Atom(sbt.plugins.JvmPlugin)))
[debug] Clause(Atom(sbt.plugins.JvmPlugin),Set(Atom(sbt.plugins.SemanticdbPlugin)))
[debug] Clause(Atom(sbt.plugins.JvmPlugin),Set(Atom(sbt.plugins.JUnitXmlReportPlugin)))
[debug] Clause(Atom(sbt.plugins.CorePlugin),Set(Atom(sbt.plugins.Giter8TemplatePlugin)))
[debug] Clause(Atom(sbt.plugins.JvmPlugin),Set(Atom(sbt.plugins.MiniDependencyTreePlugin))))
[debug]   :: deduced result: Matched(sbt.plugins.CorePlugin,sbt.plugins.Giter8TemplatePlugin,sbt.plugins.IvyPlugin,sbt.plugins.JvmPlugin,sbt.plugins.MiniDependencyTreePlugin,sbt.plugins.JUnitXmlReportPlugin,sbt.plugins.SemanticdbPlugin)
[debug] Plugins.deducer#function took 45.7026 ms
[debug]           Load.resolveProject(global-plugins) took 137.7011ms
[debug]         Load.loadTransitive: finalizeProject(Project(id global-plugins, base: C:\Users\André ISCTE\.sbt\1.0\plugins, plugins: List(<none>))) took 276.5634ms
[debug] [Loading] Done in C:\Users\André ISCTE\.sbt\1.0\plugins, returning: (global-plugins)
[debug]       Load.loadUnit: loadedProjectsRaw took 349.0338ms
[debug]       Load.loadUnit: cleanEvalClasses took 2.5471ms
[debug]     Load.loadUnit(file:/C:/Users/André%20ISCTE/.sbt/1.0/plugins/, ...) took 913.7586ms
[debug]   Load.apply: load took 1359.2661ms
[debug]   Load.apply: resolveProjects took 12.5471ms
[debug]   Load.apply: finalTransforms took 160.0489ms
[debug]   Load.apply: config.delegates took 18.9246ms
[debug]   Load.apply: Def.make(settings)... took 992.3161ms
[debug]   Load.apply: structureIndex took 230.0699ms
[debug]   Load.apply: mkStreams took 4.8088ms
[info] loading global plugins from C:\Users\André ISCTE\.sbt\1.0\plugins
[debug] Running task... Cancel: Signal, check cycles: false, forcegc: true
[debug] Load.defaultLoad until apply took 5825.2882ms
[debug]           Load.loadUnit: plugins took 56.3657ms
[debug]           Load.loadUnit: defsScala took 0.006ms
[debug] [Loading] Scanning directory C:\Users\André ISCTE\Documents\canteen_management\project
[debug]             Load.loadUnit: mkEval took 14.2373ms
[debug] [Loading] Found non-root projects 
[debug] [Loading] Done in C:\Users\André ISCTE\Documents\canteen_management\project, returning: ()
[debug] deducing auto plugins based on known facts Set(Atom(sbt.plugins.CorePlugin)) and clauses Clauses(Clause(Atom(sbt.plugins.JvmPlugin),Set(Atom(sbt.plugins.IvyPlugin)))
[debug] Clause(Atom(sbt.ScriptedPlugin),Set(Atom(sbt.plugins.JvmPlugin)))
[debug] Clause(Atom(sbt.plugins.SbtPlugin),Set(Atom(sbt.ScriptedPlugin)))
[debug] Clause(Atom(sbt.plugins.SemanticdbPlugin),Set(Atom(sbt.plugins.JvmPlugin)))
[debug] Clause(Atom(sbt.plugins.JUnitXmlReportPlugin),Set(Atom(sbt.plugins.JvmPlugin)))
[debug] Clause(Atom(sbt.plugins.MiniDependencyTreePlugin),Set(Atom(sbt.plugins.JvmPlugin)))
[debug] Clause(Atom(sbt.plugins.CorePlugin),Set(Atom(sbt.plugins.IvyPlugin)))
[debug] Clause(Atom(sbt.plugins.IvyPlugin),Set(Atom(sbt.plugins.JvmPlugin)))
[debug] Clause(Atom(sbt.plugins.JvmPlugin),Set(Atom(sbt.plugins.SemanticdbPlugin)))
[debug] Clause(Atom(sbt.plugins.JvmPlugin),Set(Atom(sbt.plugins.JUnitXmlReportPlugin)))
[debug] Clause(Atom(sbt.plugins.CorePlugin),Set(Atom(sbt.plugins.Giter8TemplatePlugin)))
[debug] Clause(Atom(sbt.plugins.JvmPlugin),Set(Atom(sbt.plugins.MiniDependencyTreePlugin))))
[debug]   :: deduced result: Matched(sbt.plugins.CorePlugin,sbt.plugins.Giter8TemplatePlugin,sbt.plugins.IvyPlugin,sbt.plugins.JvmPlugin,sbt.plugins.MiniDependencyTreePlugin,sbt.plugins.JUnitXmlReportPlugin,sbt.plugins.SemanticdbPlugin)
[debug] Plugins.deducer#function took 5.0469 ms
[info] loading settings for project canteen_management-build from plugins.sbt ...
[debug]               Load.resolveProject(canteen_management-build) took 6.6688ms
[debug]             Load.loadTransitive: finalizeProject(Project(id canteen_management-build, base: C:\Users\André ISCTE\Documents\canteen_management\project, plugins: List(<none>))) took 13.0461ms
[debug] [Loading] Done in C:\Users\André ISCTE\Documents\canteen_management\project, returning: (canteen_management-build)
[debug]           Load.loadUnit: loadedProjectsRaw took 343.4306ms
[debug]           Load.loadUnit: cleanEvalClasses took 11.2008ms
[debug]         Load.loadUnit(file:/C:/Users/André%20ISCTE/Documents/canteen_management/project/, ...) took 413.0566ms
[debug]       Load.apply: load took 416.6194ms
[debug]       Load.apply: resolveProjects took 0.269ms
[debug]       Load.apply: finalTransforms took 47.5767ms
[debug]       Load.apply: config.delegates took 0.8226ms
[debug]       Load.apply: Def.make(settings)... took 214.3503ms
[debug]       Load.apply: structureIndex took 69.9157ms
[debug]       Load.apply: mkStreams took 0.0043ms
[info] loading project definition from C:\Users\André ISCTE\Documents\canteen_management\project
[debug] Running task... Cancel: Signal, check cycles: false, forcegc: true
[debug]     Load.loadUnit: plugins took 3112.135ms
[debug]     Load.loadUnit: defsScala took 0.0112ms
[debug] [Loading] Scanning directory C:\Users\André ISCTE\Documents\canteen_management
[debug]       Load.loadUnit: mkEval took 0.6841ms
[debug] [Loading] Found root project root w/ remaining 
[debug] deducing auto plugins based on known facts Set(Atom(play.sbt.PlayJava), Atom(play.ebean.sbt.PlayEbean), Atom(sbt.plugins.CorePlugin)) and clauses Clauses(Clause(Atom(sbt.plugins.JvmPlugin),Set(Atom(sbt.plugins.IvyPlugin)))
[debug] Clause(Atom(sbt.ScriptedPlugin),Set(Atom(sbt.plugins.JvmPlugin)))
[debug] Clause(Atom(sbt.plugins.SbtPlugin),Set(Atom(sbt.ScriptedPlugin)))
[debug] Clause(Atom(sbt.plugins.SemanticdbPlugin),Set(Atom(sbt.plugins.JvmPlugin)))
[debug] Clause(Atom(sbt.plugins.JUnitXmlReportPlugin),Set(Atom(sbt.plugins.JvmPlugin)))
[debug] Clause(Atom(sbt.plugins.MiniDependencyTreePlugin),Set(Atom(sbt.plugins.JvmPlugin)))
[debug] Clause(Atom(play.sbt.Play),Set(Atom(play.sbt.routes.RoutesCompiler)))
[debug] Clause(Atom(play.sbt.Play),Set(Atom(com.typesafe.sbt.jse.SbtJsTask)))
[debug] Clause(Atom(play.sbt.Play),Set(Atom(com.typesafe.sbt.packager.archetypes.JavaServerAppPackaging)))
[debug] Clause(Atom(play.sbt.Play),Set(Atom(play.twirl.sbt.SbtTwirl)))
[debug] Clause(Atom(play.sbt.PlayAkkaHttp2Support),Set(Atom(play.sbt.PlayAkkaHttpServer)))
[debug] Clause(Atom(play.sbt.PlayAkkaHttp2Support),Set(Atom(com.lightbend.sbt.javaagent.JavaAgent)))
[debug] Clause(Atom(play.sbt.PlayAkkaHttpServer),Set(Atom(play.sbt.PlayService)))
[debug] Clause(Atom(play.sbt.PlayFilters),Set(Atom(play.sbt.PlayWeb)))
[debug] Clause(Atom(play.sbt.PlayJava),Set(Atom(play.sbt.PlayWeb)))
[debug] Clause(Atom(play.sbt.PlayLayoutPlugin),Set(Atom(play.sbt.PlayWeb)))
[debug] Clause(Atom(play.sbt.PlayLogback),Set(Atom(play.sbt.PlayService)))
[debug] Clause(Atom(play.sbt.PlayMinimalJava),Set(Atom(play.sbt.PlayWeb)))
[debug] Clause(Atom(play.sbt.PlayNettyServer),Set(Atom(play.sbt.PlayService)))
[debug] Clause(Atom(play.sbt.PlayScala),Set(Atom(play.sbt.PlayWeb)))
[debug] Clause(Atom(play.sbt.PlayService),Set(Atom(com.typesafe.sbt.packager.archetypes.JavaServerAppPackaging)))
[debug] Clause(Atom(play.sbt.PlayWeb),Set(Atom(play.sbt.routes.RoutesCompiler)))
[debug] Clause(Atom(play.sbt.PlayWeb),Set(Atom(com.typesafe.sbt.jse.SbtJsTask)))
[debug] Clause(Atom(play.sbt.PlayWeb),Set(Atom(play.sbt.PlayService)))
[debug] Clause(Atom(play.sbt.PlayWeb),Set(Atom(play.twirl.sbt.SbtTwirl)))
[debug] Clause(Atom(play.sbt.routes.RoutesCompiler),Set(Atom(sbt.plugins.JvmPlugin)))
[debug] Clause(Atom(play.sbt.test.MediatorWorkaroundPlugin),Set(Atom(sbt.plugins.JvmPlugin)))
[debug] Clause(Atom(play.ebean.sbt.PlayEbean),Set(Atom(sbt.plugins.JvmPlugin)))
[debug] Clause(Atom(play.twirl.sbt.SbtTwirl),Set(Atom(sbt.plugins.JvmPlugin)))
[debug] Clause(Atom(com.typesafe.sbt.SbtNativePackager),Set(Atom(sbt.plugins.JvmPlugin)))
[debug] Clause(Atom(com.typesafe.sbt.packager.archetypes.JavaAppPackaging),Set(Atom(com.typesafe.sbt.packager.windows.WindowsPlugin)))
[debug] Clause(Atom(com.typesafe.sbt.packager.archetypes.JavaAppPackaging),Set(Atom(com.typesafe.sbt.packager.docker.DockerPlugin)))
[debug] Clause(Atom(com.typesafe.sbt.packager.archetypes.JavaAppPackaging),Set(Atom(com.typesafe.sbt.packager.debian.DebianPlugin)))
[debug] Clause(Atom(com.typesafe.sbt.packager.archetypes.JavaAppPackaging),Set(Atom(com.typesafe.sbt.packager.rpm.RpmPlugin)))
[debug] Clause(Atom(com.typesafe.sbt.packager.archetypes.JavaServerAppPackaging),Set(Atom(com.typesafe.sbt.packager.archetypes.JavaAppPackaging)))
[debug] Clause(Atom(com.typesafe.sbt.packager.archetypes.jar.ClasspathJarPlugin),Set(Atom(com.typesafe.sbt.packager.archetypes.JavaAppPackaging)))
[debug] Clause(Atom(com.typesafe.sbt.packager.archetypes.jar.LauncherJarPlugin),Set(Atom(com.typesafe.sbt.packager.archetypes.JavaAppPackaging)))
[debug] Clause(Atom(com.typesafe.sbt.packager.archetypes.jlink.JlinkPlugin),Set(Atom(com.typesafe.sbt.packager.archetypes.JavaAppPackaging)))
[debug] Clause(Atom(com.typesafe.sbt.packager.archetypes.scripts.AshScriptPlugin),Set(Atom(com.typesafe.sbt.packager.archetypes.JavaAppPackaging)))
[debug] Clause(Atom(com.typesafe.sbt.packager.archetypes.scripts.AshScriptPlugin),Set(Atom(com.typesafe.sbt.packager.archetypes.scripts.BashStartScriptPlugin)))
[debug] Clause(Atom(com.typesafe.sbt.packager.archetypes.scripts.BashStartScriptPlugin),Set(Atom(com.typesafe.sbt.packager.archetypes.JavaAppPackaging)))
[debug] Clause(Atom(com.typesafe.sbt.packager.archetypes.scripts.BatStartScriptPlugin),Set(Atom(com.typesafe.sbt.packager.archetypes.JavaAppPackaging)))
[debug] Clause(Atom(com.typesafe.sbt.packager.archetypes.systemloader.SystemVPlugin),Set(Atom(com.typesafe.sbt.packager.archetypes.systemloader.SystemloaderPlugin)))
[debug] Clause(Atom(com.typesafe.sbt.packager.archetypes.systemloader.SystemdPlugin),Set(Atom(com.typesafe.sbt.packager.archetypes.systemloader.SystemloaderPlugin)))
[debug] Clause(Atom(com.typesafe.sbt.packager.archetypes.systemloader.SystemloaderPlugin),Set(Atom(com.typesafe.sbt.packager.debian.DebianPlugin)))
[debug] Clause(Atom(com.typesafe.sbt.packager.archetypes.systemloader.SystemloaderPlugin),Set(Atom(com.typesafe.sbt.packager.rpm.RpmPlugin)))
[debug] Clause(Atom(com.typesafe.sbt.packager.archetypes.systemloader.UpstartPlugin),Set(Atom(com.typesafe.sbt.packager.archetypes.systemloader.SystemloaderPlugin)))
[debug] Clause(Atom(com.typesafe.sbt.packager.debian.DebianDeployPlugin),Set(Atom(com.typesafe.sbt.packager.debian.DebianPlugin)))
[debug] Clause(Atom(com.typesafe.sbt.packager.debian.DebianPlugin),Set(Atom(com.typesafe.sbt.packager.linux.LinuxPlugin)))
[debug] Clause(Atom(com.typesafe.sbt.packager.debian.JDebPackaging),Set(Atom(com.typesafe.sbt.packager.debian.DebianPlugin)))
[debug] Clause(Atom(com.typesafe.sbt.packager.docker.DockerPlugin),Set(Atom(com.typesafe.sbt.packager.universal.UniversalPlugin)))
[debug] Clause(Atom(com.typesafe.sbt.packager.docker.DockerSpotifyClientPlugin),Set(Atom(com.typesafe.sbt.packager.docker.DockerPlugin)))
[debug] Clause(Atom(com.typesafe.sbt.packager.graalvmnativeimage.GraalVMNativeImagePlugin),Set(Atom(com.typesafe.sbt.packager.archetypes.JavaAppPackaging)))
[debug] Clause(Atom(com.typesafe.sbt.packager.jdkpackager.JDKPackagerDeployPlugin),Set(Atom(com.typesafe.sbt.packager.jdkpackager.JDKPackagerPlugin)))
[debug] Clause(Atom(com.typesafe.sbt.packager.jdkpackager.JDKPackagerPlugin),Set(Atom(com.typesafe.sbt.packager.archetypes.JavaAppPackaging)))
[debug] Clause(Atom(com.typesafe.sbt.packager.jdkpackager.JDKPackagerPlugin),Set(Atom(com.typesafe.sbt.packager.archetypes.jar.LauncherJarPlugin)))
[debug] Clause(Atom(com.typesafe.sbt.packager.linux.LinuxPlugin),Set(Atom(com.typesafe.sbt.packager.universal.UniversalPlugin)))
[debug] Clause(Atom(com.typesafe.sbt.packager.rpm.RpmDeployPlugin),Set(Atom(com.typesafe.sbt.packager.rpm.RpmPlugin)))
[debug] Clause(Atom(com.typesafe.sbt.packager.rpm.RpmPlugin),Set(Atom(com.typesafe.sbt.packager.linux.LinuxPlugin)))
[debug] Clause(Atom(com.typesafe.sbt.packager.universal.UniversalDeployPlugin),Set(Atom(com.typesafe.sbt.packager.universal.UniversalPlugin)))
[debug] Clause(Atom(com.typesafe.sbt.packager.universal.UniversalPlugin),Set(Atom(com.typesafe.sbt.SbtNativePackager)))
[debug] Clause(Atom(com.typesafe.sbt.packager.windows.WindowsDeployPlugin),Set(Atom(com.typesafe.sbt.packager.windows.WindowsPlugin)))
[debug] Clause(Atom(com.typesafe.sbt.packager.windows.WindowsPlugin),Set(Atom(com.typesafe.sbt.packager.universal.UniversalPlugin)))
[debug] Clause(Atom(com.lightbend.sbt.javaagent.JavaAgent),Set(Atom(sbt.plugins.JvmPlugin)))
[debug] Clause(Atom(com.lightbend.sbt.javaagent.JavaAgentPackaging),Set(Atom(com.lightbend.sbt.javaagent.JavaAgent)))
[debug] Clause(Atom(com.lightbend.sbt.javaagent.JavaAgentPackaging),Set(Atom(com.typesafe.sbt.packager.archetypes.JavaAppPackaging)))
[debug] Clause(Atom(com.typesafe.sbt.web.SbtWeb),Set(Atom(sbt.plugins.JvmPlugin)))
[debug] Clause(Atom(com.typesafe.sbt.jse.SbtJsEngine),Set(Atom(com.typesafe.sbt.web.SbtWeb)))
[debug] Clause(Atom(com.typesafe.sbt.jse.SbtJsTask),Set(Atom(com.typesafe.sbt.jse.SbtJsEngine)))
[debug] Clause(Atom(sbt.plugins.CorePlugin),Set(Atom(sbt.plugins.IvyPlugin)))
[debug] Clause(Atom(sbt.plugins.IvyPlugin),Set(Atom(sbt.plugins.JvmPlugin)))
[debug] Clause(Atom(sbt.plugins.JvmPlugin),Set(Atom(sbt.plugins.SemanticdbPlugin)))
[debug] Clause(Atom(sbt.plugins.JvmPlugin),Set(Atom(sbt.plugins.JUnitXmlReportPlugin)))
[debug] Clause(Atom(sbt.plugins.CorePlugin),Set(Atom(sbt.plugins.Giter8TemplatePlugin)))
[debug] Clause(Atom(sbt.plugins.JvmPlugin),Set(Atom(sbt.plugins.MiniDependencyTreePlugin)))
[debug] Clause(Atom(play.sbt.PlayService),Set(Atom(play.sbt.PlayAkkaHttpServer)))
[debug] Clause(Atom(play.sbt.PlayWeb),Set(Atom(play.sbt.PlayFilters)))
[debug] Clause(Atom(play.sbt.PlayWeb),Set(Atom(play.sbt.PlayLayoutPlugin)))
[debug] Clause(Atom(play.sbt.PlayService),Set(Atom(play.sbt.PlayLogback)))
[debug] Clause(Atom(com.typesafe.sbt.packager.archetypes.JavaAppPackaging),Set(Atom(com.typesafe.sbt.packager.archetypes.scripts.BashStartScriptPlugin)))
[debug] Clause(Atom(com.typesafe.sbt.packager.archetypes.JavaAppPackaging),Set(Atom(com.typesafe.sbt.packager.archetypes.scripts.BatStartScriptPlugin)))
[debug] Clause(And(Set(Atom(com.lightbend.sbt.javaagent.JavaAgent), Atom(com.typesafe.sbt.packager.archetypes.JavaAppPackaging))),Set(Atom(com.lightbend.sbt.javaagent.JavaAgentPackaging)))
[debug] Clause(Atom(com.typesafe.sbt.web.SbtWeb),Set(Atom(com.typesafe.sbt.jse.SbtJsEngine)))
[debug] Clause(Atom(com.typesafe.sbt.jse.SbtJsEngine),Set(Atom(com.typesafe.sbt.jse.SbtJsTask))))
[debug]   :: deduced result: Matched(sbt.plugins.CorePlugin,play.ebean.sbt.PlayEbean,play.sbt.PlayJava,sbt.plugins.Giter8TemplatePlugin,sbt.plugins.IvyPlugin,sbt.plugins.JvmPlugin,play.sbt.PlayWeb,play.twirl.sbt.SbtTwirl,play.sbt.PlayService,sbt.plugins.SemanticdbPlugin,sbt.plugins.JUnitXmlReportPlugin,play.sbt.PlayFilters,play.sbt.PlayLayoutPlugin,play.sbt.routes.RoutesCompiler,com.typesafe.sbt.jse.SbtJsTask,sbt.plugins.MiniDependencyTreePlugin,play.sbt.PlayLogback,play.sbt.PlayAkkaHttpServer,com.typesafe.sbt.jse.SbtJsEngine,com.typesafe.sbt.packager.archetypes.JavaServerAppPackaging,com.typesafe.sbt.web.SbtWeb,com.typesafe.sbt.packager.archetypes.JavaAppPackaging,com.typesafe.sbt.packager.rpm.RpmPlugin,com.typesafe.sbt.packager.archetypes.scripts.BashStartScriptPlugin,com.typesafe.sbt.packager.windows.WindowsPlugin,com.typesafe.sbt.packager.archetypes.scripts.BatStartScriptPlugin,com.typesafe.sbt.packager.docker.DockerPlugin,com.typesafe.sbt.packager.debian.DebianPlugin,com.typesafe.sbt.packager.universal.UniversalPlugin,com.typesafe.sbt.packager.linux.LinuxPlugin,com.typesafe.sbt.SbtNativePackager)
[debug] Plugins.deducer#function took 39.4711 ms
[info] loading settings for project root from build.sbt ...
[debug]         Load.resolveProject(root) took 260.6053ms
[debug]       Load.loadTransitive: finalizeProject(Project(id root, base: C:\Users\André ISCTE\Documents\canteen_management, plugins: List(play.sbt.PlayJava && play.ebean.sbt.PlayEbean))) took 304.3584ms
[debug] [Loading] Done in C:\Users\André ISCTE\Documents\canteen_management, returning: (root)
[debug]     Load.loadUnit: loadedProjectsRaw took 462.4353ms
[debug]     Load.loadUnit: cleanEvalClasses took 1.883ms
[debug]   Load.loadUnit(file:/C:/Users/André%20ISCTE/Documents/canteen_management/, ...) took 3577.9214ms
[debug] Load.apply: load took 3582.7752ms
[debug] Load.apply: resolveProjects took 0.3004ms
[debug] Load.apply: finalTransforms took 40.7689ms
[debug] Load.apply: config.delegates took 2.2825ms
[debug] Load.apply: Def.make(settings)... took 255.148ms
[debug] Load.apply: structureIndex took 104.3515ms
[debug] Load.apply: mkStreams took 0.0263ms
[info]   __              __
[info]   \ \     ____   / /____ _ __  __
[info]    \ \   / __ \ / // __ `// / / /
[info]    / /  / /_/ // // /_/ // /_/ /
[info]   /_/  / .___//_/ \__,_/ \__, /
[info]       /_/               /____/
[info] 
[info] Version 2.8.18 running Java 11.0.17
[info] 
[info] Play is run entirely by the community. Please consider contributing and/or donating:
[info] https://www.playframework.com/sponsors
[info] 
[debug] > Exec(sbtPopOnFailure, None, None)
[debug] > Exec(resumeFromFailure, None, None)
[debug] > Exec(notifyUsersAboutShell, None, None)
[debug] > Exec(iflast shell, None, None)
[debug] > Exec(run, None, None)
[debug] Evaluating tasks: Compile / run
[debug] Running task... Cancel: Signal, check cycles: false, forcegc: true
[debug] Running task... Cancel: Signal, check cycles: false, forcegc: true
[error] [Error] C:\Users\André ISCTE\Documents\canteen_management\app\views\Canteens\canteen.scala.html:125
[error] }: Expected '}' but found 'EOF'
[error] (Compile / twirlCompileTemplates) Twirl compilation failed
[debug] Running task... Cancel: Signal, check cycles: false, forcegc: true
[debug] Running task... Cancel: Signal, check cycles: false, forcegc: true
[debug] Running task... Cancel: Signal, check cycles: false, forcegc: true
[info] compiling 1 Scala source and 2 Java sources to C:\Users\André ISCTE\Documents\canteen_management\target\scala-2.13\classes ...
[info] done compiling
[info] compiling 2 Java sources to C:\Users\André ISCTE\Documents\canteen_management\target\scala-2.13\classes ...
[error] C:\Users\André ISCTE\Documents\canteen_management\app\controllers\CanteenController.java:26:1: method render in class views.html.Canteens.canteen cannot be applied to given types;
[error]   required: models.Canteen,models.Menu
[error]   found: models.Canteen,models.Dish,models.Menu
[error]   reason: actual and formal argument lists differ in length
[error] views.html.Canteens.canteen.render
[error] (Compile / compileIncremental) javac returned non-zero exit code
[debug] Running task... Cancel: Signal, check cycles: false, forcegc: true
[debug] Running task... Cancel: Signal, check cycles: false, forcegc: true
[debug] Running task... Cancel: Signal, check cycles: false, forcegc: true
[info] compiling 1 Scala source and 3 Java sources to C:\Users\André ISCTE\Documents\canteen_management\target\scala-2.13\classes ...
[info] done compiling
[info] compiling 1 Scala source and 1 Java source to C:\Users\André ISCTE\Documents\canteen_management\target\scala-2.13\classes ...
[info] done compiling
[info] compiling 1 Java source to C:\Users\André ISCTE\Documents\canteen_management\target\scala-2.13\classes ...
[info] done compiling
[debug] Running task... Cancel: Signal, check cycles: false, forcegc: true
[debug] Exporting web-assets:play-java-ebean-example
[info] compiling 40 Scala sources and 31 Java sources to C:\Users\André ISCTE\Documents\canteen_management\target\scala-2.13\classes ...
[info] done compiling
[debug] Running task... Cancel: Signal, check cycles: false, forcegc: true
[debug] Running task... Cancel: Signal, check cycles: false, forcegc: true
[debug] Running task... Cancel: Signal, check cycles: false, forcegc: true
[debug] Exporting web-assets:play-java-ebean-example
[debug] Running task... Cancel: Signal, check cycles: false, forcegc: true
[debug] Running task... Cancel: Signal, check cycles: false, forcegc: true
[debug] Running task... Cancel: Signal, check cycles: false, forcegc: true
[debug] Exporting web-assets:play-java-ebean-example
[debug] Running task... Cancel: Signal, check cycles: false, forcegc: true
[debug] Running task... Cancel: Signal, check cycles: false, forcegc: true
[info] compiling 1 Scala source and 1 Java source to C:\Users\André ISCTE\Documents\canteen_management\target\scala-2.13\classes ...
[error] C:\Users\André ISCTE\Documents\canteen_management\app\views\Templates\createMenuCard.scala.html:117:73: value SaveMenu is not a member of controllers.ReverseAdministrator
[error]                         <form action="@controllers.routes.Administrator.SaveMenu(menu.getId())" method="post">
[error]                                                                         ^
[error] C:\Users\André ISCTE\Documents\canteen_management\app\views\Templates\createMenuCard.scala.html:117:82: not found: value menu
[error]                         <form action="@controllers.routes.Administrator.SaveMenu(menu.getId())" method="post">
[error]                                                                                  ^
[error] two errors found
[debug] Forcing garbage collection...
[error] (Compile / compileIncremental) Compilation failed
[debug] Running task... Cancel: Signal, check cycles: false, forcegc: true
[debug] Running task... Cancel: Signal, check cycles: false, forcegc: true
[debug] Running task... Cancel: Signal, check cycles: false, forcegc: true
[info] compiling 1 Scala source and 1 Java source to C:\Users\André ISCTE\Documents\canteen_management\target\scala-2.13\classes ...
[info] done compiling
[info] compiling 5 Scala sources to C:\Users\André ISCTE\Documents\canteen_management\target\scala-2.13\classes ...
[error] C:\Users\André ISCTE\Documents\canteen_management\app\views\Management\Arconia\manage_menus_arc.scala.html:2:30: not enough arguments for method apply: (users: java.util.List[models.Menu], r: play.mvc.Http.Request): play.twirl.api.HtmlFormat.Appendable in object createMenuCard.
[error] Unspecified value parameters users, r.
[error]     @Templates.createMenuCard()
[error]                              ^
[error] C:\Users\André ISCTE\Documents\canteen_management\app\views\Management\TheLastDrop\manage_menus_tld.scala.html:2:30: not enough arguments for method apply: (users: java.util.List[models.Menu], r: play.mvc.Http.Request): play.twirl.api.HtmlFormat.Appendable in object createMenuCard.
[error] Unspecified value parameters users, r.
[error]     @Templates.createMenuCard()
[error]                              ^
[error] C:\Users\André ISCTE\Documents\canteen_management\app\views\Management\TheLastDrop\manage_menus_tld.scala.html:3:30: not enough arguments for method apply: (users: java.util.List[models.Menu], r: play.mvc.Http.Request): play.twirl.api.HtmlFormat.Appendable in object createMenuCard.
[error] Unspecified value parameters users, r.
[error]     @Templates.createMenuCard()
[error]                              ^
[error] C:\Users\André ISCTE\Documents\canteen_management\app\views\Management\TheLastDrop\manage_menus_tld.scala.html:4:30: not enough arguments for method apply: (users: java.util.List[models.Menu], r: play.mvc.Http.Request): play.twirl.api.HtmlFormat.Appendable in object createMenuCard.
[error] Unspecified value parameters users, r.
[error]     @Templates.createMenuCard()
[error]                              ^
[error] C:\Users\André ISCTE\Documents\canteen_management\app\views\Management\TheLastDrop\manage_menus_tld.scala.html:5:30: not enough arguments for method apply: (users: java.util.List[models.Menu], r: play.mvc.Http.Request): play.twirl.api.HtmlFormat.Appendable in object createMenuCard.
[error] Unspecified value parameters users, r.
[error]     @Templates.createMenuCard()
[error]                              ^
[error] C:\Users\André ISCTE\Documents\canteen_management\app\views\Management\TheLastDrop\manage_menus_tld.scala.html:6:30: not enough arguments for method apply: (users: java.util.List[models.Menu], r: play.mvc.Http.Request): play.twirl.api.HtmlFormat.Appendable in object createMenuCard.
[error] Unspecified value parameters users, r.
[error]     @Templates.createMenuCard()
[error]                              ^
[error] C:\Users\André ISCTE\Documents\canteen_management\app\views\Management\TheLastDrop\manage_menus_tld.scala.html:7:30: not enough arguments for method apply: (users: java.util.List[models.Menu], r: play.mvc.Http.Request): play.twirl.api.HtmlFormat.Appendable in object createMenuCard.
[error] Unspecified value parameters users, r.
[error]     @Templates.createMenuCard()
[error]                              ^
[error] C:\Users\André ISCTE\Documents\canteen_management\app\views\Management\TheLastDrop\manage_menus_tld.scala.html:8:30: not enough arguments for method apply: (users: java.util.List[models.Menu], r: play.mvc.Http.Request): play.twirl.api.HtmlFormat.Appendable in object createMenuCard.
[error] Unspecified value parameters users, r.
[error]     @Templates.createMenuCard()
[error]                              ^
[error] C:\Users\André ISCTE\Documents\canteen_management\app\views\Management\TheLeakyCauldron\manage_menus_tlc.scala.html:2:30: not enough arguments for method apply: (users: java.util.List[models.Menu], r: play.mvc.Http.Request): play.twirl.api.HtmlFormat.Appendable in object createMenuCard.
[error] Unspecified value parameters users, r.
[error]     @Templates.createMenuCard()
[error]                              ^
[error] C:\Users\André ISCTE\Documents\canteen_management\app\views\Management\TheLeakyCauldron\manage_menus_tlc.scala.html:3:30: not enough arguments for method apply: (users: java.util.List[models.Menu], r: play.mvc.Http.Request): play.twirl.api.HtmlFormat.Appendable in object createMenuCard.
[error] Unspecified value parameters users, r.
[error]     @Templates.createMenuCard()
[error]                              ^
[error] C:\Users\André ISCTE\Documents\canteen_management\app\views\Management\TheLeakyCauldron\manage_menus_tlc.scala.html:4:30: not enough arguments for method apply: (users: java.util.List[models.Menu], r: play.mvc.Http.Request): play.twirl.api.HtmlFormat.Appendable in object createMenuCard.
[error] Unspecified value parameters users, r.
[error]     @Templates.createMenuCard()
[error]                              ^
[error] C:\Users\André ISCTE\Documents\canteen_management\app\views\Management\TheLeakyCauldron\manage_menus_tlc.scala.html:5:30: not enough arguments for method apply: (users: java.util.List[models.Menu], r: play.mvc.Http.Request): play.twirl.api.HtmlFormat.Appendable in object createMenuCard.
[error] Unspecified value parameters users, r.
[error]     @Templates.createMenuCard()
[error]                              ^
[error] C:\Users\André ISCTE\Documents\canteen_management\app\views\Management\TheLeakyCauldron\manage_menus_tlc.scala.html:6:30: not enough arguments for method apply: (users: java.util.List[models.Menu], r: play.mvc.Http.Request): play.twirl.api.HtmlFormat.Appendable in object createMenuCard.
[error] Unspecified value parameters users, r.
[error]     @Templates.createMenuCard()
[error]                              ^
[error] C:\Users\André ISCTE\Documents\canteen_management\app\views\Management\TheLeakyCauldron\manage_menus_tlc.scala.html:7:30: not enough arguments for method apply: (users: java.util.List[models.Menu], r: play.mvc.Http.Request): play.twirl.api.HtmlFormat.Appendable in object createMenuCard.
[error] Unspecified value parameters users, r.
[error]     @Templates.createMenuCard()
[error]                              ^
[error] C:\Users\André ISCTE\Documents\canteen_management\app\views\Management\TheLeakyCauldron\manage_menus_tlc.scala.html:8:30: not enough arguments for method apply: (users: java.util.List[models.Menu], r: play.mvc.Http.Request): play.twirl.api.HtmlFormat.Appendable in object createMenuCard.
[error] Unspecified value parameters users, r.
[error]     @Templates.createMenuCard()
[error]                              ^
[error] C:\Users\André ISCTE\Documents\canteen_management\app\views\Management\WaverlySubStation\manage_menus_wss.scala.html:2:30: not enough arguments for method apply: (users: java.util.List[models.Menu], r: play.mvc.Http.Request): play.twirl.api.HtmlFormat.Appendable in object createMenuCard.
[error] Unspecified value parameters users, r.
[error]     @Templates.createMenuCard()
[error]                              ^
[error] C:\Users\André ISCTE\Documents\canteen_management\app\views\Management\WaverlySubStation\manage_menus_wss.scala.html:3:30: not enough arguments for method apply: (users: java.util.List[models.Menu], r: play.mvc.Http.Request): play.twirl.api.HtmlFormat.Appendable in object createMenuCard.
[error] Unspecified value parameters users, r.
[error]     @Templates.createMenuCard()
[error]                              ^
[error] C:\Users\André ISCTE\Documents\canteen_management\app\views\Management\WaverlySubStation\manage_menus_wss.scala.html:4:30: not enough arguments for method apply: (users: java.util.List[models.Menu], r: play.mvc.Http.Request): play.twirl.api.HtmlFormat.Appendable in object createMenuCard.
[error] Unspecified value parameters users, r.
[error]     @Templates.createMenuCard()
[error]                              ^
[error] C:\Users\André ISCTE\Documents\canteen_management\app\views\Management\WaverlySubStation\manage_menus_wss.scala.html:5:30: not enough arguments for method apply: (users: java.util.List[models.Menu], r: play.mvc.Http.Request): play.twirl.api.HtmlFormat.Appendable in object createMenuCard.
[error] Unspecified value parameters users, r.
[error]     @Templates.createMenuCard()
[error]                              ^
[error] C:\Users\André ISCTE\Documents\canteen_management\app\views\Management\WaverlySubStation\manage_menus_wss.scala.html:6:30: not enough arguments for method apply: (users: java.util.List[models.Menu], r: play.mvc.Http.Request): play.twirl.api.HtmlFormat.Appendable in object createMenuCard.
[error] Unspecified value parameters users, r.
[error]     @Templates.createMenuCard()
[error]                              ^
[error] C:\Users\André ISCTE\Documents\canteen_management\app\views\Management\WaverlySubStation\manage_menus_wss.scala.html:7:30: not enough arguments for method apply: (users: java.util.List[models.Menu], r: play.mvc.Http.Request): play.twirl.api.HtmlFormat.Appendable in object createMenuCard.
[error] Unspecified value parameters users, r.
[error]     @Templates.createMenuCard()
[error]                              ^
[error] C:\Users\André ISCTE\Documents\canteen_management\app\views\Management\WaverlySubStation\manage_menus_wss.scala.html:8:30: not enough arguments for method apply: (users: java.util.List[models.Menu], r: play.mvc.Http.Request): play.twirl.api.HtmlFormat.Appendable in object createMenuCard.
[error] Unspecified value parameters users, r.
[error]     @Templates.createMenuCard()
[error]                              ^
[error] 22 errors found
[error] (Compile / compileIncremental) Compilation failed
[debug] Running task... Cancel: Signal, check cycles: false, forcegc: true
[debug] Running task... Cancel: Signal, check cycles: false, forcegc: true
[debug] Running task... Cancel: Signal, check cycles: false, forcegc: true
[info] compiling 1 Scala source and 1 Java source to C:\Users\André ISCTE\Documents\canteen_management\target\scala-2.13\classes ...
[info] done compiling
[info] compiling 1 Scala source to C:\Users\André ISCTE\Documents\canteen_management\target\scala-2.13\classes ...
[info] done compiling
[debug] Running task... Cancel: Signal, check cycles: false, forcegc: true
[debug] Exporting web-assets:play-java-ebean-example
[info] compiling 40 Scala sources and 31 Java sources to C:\Users\André ISCTE\Documents\canteen_management\target\scala-2.13\classes ...
